   1              	# 1 "board/common/calypso_pwl.S"
   1              	
   0              	
   0              	
   2              	/* Calypso PWL driver */
   3              	
   4              	#define ASIC_CONF_REG	0xfffef008
   5              	#define BA_PWL		0xfffe8000
   6              	
   7              	.globl pwl_init
   8 0000 24109FE5 	pwl_init:	ldr	r1, =ASIC_CONF_REG
   9 0004 002091E5 			ldr	r2, [r1]
  10 0008 102082E3 			orr	r2, r2, #0x10		@ set light output to PWL
  11 000c 002081E5 			str	r2, [r1]
  12 0010 18109FE5 			ldr	r1, =BA_PWL
  13 0014 0100A0E3 			mov	r0, #1
  14 0018 0100C1E5 			strb	r0, [r1, #1]		@ enable clock of PWL unut
  15 001c 0EF0A0E1 			mov	pc, lr
  16              	
  17              	.globl pwl_set_level
  18 0020 08109FE5 	pwl_set_level:	ldr	r1, =BA_PWL
  19 0024 0000C1E5 			strb	r0, [r1]
  20 0028 0EF0A0E1 			mov	pc, lr
  20      08F0FEFF 
  20      0080FEFF 
DEFINED SYMBOLS
board/common/calypso_pwl.S:8      .text:0000000000000000 pwl_init
board/common/calypso_pwl.S:8      .text:0000000000000000 $a
board/common/calypso_pwl.S:18     .text:0000000000000020 pwl_set_level
board/common/calypso_pwl.S:20     .text:000000000000002c $d

NO UNDEFINED SYMBOLS
