   1              		.file	"rf_power.c"
   9              	.Ltext0:
  10              		.cfi_sections	.debug_frame
  11              		.global	dbm2apc_gsm900
  12              		.global	dbm2apc_gsm900_max
  13              		.section	.rodata
  14              		.align	2
  17              	dbm2apc_gsm900:
  18 0000 9700     		.short	151
  19 0002 9800     		.short	152
  20 0004 9900     		.short	153
  21 0006 9B00     		.short	155
  22 0008 9C00     		.short	156
  23 000a 9E00     		.short	158
  24 000c A000     		.short	160
  25 000e A200     		.short	162
  26 0010 A400     		.short	164
  27 0012 A700     		.short	167
  28 0014 AA00     		.short	170
  29 0016 AD00     		.short	173
  30 0018 B100     		.short	177
  31 001a B600     		.short	182
  32 001c BB00     		.short	187
  33 001e C000     		.short	192
  34 0020 C700     		.short	199
  35 0022 CE00     		.short	206
  36 0024 D600     		.short	214
  37 0026 DF00     		.short	223
  38 0028 E900     		.short	233
  39 002a F400     		.short	244
  40 002c 0401     		.short	260
  41 002e 0F01     		.short	271
  42 0030 2001     		.short	288
  43 0032 3301     		.short	307
  44 0034 4701     		.short	327
  45 0036 5E01     		.short	350
  46 0038 7801     		.short	376
  47 003a 9701     		.short	407
  48 003c C801     		.short	456
  49 003e 3F02     		.short	575
  52              	dbm2apc_gsm900_max:
  53 0040 1F000000 		.word	31
  54              		.text
  55              	.Letext0:
  56              		.file 1 "board/compal/rf_power.c"
  57              		.file 2 "/home/z00/gnuarm/install/lib/gcc/arm-elf/4.5.2/../../../../arm-elf/sys-include/stdint.h"
DEFINED SYMBOLS
                            *ABS*:0000000000000000 rf_power.c
     /tmp/ccxJ71FJ.s:17     .rodata:0000000000000000 dbm2apc_gsm900
     /tmp/ccxJ71FJ.s:52     .rodata:0000000000000040 dbm2apc_gsm900_max
     /tmp/ccxJ71FJ.s:14     .rodata:0000000000000000 $d

NO UNDEFINED SYMBOLS
