   1              		.file	"dummy.c"
   9              	.Ltext0:
  10              		.cfi_sections	.debug_frame
  11              		.section	.text.battery_dummy_init,"ax",%progbits
  12              		.align	2
  13              		.global	battery_dummy_init
  15              	battery_dummy_init:
  16              	.LFB0:
  17              		.file 1 "battery/dummy.c"
   1:battery/dummy.c **** #include <battery/battery.h>
   2:battery/dummy.c **** 
   3:battery/dummy.c **** /* Battery Management: Dummy file when no charging logic exists. */
   4:battery/dummy.c **** struct battery_info battery_info;
   5:battery/dummy.c **** 
   6:battery/dummy.c **** void battery_dummy_init(){
  18              		.loc 1 6 0
  19              		.cfi_startproc
  20              		@ args = 0, pretend = 0, frame = 0
  21              		@ frame_needed = 0, uses_anonymous_args = 0
  22              		@ link register save eliminated.
   7:battery/dummy.c **** 	battery_info.flags = BATTERY_FAILURE; /* not implemented */
  23              		.loc 1 7 0
  24 0000 08309FE5 		ldr	r3, .L2
  25 0004 0820A0E3 		mov	r2, #8
  26 0008 002083E5 		str	r2, [r3, #0]
   8:battery/dummy.c **** }
  27              		.loc 1 8 0
  28 000c 1EFF2FE1 		bx	lr
  29              	.L3:
  30              		.align	2
  31              	.L2:
  32 0010 00000000 		.word	battery_info
  33              		.cfi_endproc
  34              	.LFE0:
  36              		.comm	battery_info,20,4
  37              		.text
  38              	.Letext0:
  39              		.file 2 "include/battery/battery.h"
DEFINED SYMBOLS
                            *ABS*:0000000000000000 dummy.c
     /tmp/cc5Baryh.s:12     .text.battery_dummy_init:0000000000000000 $a
     /tmp/cc5Baryh.s:15     .text.battery_dummy_init:0000000000000000 battery_dummy_init
     /tmp/cc5Baryh.s:32     .text.battery_dummy_init:0000000000000010 $d
                            *COM*:0000000000000014 battery_info
                     .debug_frame:0000000000000010 $d

NO UNDEFINED SYMBOLS
