This file contains any messages produced by compilers while
running configure, to aid debugging if configure makes a mistake.

It was created by virtphy configure 0.0.0, which was
generated by GNU Autoconf 2.69.  Invocation command line was

  $ ./configure 

## --------- ##
## Platform. ##
## --------- ##

hostname = 0x66
uname -m = x86_64
uname -r = 4.10.0-33-generic
uname -s = Linux
uname -v = #37-Ubuntu SMP Fri Aug 11 10:55:28 UTC 2017

/usr/bin/uname -p = unknown
/bin/uname -X     = unknown

/bin/arch              = unknown
/usr/bin/arch -k       = unknown
/usr/convex/getsysinfo = unknown
/usr/bin/hostinfo      = unknown
/bin/machine           = unknown
/usr/bin/oslevel       = unknown
/bin/universe          = unknown

PATH: /usr/local/sbin
PATH: /usr/local/bin
PATH: /usr/sbin
PATH: /usr/bin
PATH: /sbin
PATH: /bin
PATH: /usr/games
PATH: /usr/local/games
PATH: /snap/bin
PATH: /home/z00/.rvm/bin
PATH: /home/z00/.rvm/bin
PATH: /home/z00/gnuarm/install/bin


## ----------- ##
## Core tests. ##
## ----------- ##

configure:1954: checking for a BSD-compatible install
configure:2022: result: /usr/bin/install -c
configure:2033: checking whether build environment is sane
configure:2088: result: yes
configure:2239: checking for a thread-safe mkdir -p
configure:2278: result: /bin/mkdir -p
configure:2285: checking for gawk
configure:2301: found /usr/bin/gawk
configure:2312: result: gawk
configure:2323: checking whether make sets $(MAKE)
configure:2345: result: yes
configure:2374: checking whether make supports nested variables
configure:2391: result: yes
configure:2529: checking whether make supports nested variables
configure:2546: result: yes
configure:2558: checking whether make sets $(MAKE)
configure:2580: result: yes
configure:2637: checking for gcc
configure:2653: found /usr/bin/gcc
configure:2664: result: gcc
configure:2893: checking for C compiler version
configure:2902: gcc --version >&5
gcc (Ubuntu 4.9.4-2ubuntu1) 4.9.4
Copyright (C) 2015 Free Software Foundation, Inc.
This is free software; see the source for copying conditions.  There is NO
warranty; not even for MERCHANTABILITY or FITNESS FOR A PARTICULAR PURPOSE.

configure:2913: $? = 0
configure:2902: gcc -v >&5
Using built-in specs.
COLLECT_GCC=gcc
COLLECT_LTO_WRAPPER=/usr/lib/gcc/x86_64-linux-gnu/4.9/lto-wrapper
Target: x86_64-linux-gnu
Configured with: ../src/configure -v --with-pkgversion='Ubuntu 4.9.4-2ubuntu1' --with-bugurl=file:///usr/share/doc/gcc-4.9/README.Bugs --enable-languages=c,c++,java,go,d,fortran,objc,obj-c++ --prefix=/usr --program-suffix=-4.9 --enable-shared --enable-linker-build-id --libexecdir=/usr/lib --without-included-gettext --enable-threads=posix --with-gxx-include-dir=/usr/include/c++/4.9 --libdir=/usr/lib --enable-nls --with-sysroot=/ --enable-clocale=gnu --enable-libstdcxx-debug --enable-libstdcxx-time=yes --enable-gnu-unique-object --disable-vtable-verify --enable-plugin --with-system-zlib --disable-browser-plugin --enable-java-awt=gtk --enable-gtk-cairo --with-java-home=/usr/lib/jvm/java-1.5.0-gcj-4.9-amd64/jre --enable-java-home --with-jvm-root-dir=/usr/lib/jvm/java-1.5.0-gcj-4.9-amd64 --with-jvm-jar-dir=/usr/lib/jvm-exports/java-1.5.0-gcj-4.9-amd64 --with-arch-directory=amd64 --with-ecj-jar=/usr/share/java/eclipse-ecj.jar --enable-objc-gc --enable-multiarch --disable-werror --with-arch-32=i686 --with-abi=m64 --with-multilib-list=m32,m64,mx32 --enable-multilib --with-tune=generic --enable-checking=release --build=x86_64-linux-gnu --host=x86_64-linux-gnu --target=x86_64-linux-gnu
Thread model: posix
gcc version 4.9.4 (Ubuntu 4.9.4-2ubuntu1) 
configure:2913: $? = 0
configure:2902: gcc -V >&5
gcc: error: unrecognized command line option '-V'
gcc: fatal error: no input files
compilation terminated.
configure:2913: $? = 4
configure:2902: gcc -qversion >&5
gcc: error: unrecognized command line option '-qversion'
gcc: fatal error: no input files
compilation terminated.
configure:2913: $? = 4
configure:2933: checking whether the C compiler works
configure:2955: gcc    conftest.c  >&5
configure:2959: $? = 0
configure:3007: result: yes
configure:3010: checking for C compiler default output file name
configure:3012: result: a.out
configure:3018: checking for suffix of executables
configure:3025: gcc -o conftest    conftest.c  >&5
configure:3029: $? = 0
configure:3051: result: 
configure:3073: checking whether we are cross compiling
configure:3081: gcc -o conftest    conftest.c  >&5
configure:3085: $? = 0
configure:3092: ./conftest
configure:3096: $? = 0
configure:3111: result: no
configure:3116: checking for suffix of object files
configure:3138: gcc -c   conftest.c >&5
configure:3142: $? = 0
configure:3163: result: o
configure:3167: checking whether we are using the GNU C compiler
configure:3186: gcc -c   conftest.c >&5
configure:3186: $? = 0
configure:3195: result: yes
configure:3204: checking whether gcc accepts -g
configure:3224: gcc -c -g  conftest.c >&5
configure:3224: $? = 0
configure:3265: result: yes
configure:3282: checking for gcc option to accept ISO C89
configure:3345: gcc  -c -g -O2  conftest.c >&5
configure:3345: $? = 0
configure:3358: result: none needed
configure:3383: checking whether gcc understands -c and -o together
configure:3405: gcc -c conftest.c -o conftest2.o
configure:3408: $? = 0
configure:3405: gcc -c conftest.c -o conftest2.o
configure:3408: $? = 0
configure:3420: result: yes
configure:3448: checking for style of include used by make
configure:3476: result: GNU
configure:3502: checking dependency style of gcc
configure:3613: result: gcc3
configure:3684: checking for pkg-config
configure:3702: found /usr/bin/pkg-config
configure:3714: result: /usr/bin/pkg-config
configure:3739: checking pkg-config is at least version 0.9.0
configure:3742: result: yes
configure:3752: checking for LIBOSMOCORE
configure:3759: $PKG_CONFIG --exists --print-errors "libosmocore"
configure:3762: $? = 0
configure:3776: $PKG_CONFIG --exists --print-errors "libosmocore"
configure:3779: $? = 0
configure:3837: result: yes
configure:3843: checking for LIBOSMOGSM
configure:3850: $PKG_CONFIG --exists --print-errors "libosmogsm"
configure:3853: $? = 0
configure:3867: $PKG_CONFIG --exists --print-errors "libosmogsm"
configure:3870: $? = 0
configure:3928: result: yes
configure:3939: checking how to run the C preprocessor
configure:3970: gcc -E  conftest.c
configure:3970: $? = 0
configure:3984: gcc -E  conftest.c
conftest.c:11:28: fatal error: ac_nonexistent.h: No such file or directory
 #include <ac_nonexistent.h>
                            ^
compilation terminated.
configure:3984: $? = 1
configure: failed program was:
| /* confdefs.h */
| #define PACKAGE_NAME "virtphy"
| #define PACKAGE_TARNAME "virtphy"
| #define PACKAGE_VERSION "0.0.0"
| #define PACKAGE_STRING "virtphy 0.0.0"
| #define PACKAGE_BUGREPORT ""
| #define PACKAGE_URL ""
| #define PACKAGE "virtphy"
| #define VERSION "0.0.0"
| /* end confdefs.h.  */
| #include <ac_nonexistent.h>
configure:4009: result: gcc -E
configure:4029: gcc -E  conftest.c
configure:4029: $? = 0
configure:4043: gcc -E  conftest.c
conftest.c:11:28: fatal error: ac_nonexistent.h: No such file or directory
 #include <ac_nonexistent.h>
                            ^
compilation terminated.
configure:4043: $? = 1
configure: failed program was:
| /* confdefs.h */
| #define PACKAGE_NAME "virtphy"
| #define PACKAGE_TARNAME "virtphy"
| #define PACKAGE_VERSION "0.0.0"
| #define PACKAGE_STRING "virtphy 0.0.0"
| #define PACKAGE_BUGREPORT ""
| #define PACKAGE_URL ""
| #define PACKAGE "virtphy"
| #define VERSION "0.0.0"
| /* end confdefs.h.  */
| #include <ac_nonexistent.h>
configure:4072: checking for grep that handles long lines and -e
configure:4130: result: /bin/grep
configure:4135: checking for egrep
configure:4197: result: /bin/grep -E
configure:4202: checking for ANSI C header files
configure:4222: gcc -c -g -O2  conftest.c >&5
configure:4222: $? = 0
configure:4295: gcc -o conftest -g -O2   conftest.c  >&5
configure:4295: $? = 0
configure:4295: ./conftest
configure:4295: $? = 0
configure:4306: result: yes
configure:4426: checking that generated files are newer than configure
configure:4432: result: done
configure:4455: creating ./config.status

## ---------------------- ##
## Running config.status. ##
## ---------------------- ##

This file was extended by virtphy config.status 0.0.0, which was
generated by GNU Autoconf 2.69.  Invocation command line was

  CONFIG_FILES    = 
  CONFIG_HEADERS  = 
  CONFIG_LINKS    = 
  CONFIG_COMMANDS = 
  $ ./config.status 

on 0x66

config.status:853: creating Makefile
config.status:853: creating include/Makefile
config.status:853: creating src/Makefile
config.status:853: creating config.h
config.status:1082: executing depfiles commands

## ---------------- ##
## Cache variables. ##
## ---------------- ##

ac_cv_c_compiler_gnu=yes
ac_cv_env_CC_set=
ac_cv_env_CC_value=
ac_cv_env_CFLAGS_set=
ac_cv_env_CFLAGS_value=
ac_cv_env_CPPFLAGS_set=
ac_cv_env_CPPFLAGS_value=
ac_cv_env_CPP_set=
ac_cv_env_CPP_value=
ac_cv_env_LDFLAGS_set=
ac_cv_env_LDFLAGS_value=
ac_cv_env_LIBOSMOCORE_CFLAGS_set=
ac_cv_env_LIBOSMOCORE_CFLAGS_value=
ac_cv_env_LIBOSMOCORE_LIBS_set=
ac_cv_env_LIBOSMOCORE_LIBS_value=
ac_cv_env_LIBOSMOGSM_CFLAGS_set=
ac_cv_env_LIBOSMOGSM_CFLAGS_value=
ac_cv_env_LIBOSMOGSM_LIBS_set=
ac_cv_env_LIBOSMOGSM_LIBS_value=
ac_cv_env_LIBS_set=
ac_cv_env_LIBS_value=
ac_cv_env_PKG_CONFIG_LIBDIR_set=
ac_cv_env_PKG_CONFIG_LIBDIR_value=
ac_cv_env_PKG_CONFIG_PATH_set=
ac_cv_env_PKG_CONFIG_PATH_value=
ac_cv_env_PKG_CONFIG_set=
ac_cv_env_PKG_CONFIG_value=
ac_cv_env_build_alias_set=
ac_cv_env_build_alias_value=
ac_cv_env_host_alias_set=
ac_cv_env_host_alias_value=
ac_cv_env_target_alias_set=
ac_cv_env_target_alias_value=
ac_cv_header_stdc=yes
ac_cv_objext=o
ac_cv_path_EGREP='/bin/grep -E'
ac_cv_path_GREP=/bin/grep
ac_cv_path_ac_pt_PKG_CONFIG=/usr/bin/pkg-config
ac_cv_path_install='/usr/bin/install -c'
ac_cv_path_mkdir=/bin/mkdir
ac_cv_prog_AWK=gawk
ac_cv_prog_CPP='gcc -E'
ac_cv_prog_ac_ct_CC=gcc
ac_cv_prog_cc_c89=
ac_cv_prog_cc_g=yes
ac_cv_prog_make_make_set=yes
am_cv_CC_dependencies_compiler_type=gcc3
am_cv_make_support_nested_variables=yes
am_cv_prog_cc_c_o=yes
pkg_cv_LIBOSMOCORE_CFLAGS=-I/usr/local/include/
pkg_cv_LIBOSMOCORE_LIBS='-L/usr/local/lib -ltalloc -losmocore'
pkg_cv_LIBOSMOGSM_CFLAGS=-I/usr/local/include/
pkg_cv_LIBOSMOGSM_LIBS='-L/usr/local/lib -ltalloc -losmogsm -losmocore'

## ----------------- ##
## Output variables. ##
## ----------------- ##

ACLOCAL='${SHELL} /home/z00/osmocom-bb/src/host/virt_phy/missing aclocal-1.15'
AMDEPBACKSLASH='\'
AMDEP_FALSE='#'
AMDEP_TRUE=''
AMTAR='$${TAR-tar}'
AM_BACKSLASH='\'
AM_DEFAULT_V='$(AM_DEFAULT_VERBOSITY)'
AM_DEFAULT_VERBOSITY='0'
AM_V='$(V)'
AUTOCONF='${SHELL} /home/z00/osmocom-bb/src/host/virt_phy/missing autoconf'
AUTOHEADER='${SHELL} /home/z00/osmocom-bb/src/host/virt_phy/missing autoheader'
AUTOMAKE='${SHELL} /home/z00/osmocom-bb/src/host/virt_phy/missing automake-1.15'
AWK='gawk'
CC='gcc'
CCDEPMODE='depmode=gcc3'
CFLAGS='-g -O2'
CPP='gcc -E'
CPPFLAGS=''
CYGPATH_W='echo'
DEFS='-DHAVE_CONFIG_H'
DEPDIR='.deps'
ECHO_C=''
ECHO_N='-n'
ECHO_T=''
EGREP='/bin/grep -E'
EXEEXT=''
GREP='/bin/grep'
INSTALL_DATA='${INSTALL} -m 644'
INSTALL_PROGRAM='${INSTALL}'
INSTALL_SCRIPT='${INSTALL}'
INSTALL_STRIP_PROGRAM='$(install_sh) -c -s'
LDFLAGS=''
LIBOBJS=''
LIBOSMOCORE_CFLAGS='-I/usr/local/include/'
LIBOSMOCORE_LIBS='-L/usr/local/lib -ltalloc -losmocore'
LIBOSMOGSM_CFLAGS='-I/usr/local/include/'
LIBOSMOGSM_LIBS='-L/usr/local/lib -ltalloc -losmogsm -losmocore'
LIBS=''
LTLIBOBJS=''
MAKEINFO='${SHELL} /home/z00/osmocom-bb/src/host/virt_phy/missing makeinfo'
MKDIR_P='/bin/mkdir -p'
OBJEXT='o'
PACKAGE='virtphy'
PACKAGE_BUGREPORT=''
PACKAGE_NAME='virtphy'
PACKAGE_STRING='virtphy 0.0.0'
PACKAGE_TARNAME='virtphy'
PACKAGE_URL=''
PACKAGE_VERSION='0.0.0'
PATH_SEPARATOR=':'
PKG_CONFIG='/usr/bin/pkg-config'
PKG_CONFIG_LIBDIR=''
PKG_CONFIG_PATH=''
SET_MAKE=''
SHELL='/bin/bash'
STRIP=''
VERSION='0.0.0'
ac_ct_CC='gcc'
am__EXEEXT_FALSE=''
am__EXEEXT_TRUE='#'
am__fastdepCC_FALSE='#'
am__fastdepCC_TRUE=''
am__include='include'
am__isrc=''
am__leading_dot='.'
am__nodep='_no'
am__quote=''
am__tar='$${TAR-tar} chof - "$$tardir"'
am__untar='$${TAR-tar} xf -'
bindir='${exec_prefix}/bin'
build_alias=''
datadir='${datarootdir}'
datarootdir='${prefix}/share'
docdir='${datarootdir}/doc/${PACKAGE_TARNAME}'
dvidir='${docdir}'
exec_prefix='${prefix}'
host_alias=''
htmldir='${docdir}'
includedir='${prefix}/include'
infodir='${datarootdir}/info'
install_sh='${SHELL} /home/z00/osmocom-bb/src/host/virt_phy/install-sh'
libdir='${exec_prefix}/lib'
libexecdir='${exec_prefix}/libexec'
localedir='${datarootdir}/locale'
localstatedir='${prefix}/var'
mandir='${datarootdir}/man'
mkdir_p='$(MKDIR_P)'
oldincludedir='/usr/include'
pdfdir='${docdir}'
prefix='/usr/local'
program_transform_name='s,x,x,'
psdir='${docdir}'
runstatedir='${localstatedir}/run'
sbindir='${exec_prefix}/sbin'
sharedstatedir='${prefix}/com'
sysconfdir='${prefix}/etc'
target_alias=''

## ----------- ##
## confdefs.h. ##
## ----------- ##

/* confdefs.h */
#define PACKAGE_NAME "virtphy"
#define PACKAGE_TARNAME "virtphy"
#define PACKAGE_VERSION "0.0.0"
#define PACKAGE_STRING "virtphy 0.0.0"
#define PACKAGE_BUGREPORT ""
#define PACKAGE_URL ""
#define PACKAGE "virtphy"
#define VERSION "0.0.0"
#define STDC_HEADERS 1

configure: exit 0
