This file contains any messages produced by compilers while
running configure, to aid debugging if configure makes a mistake.

It was created by layer23 configure 0.0.0, which was
generated by GNU Autoconf 2.69.  Invocation command line was

  $ ./configure 

## --------- ##
## Platform. ##
## --------- ##

hostname = 0x66
uname -m = x86_64
uname -r = 4.10.0-33-generic
uname -s = Linux
uname -v = #37-Ubuntu SMP Fri Aug 11 10:55:28 UTC 2017

/usr/bin/uname -p = unknown
/bin/uname -X     = unknown

/bin/arch              = unknown
/usr/bin/arch -k       = unknown
/usr/convex/getsysinfo = unknown
/usr/bin/hostinfo      = unknown
/bin/machine           = unknown
/usr/bin/oslevel       = unknown
/bin/universe          = unknown

PATH: /usr/local/sbin
PATH: /usr/local/bin
PATH: /usr/sbin
PATH: /usr/bin
PATH: /sbin
PATH: /bin
PATH: /usr/games
PATH: /usr/local/games
PATH: /snap/bin
PATH: /home/z00/.rvm/bin
PATH: /home/z00/.rvm/bin
PATH: /home/z00/gnuarm/install/bin


## ----------- ##
## Core tests. ##
## ----------- ##

configure:2017: checking for a BSD-compatible install
configure:2085: result: /usr/bin/install -c
configure:2096: checking whether build environment is sane
configure:2151: result: yes
configure:2302: checking for a thread-safe mkdir -p
configure:2341: result: /bin/mkdir -p
configure:2348: checking for gawk
configure:2364: found /usr/bin/gawk
configure:2375: result: gawk
configure:2386: checking whether make sets $(MAKE)
configure:2408: result: yes
configure:2437: checking whether make supports nested variables
configure:2454: result: yes
configure:2592: checking whether make supports nested variables
configure:2609: result: yes
configure:2621: checking whether make sets $(MAKE)
configure:2643: result: yes
configure:2700: checking for gcc
configure:2716: found /usr/bin/gcc
configure:2727: result: gcc
configure:2956: checking for C compiler version
configure:2965: gcc --version >&5
gcc (Ubuntu 4.9.4-2ubuntu1) 4.9.4
Copyright (C) 2015 Free Software Foundation, Inc.
This is free software; see the source for copying conditions.  There is NO
warranty; not even for MERCHANTABILITY or FITNESS FOR A PARTICULAR PURPOSE.

configure:2976: $? = 0
configure:2965: gcc -v >&5
Using built-in specs.
COLLECT_GCC=gcc
COLLECT_LTO_WRAPPER=/usr/lib/gcc/x86_64-linux-gnu/4.9/lto-wrapper
Target: x86_64-linux-gnu
Configured with: ../src/configure -v --with-pkgversion='Ubuntu 4.9.4-2ubuntu1' --with-bugurl=file:///usr/share/doc/gcc-4.9/README.Bugs --enable-languages=c,c++,java,go,d,fortran,objc,obj-c++ --prefix=/usr --program-suffix=-4.9 --enable-shared --enable-linker-build-id --libexecdir=/usr/lib --without-included-gettext --enable-threads=posix --with-gxx-include-dir=/usr/include/c++/4.9 --libdir=/usr/lib --enable-nls --with-sysroot=/ --enable-clocale=gnu --enable-libstdcxx-debug --enable-libstdcxx-time=yes --enable-gnu-unique-object --disable-vtable-verify --enable-plugin --with-system-zlib --disable-browser-plugin --enable-java-awt=gtk --enable-gtk-cairo --with-java-home=/usr/lib/jvm/java-1.5.0-gcj-4.9-amd64/jre --enable-java-home --with-jvm-root-dir=/usr/lib/jvm/java-1.5.0-gcj-4.9-amd64 --with-jvm-jar-dir=/usr/lib/jvm-exports/java-1.5.0-gcj-4.9-amd64 --with-arch-directory=amd64 --with-ecj-jar=/usr/share/java/eclipse-ecj.jar --enable-objc-gc --enable-multiarch --disable-werror --with-arch-32=i686 --with-abi=m64 --with-multilib-list=m32,m64,mx32 --enable-multilib --with-tune=generic --enable-checking=release --build=x86_64-linux-gnu --host=x86_64-linux-gnu --target=x86_64-linux-gnu
Thread model: posix
gcc version 4.9.4 (Ubuntu 4.9.4-2ubuntu1) 
configure:2976: $? = 0
configure:2965: gcc -V >&5
gcc: error: unrecognized command line option '-V'
gcc: fatal error: no input files
compilation terminated.
configure:2976: $? = 4
configure:2965: gcc -qversion >&5
gcc: error: unrecognized command line option '-qversion'
gcc: fatal error: no input files
compilation terminated.
configure:2976: $? = 4
configure:2996: checking whether the C compiler works
configure:3018: gcc    conftest.c  >&5
configure:3022: $? = 0
configure:3070: result: yes
configure:3073: checking for C compiler default output file name
configure:3075: result: a.out
configure:3081: checking for suffix of executables
configure:3088: gcc -o conftest    conftest.c  >&5
configure:3092: $? = 0
configure:3114: result: 
configure:3136: checking whether we are cross compiling
configure:3144: gcc -o conftest    conftest.c  >&5
configure:3148: $? = 0
configure:3155: ./conftest
configure:3159: $? = 0
configure:3174: result: no
configure:3179: checking for suffix of object files
configure:3201: gcc -c   conftest.c >&5
configure:3205: $? = 0
configure:3226: result: o
configure:3230: checking whether we are using the GNU C compiler
configure:3249: gcc -c   conftest.c >&5
configure:3249: $? = 0
configure:3258: result: yes
configure:3267: checking whether gcc accepts -g
configure:3287: gcc -c -g  conftest.c >&5
configure:3287: $? = 0
configure:3328: result: yes
configure:3345: checking for gcc option to accept ISO C89
configure:3408: gcc  -c -g -O2  conftest.c >&5
configure:3408: $? = 0
configure:3421: result: none needed
configure:3446: checking whether gcc understands -c and -o together
configure:3468: gcc -c conftest.c -o conftest2.o
configure:3471: $? = 0
configure:3468: gcc -c conftest.c -o conftest2.o
configure:3471: $? = 0
configure:3483: result: yes
configure:3511: checking for style of include used by make
configure:3539: result: GNU
configure:3565: checking dependency style of gcc
configure:3676: result: gcc3
configure:3735: checking for ranlib
configure:3751: found /usr/bin/ranlib
configure:3762: result: ranlib
configure:3839: checking for pkg-config
configure:3857: found /usr/bin/pkg-config
configure:3869: result: /usr/bin/pkg-config
configure:3894: checking pkg-config is at least version 0.9.0
configure:3897: result: yes
configure:3907: checking for LIBOSMOCORE
configure:3914: $PKG_CONFIG --exists --print-errors "libosmocore"
configure:3917: $? = 0
configure:3931: $PKG_CONFIG --exists --print-errors "libosmocore"
configure:3934: $? = 0
configure:3992: result: yes
configure:3998: checking for LIBOSMOVTY
configure:4005: $PKG_CONFIG --exists --print-errors "libosmovty"
configure:4008: $? = 0
configure:4022: $PKG_CONFIG --exists --print-errors "libosmovty"
configure:4025: $? = 0
configure:4083: result: yes
configure:4089: checking for LIBOSMOGSM
configure:4096: $PKG_CONFIG --exists --print-errors "libosmogsm"
configure:4099: $? = 0
configure:4113: $PKG_CONFIG --exists --print-errors "libosmogsm"
configure:4116: $? = 0
configure:4174: result: yes
configure:4180: checking for LIBOSMOCODEC
configure:4187: $PKG_CONFIG --exists --print-errors "libosmocodec"
configure:4190: $? = 0
configure:4204: $PKG_CONFIG --exists --print-errors "libosmocodec"
configure:4207: $? = 0
configure:4265: result: yes
configure:4270: checking for gps_waiting in -lgps
configure:4295: gcc -o conftest -g -O2   conftest.c -lgps   >&5
/usr/bin/ld: cannot find -lgps
collect2: error: ld returned 1 exit status
configure:4295: $? = 1
configure: failed program was:
| /* confdefs.h */
| #define PACKAGE_NAME "layer23"
| #define PACKAGE_TARNAME "layer23"
| #define PACKAGE_VERSION "0.0.0"
| #define PACKAGE_STRING "layer23 0.0.0"
| #define PACKAGE_BUGREPORT ""
| #define PACKAGE_URL ""
| #define PACKAGE "layer23"
| #define VERSION "0.0.0"
| /* end confdefs.h.  */
| 
| /* Override any GCC internal prototype to avoid an error.
|    Use char because int might match the return type of a GCC
|    builtin and then its argument prototype would still apply.  */
| #ifdef __cplusplus
| extern "C"
| #endif
| char gps_waiting ();
| int
| main ()
| {
| return gps_waiting ();
|   ;
|   return 0;
| }
configure:4304: result: no
configure:4319: checking how to run the C preprocessor
configure:4350: gcc -E  conftest.c
configure:4350: $? = 0
configure:4364: gcc -E  conftest.c
conftest.c:11:28: fatal error: ac_nonexistent.h: No such file or directory
 #include <ac_nonexistent.h>
                            ^
compilation terminated.
configure:4364: $? = 1
configure: failed program was:
| /* confdefs.h */
| #define PACKAGE_NAME "layer23"
| #define PACKAGE_TARNAME "layer23"
| #define PACKAGE_VERSION "0.0.0"
| #define PACKAGE_STRING "layer23 0.0.0"
| #define PACKAGE_BUGREPORT ""
| #define PACKAGE_URL ""
| #define PACKAGE "layer23"
| #define VERSION "0.0.0"
| /* end confdefs.h.  */
| #include <ac_nonexistent.h>
configure:4389: result: gcc -E
configure:4409: gcc -E  conftest.c
configure:4409: $? = 0
configure:4423: gcc -E  conftest.c
conftest.c:11:28: fatal error: ac_nonexistent.h: No such file or directory
 #include <ac_nonexistent.h>
                            ^
compilation terminated.
configure:4423: $? = 1
configure: failed program was:
| /* confdefs.h */
| #define PACKAGE_NAME "layer23"
| #define PACKAGE_TARNAME "layer23"
| #define PACKAGE_VERSION "0.0.0"
| #define PACKAGE_STRING "layer23 0.0.0"
| #define PACKAGE_BUGREPORT ""
| #define PACKAGE_URL ""
| #define PACKAGE "layer23"
| #define VERSION "0.0.0"
| /* end confdefs.h.  */
| #include <ac_nonexistent.h>
configure:4452: checking for grep that handles long lines and -e
configure:4510: result: /bin/grep
configure:4515: checking for egrep
configure:4577: result: /bin/grep -E
configure:4582: checking for ANSI C header files
configure:4602: gcc -c -g -O2  conftest.c >&5
configure:4602: $? = 0
configure:4675: gcc -o conftest -g -O2   conftest.c  >&5
configure:4675: $? = 0
configure:4675: ./conftest
configure:4675: $? = 0
configure:4686: result: yes
configure:4843: checking that generated files are newer than configure
configure:4849: result: done
configure:4872: creating ./config.status

## ---------------------- ##
## Running config.status. ##
## ---------------------- ##

This file was extended by layer23 config.status 0.0.0, which was
generated by GNU Autoconf 2.69.  Invocation command line was

  CONFIG_FILES    = 
  CONFIG_HEADERS  = 
  CONFIG_LINKS    = 
  CONFIG_COMMANDS = 
  $ ./config.status 

on 0x66

config.status:800: creating src/Makefile
config.status:800: creating src/common/Makefile
config.status:800: creating src/misc/Makefile
config.status:800: creating src/mobile/Makefile
config.status:800: creating include/Makefile
config.status:800: creating include/osmocom/Makefile
config.status:800: creating include/osmocom/bb/Makefile
config.status:800: creating include/osmocom/bb/common/Makefile
config.status:800: creating include/osmocom/bb/misc/Makefile
config.status:800: creating include/osmocom/bb/mobile/Makefile
config.status:800: creating Makefile
config.status:972: executing depfiles commands

## ---------------- ##
## Cache variables. ##
## ---------------- ##

ac_cv_c_compiler_gnu=yes
ac_cv_env_CC_set=
ac_cv_env_CC_value=
ac_cv_env_CFLAGS_set=
ac_cv_env_CFLAGS_value=
ac_cv_env_CPPFLAGS_set=
ac_cv_env_CPPFLAGS_value=
ac_cv_env_CPP_set=
ac_cv_env_CPP_value=
ac_cv_env_LDFLAGS_set=
ac_cv_env_LDFLAGS_value=
ac_cv_env_LIBOSMOCODEC_CFLAGS_set=
ac_cv_env_LIBOSMOCODEC_CFLAGS_value=
ac_cv_env_LIBOSMOCODEC_LIBS_set=
ac_cv_env_LIBOSMOCODEC_LIBS_value=
ac_cv_env_LIBOSMOCORE_CFLAGS_set=
ac_cv_env_LIBOSMOCORE_CFLAGS_value=
ac_cv_env_LIBOSMOCORE_LIBS_set=
ac_cv_env_LIBOSMOCORE_LIBS_value=
ac_cv_env_LIBOSMOGSM_CFLAGS_set=
ac_cv_env_LIBOSMOGSM_CFLAGS_value=
ac_cv_env_LIBOSMOGSM_LIBS_set=
ac_cv_env_LIBOSMOGSM_LIBS_value=
ac_cv_env_LIBOSMOVTY_CFLAGS_set=
ac_cv_env_LIBOSMOVTY_CFLAGS_value=
ac_cv_env_LIBOSMOVTY_LIBS_set=
ac_cv_env_LIBOSMOVTY_LIBS_value=
ac_cv_env_LIBS_set=
ac_cv_env_LIBS_value=
ac_cv_env_PKG_CONFIG_LIBDIR_set=
ac_cv_env_PKG_CONFIG_LIBDIR_value=
ac_cv_env_PKG_CONFIG_PATH_set=
ac_cv_env_PKG_CONFIG_PATH_value=
ac_cv_env_PKG_CONFIG_set=
ac_cv_env_PKG_CONFIG_value=
ac_cv_env_build_alias_set=
ac_cv_env_build_alias_value=
ac_cv_env_host_alias_set=
ac_cv_env_host_alias_value=
ac_cv_env_target_alias_set=
ac_cv_env_target_alias_value=
ac_cv_header_stdc=yes
ac_cv_lib_gps_gps_waiting=no
ac_cv_objext=o
ac_cv_path_EGREP='/bin/grep -E'
ac_cv_path_GREP=/bin/grep
ac_cv_path_ac_pt_PKG_CONFIG=/usr/bin/pkg-config
ac_cv_path_install='/usr/bin/install -c'
ac_cv_path_mkdir=/bin/mkdir
ac_cv_prog_AWK=gawk
ac_cv_prog_CPP='gcc -E'
ac_cv_prog_ac_ct_CC=gcc
ac_cv_prog_ac_ct_RANLIB=ranlib
ac_cv_prog_cc_c89=
ac_cv_prog_cc_g=yes
ac_cv_prog_make_make_set=yes
am_cv_CC_dependencies_compiler_type=gcc3
am_cv_make_support_nested_variables=yes
am_cv_prog_cc_c_o=yes
pkg_cv_LIBOSMOCODEC_CFLAGS=-I/usr/local/include/
pkg_cv_LIBOSMOCODEC_LIBS='-L/usr/local/lib -losmocodec'
pkg_cv_LIBOSMOCORE_CFLAGS=-I/usr/local/include/
pkg_cv_LIBOSMOCORE_LIBS='-L/usr/local/lib -ltalloc -losmocore'
pkg_cv_LIBOSMOGSM_CFLAGS=-I/usr/local/include/
pkg_cv_LIBOSMOGSM_LIBS='-L/usr/local/lib -ltalloc -losmogsm -losmocore'
pkg_cv_LIBOSMOVTY_CFLAGS=-I/usr/local/include/
pkg_cv_LIBOSMOVTY_LIBS='-L/usr/local/lib -ltalloc -losmovty -losmocore'

## ----------------- ##
## Output variables. ##
## ----------------- ##

ACLOCAL='${SHELL} /home/z00/osmocom-bb/src/host/layer23/missing aclocal-1.15'
AMDEPBACKSLASH='\'
AMDEP_FALSE='#'
AMDEP_TRUE=''
AMTAR='$${TAR-tar}'
AM_BACKSLASH='\'
AM_DEFAULT_V='$(AM_DEFAULT_VERBOSITY)'
AM_DEFAULT_VERBOSITY='0'
AM_V='$(V)'
AUTOCONF='${SHELL} /home/z00/osmocom-bb/src/host/layer23/missing autoconf'
AUTOHEADER='${SHELL} /home/z00/osmocom-bb/src/host/layer23/missing autoheader'
AUTOMAKE='${SHELL} /home/z00/osmocom-bb/src/host/layer23/missing automake-1.15'
AWK='gawk'
CC='gcc'
CCDEPMODE='depmode=gcc3'
CFLAGS='-g -O2'
CPP='gcc -E'
CPPFLAGS=''
CYGPATH_W='echo'
DEFS='-DPACKAGE_NAME=\"layer23\" -DPACKAGE_TARNAME=\"layer23\" -DPACKAGE_VERSION=\"0.0.0\" -DPACKAGE_STRING=\"layer23\ 0.0.0\" -DPACKAGE_BUGREPORT=\"\" -DPACKAGE_URL=\"\" -DPACKAGE=\"layer23\" -DVERSION=\"0.0.0\" -DSTDC_HEADERS=1'
DEPDIR='.deps'
ECHO_C=''
ECHO_N='-n'
ECHO_T=''
EGREP='/bin/grep -E'
EXEEXT=''
GREP='/bin/grep'
INSTALL_DATA='${INSTALL} -m 644'
INSTALL_PROGRAM='${INSTALL}'
INSTALL_SCRIPT='${INSTALL}'
INSTALL_STRIP_PROGRAM='$(install_sh) -c -s'
LDFLAGS=''
LIBGPS_CFLAGS=''
LIBGPS_LIBS=''
LIBOBJS=''
LIBOSMOCODEC_CFLAGS='-I/usr/local/include/'
LIBOSMOCODEC_LIBS='-L/usr/local/lib -losmocodec'
LIBOSMOCORE_CFLAGS='-I/usr/local/include/'
LIBOSMOCORE_LIBS='-L/usr/local/lib -ltalloc -losmocore'
LIBOSMOGSM_CFLAGS='-I/usr/local/include/'
LIBOSMOGSM_LIBS='-L/usr/local/lib -ltalloc -losmogsm -losmocore'
LIBOSMOVTY_CFLAGS='-I/usr/local/include/'
LIBOSMOVTY_LIBS='-L/usr/local/lib -ltalloc -losmovty -losmocore'
LIBS=''
LTLIBOBJS=''
MAKEINFO='${SHELL} /home/z00/osmocom-bb/src/host/layer23/missing makeinfo'
MKDIR_P='/bin/mkdir -p'
OBJEXT='o'
PACKAGE='layer23'
PACKAGE_BUGREPORT=''
PACKAGE_NAME='layer23'
PACKAGE_STRING='layer23 0.0.0'
PACKAGE_TARNAME='layer23'
PACKAGE_URL=''
PACKAGE_VERSION='0.0.0'
PATH_SEPARATOR=':'
PKG_CONFIG='/usr/bin/pkg-config'
PKG_CONFIG_LIBDIR=''
PKG_CONFIG_PATH=''
RANLIB='ranlib'
SET_MAKE=''
SHELL='/bin/bash'
STRIP=''
VERSION='0.0.0'
ac_ct_CC='gcc'
am__EXEEXT_FALSE=''
am__EXEEXT_TRUE='#'
am__fastdepCC_FALSE='#'
am__fastdepCC_TRUE=''
am__include='include'
am__isrc=''
am__leading_dot='.'
am__nodep='_no'
am__quote=''
am__tar='$${TAR-tar} chof - "$$tardir"'
am__untar='$${TAR-tar} xf -'
bindir='${exec_prefix}/bin'
build_alias=''
datadir='${datarootdir}'
datarootdir='${prefix}/share'
docdir='${datarootdir}/doc/${PACKAGE_TARNAME}'
dvidir='${docdir}'
exec_prefix='${prefix}'
host_alias=''
htmldir='${docdir}'
includedir='${prefix}/include'
infodir='${datarootdir}/info'
install_sh='${SHELL} /home/z00/osmocom-bb/src/host/layer23/install-sh'
libdir='${exec_prefix}/lib'
libexecdir='${exec_prefix}/libexec'
localedir='${datarootdir}/locale'
localstatedir='${prefix}/var'
mandir='${datarootdir}/man'
mkdir_p='$(MKDIR_P)'
oldincludedir='/usr/include'
pdfdir='${docdir}'
prefix='/usr/local'
program_transform_name='s,x,x,'
psdir='${docdir}'
runstatedir='${localstatedir}/run'
sbindir='${exec_prefix}/sbin'
sharedstatedir='${prefix}/com'
sysconfdir='${prefix}/etc'
target_alias=''

## ----------- ##
## confdefs.h. ##
## ----------- ##

/* confdefs.h */
#define PACKAGE_NAME "layer23"
#define PACKAGE_TARNAME "layer23"
#define PACKAGE_VERSION "0.0.0"
#define PACKAGE_STRING "layer23 0.0.0"
#define PACKAGE_BUGREPORT ""
#define PACKAGE_URL ""
#define PACKAGE "layer23"
#define VERSION "0.0.0"
#define STDC_HEADERS 1

configure: exit 0
