   1              		.file	"font.c"
   9              	.Ltext0:
  10              		.cfi_sections	.debug_frame
  11              		.section	.text.fb_font_get_char,"ax",%progbits
  12              		.align	2
  13              		.global	fb_font_get_char
  15              	fb_font_get_char:
  16              	.LFB0:
  17              		.file 1 "fb/font.c"
   1:fb/font.c     **** /* Font Handling - Utility Functions */
   2:fb/font.c     **** 
   3:fb/font.c     **** /* (C) 2010 by Christian Vogel <vogelchr@vogel.cx>
   4:fb/font.c     ****  *
   5:fb/font.c     ****  * All Rights Reserved
   6:fb/font.c     ****  *
   7:fb/font.c     ****  * This program is free software; you can redistribute it and/or modify
   8:fb/font.c     ****  * it under the terms of the GNU General Public License as published by
   9:fb/font.c     ****  * the Free Software Foundation; either version 2 of the License, or
  10:fb/font.c     ****  * (at your option) any later version.
  11:fb/font.c     ****  *
  12:fb/font.c     ****  * This program is distributed in the hope that it will be useful,
  13:fb/font.c     ****  * but WITHOUT ANY WARRANTY; without even the implied warranty of
  14:fb/font.c     ****  * MERCHANTABILITY or FITNESS FOR A PARTICULAR PURPOSE.  See the
  15:fb/font.c     ****  * GNU General Public License for more details.
  16:fb/font.c     ****  *
  17:fb/font.c     ****  * You should have received a copy of the GNU General Public License along
  18:fb/font.c     ****  * with this program; if not, write to the Free Software Foundation, Inc.,
  19:fb/font.c     ****  * 51 Franklin Street, Fifth Floor, Boston, MA 02110-1301 USA.
  20:fb/font.c     ****  *
  21:fb/font.c     ****  */
  22:fb/font.c     **** 
  23:fb/font.c     **** #include <fb/font.h>
  24:fb/font.c     **** 
  25:fb/font.c     **** /* what fonts are linked in? */
  26:fb/font.c     **** extern const struct fb_font font_4x6;
  27:fb/font.c     **** extern const struct fb_font font_5x8;
  28:fb/font.c     **** extern const struct fb_font font_helvR08;
  29:fb/font.c     **** extern const struct fb_font font_helvR14;
  30:fb/font.c     **** //extern const struct fb_font font_helvR24;
  31:fb/font.c     **** //extern const struct fb_font font_helvB08;
  32:fb/font.c     **** extern const struct fb_font font_helvB14;
  33:fb/font.c     **** // extern const struct fb_font font_helvB24;
  34:fb/font.c     **** extern const struct fb_font font_c64;
  35:fb/font.c     **** extern const struct fb_font font_symbols;
  36:fb/font.c     **** 
  37:fb/font.c     **** const struct fb_font *fb_fonts[]={
  38:fb/font.c     **** //	&font_4x6,
  39:fb/font.c     **** //	&font_5x8,
  40:fb/font.c     **** 	&font_helvR08,
  41:fb/font.c     **** //	&font_helvR14,
  42:fb/font.c     **** //	&font_helvR24,
  43:fb/font.c     **** //	&font_helvB08,
  44:fb/font.c     **** 	&font_helvB14,
  45:fb/font.c     **** //	&font_helvB24,
  46:fb/font.c     **** 	&font_c64,
  47:fb/font.c     **** 	&font_symbols,
  48:fb/font.c     **** };
  49:fb/font.c     **** 
  50:fb/font.c     **** const struct fb_char *
  51:fb/font.c     **** fb_font_get_char(const struct fb_font *fnt,unsigned char c){
  18              		.loc 1 51 0
  19              		.cfi_startproc
  20              		@ args = 0, pretend = 0, frame = 0
  21              		@ frame_needed = 0, uses_anonymous_args = 0
  22              		@ link register save eliminated.
  23              	.LVL0:
  52:fb/font.c     **** 	if(c < fnt->firstchar || c > fnt->lastchar)
  24              		.loc 1 52 0
  25 0000 0230D0E5 		ldrb	r3, [r0, #2]	@ zero_extendqisi2
  51:fb/font.c     **** fb_font_get_char(const struct fb_font *fnt,unsigned char c){
  26              		.loc 1 51 0
  27 0004 FF1001E2 		and	r1, r1, #255
  28              	.LVL1:
  29              		.loc 1 52 0
  30 0008 030051E1 		cmp	r1, r3
  31 000c 0C00003A 		bcc	.L4
  32              		.loc 1 52 0 is_stmt 0 discriminator 1
  33 0010 0320D0E5 		ldrb	r2, [r0, #3]	@ zero_extendqisi2
  34 0014 010052E1 		cmp	r2, r1
  35 0018 0900003A 		bcc	.L4
  53:fb/font.c     **** 		return NULL;
  54:fb/font.c     **** 	uint16_t offs = fnt->charoffs[c-fnt->firstchar];
  36              		.loc 1 54 0 is_stmt 1
  37 001c 082090E5 		ldr	r2, [r0, #8]
  38 0020 013063E0 		rsb	r3, r3, r1
  39 0024 8330A0E1 		mov	r3, r3, asl #1
  40 0028 B33092E1 		ldrh	r3, [r2, r3]
  41              	.LVL2:
  55:fb/font.c     **** 	if(offs == FB_FONT_NOCHAR)
  42              		.loc 1 55 0
  43 002c 20209FE5 		ldr	r2, .L7
  44 0030 020053E1 		cmp	r3, r2
  56:fb/font.c     **** 		return NULL;
  57:fb/font.c     **** 	return (struct fb_char *)(fnt->chardata + offs);
  45              		.loc 1 57 0
  46 0034 04009015 		ldrne	r0, [r0, #4]
  47              	.LVL3:
  48 0038 03008010 		addne	r0, r0, r3
  55:fb/font.c     **** 	if(offs == FB_FONT_NOCHAR)
  49              		.loc 1 55 0
  50 003c 1EFF2F11 		bxne	lr
  51 0040 010000EA 		b	.L6
  52              	.LVL4:
  53              	.L4:
  53:fb/font.c     **** 		return NULL;
  54              		.loc 1 53 0
  55 0044 0000A0E3 		mov	r0, #0
  56              	.LVL5:
  57 0048 1EFF2FE1 		bx	lr
  58              	.LVL6:
  59              	.L6:
  56:fb/font.c     **** 		return NULL;
  60              		.loc 1 56 0
  61 004c 0000A0E3 		mov	r0, #0
  58:fb/font.c     **** }
  62              		.loc 1 58 0
  63 0050 1EFF2FE1 		bx	lr
  64              	.L8:
  65              		.align	2
  66              	.L7:
  67 0054 FFFF0000 		.word	65535
  68              		.cfi_endproc
  69              	.LFE0:
  71              		.global	fb_fonts
  72              		.data
  73              		.align	2
  76              	fb_fonts:
  77 0000 00000000 		.word	font_helvR08
  78 0004 00000000 		.word	font_helvB14
  79 0008 00000000 		.word	font_c64
  80 000c 00000000 		.word	font_symbols
  81              		.text
  82              	.Letext0:
DEFINED SYMBOLS
                            *ABS*:0000000000000000 font.c
     /tmp/ccr31rWU.s:12     .text.fb_font_get_char:0000000000000000 $a
     /tmp/ccr31rWU.s:15     .text.fb_font_get_char:0000000000000000 fb_font_get_char
     /tmp/ccr31rWU.s:67     .text.fb_font_get_char:0000000000000054 $d
     /tmp/ccr31rWU.s:76     .data:0000000000000000 fb_fonts
     /tmp/ccr31rWU.s:73     .data:0000000000000000 $d
                     .debug_frame:0000000000000010 $d

UNDEFINED SYMBOLS
font_helvR08
font_helvB14
font_c64
font_symbols
