   1              		.file	"helvB14.c"
   9              	.Ltext0:
  10              		.cfi_sections	.debug_frame
  11              		.global	font_helvB14
  12              		.section	.rodata
  13              		.align	2
  16              	font_helvB14:
  17 0000 10       		.byte	16
  18 0001 0D       		.byte	13
  19 0002 20       		.byte	32
  20 0003 7F       		.byte	127
  21 0004 10000000 		.word	font_helvB14_data
  22 0008 4C060000 		.word	font_helvB14_offsets
  23 000c 00000000 		.space	4
  26              	font_helvB14_data:
  27 0010 04       		.byte	4
  28 0011 01       		.byte	1
  29 0012 01       		.byte	1
  30 0013 00       		.byte	0
  31 0014 00       		.byte	0
  32 0015 00       		.byte	0
  33 0016 04       		.byte	4
  34 0017 02       		.byte	2
  35 0018 0B       		.byte	11
  36 0019 01       		.byte	1
  37 001a 00       		.byte	0
  38 001b C0       		.byte	-64
  39 001c C0       		.byte	-64
  40 001d C0       		.byte	-64
  41 001e C0       		.byte	-64
  42 001f C0       		.byte	-64
  43 0020 C0       		.byte	-64
  44 0021 80       		.byte	-128
  45 0022 80       		.byte	-128
  46 0023 00       		.byte	0
  47 0024 C0       		.byte	-64
  48 0025 C0       		.byte	-64
  49 0026 07       		.byte	7
  50 0027 05       		.byte	5
  51 0028 03       		.byte	3
  52 0029 01       		.byte	1
  53 002a 08       		.byte	8
  54 002b D8       		.byte	-40
  55 002c D8       		.byte	-40
  56 002d 90       		.byte	-112
  57 002e 09       		.byte	9
  58 002f 09       		.byte	9
  59 0030 0A       		.byte	10
  60 0031 00       		.byte	0
  61 0032 00       		.byte	0
  62 0033 1B       		.byte	27
  63 0034 00       		.byte	0
  64 0035 1B       		.byte	27
  65 0036 00       		.byte	0
  66 0037 1B       		.byte	27
  67 0038 00       		.byte	0
  68 0039 7F       		.byte	127
  69 003a 80       		.byte	-128
  70 003b 36       		.byte	54
  71 003c 00       		.byte	0
  72 003d 36       		.byte	54
  73 003e 00       		.byte	0
  74 003f FF       		.byte	-1
  75 0040 00       		.byte	0
  76 0041 6C       		.byte	108
  77 0042 00       		.byte	0
  78 0043 6C       		.byte	108
  79 0044 00       		.byte	0
  80 0045 6C       		.byte	108
  81 0046 00       		.byte	0
  82 0047 08       		.byte	8
  83 0048 07       		.byte	7
  84 0049 0D       		.byte	13
  85 004a 00       		.byte	0
  86 004b FE       		.byte	-2
  87 004c 10       		.byte	16
  88 004d 7C       		.byte	124
  89 004e D6       		.byte	-42
  90 004f D6       		.byte	-42
  91 0050 F0       		.byte	-16
  92 0051 78       		.byte	120
  93 0052 1C       		.byte	28
  94 0053 16       		.byte	22
  95 0054 D6       		.byte	-42
  96 0055 D6       		.byte	-42
  97 0056 7C       		.byte	124
  98 0057 10       		.byte	16
  99 0058 10       		.byte	16
 100 0059 0D       		.byte	13
 101 005a 0C       		.byte	12
 102 005b 0A       		.byte	10
 103 005c 00       		.byte	0
 104 005d 00       		.byte	0
 105 005e 78       		.byte	120
 106 005f 80       		.byte	-128
 107 0060 CD       		.byte	-51
 108 0061 80       		.byte	-128
 109 0062 CD       		.byte	-51
 110 0063 00       		.byte	0
 111 0064 7B       		.byte	123
 112 0065 00       		.byte	0
 113 0066 06       		.byte	6
 114 0067 00       		.byte	0
 115 0068 04       		.byte	4
 116 0069 00       		.byte	0
 117 006a 0D       		.byte	13
 118 006b E0       		.byte	-32
 119 006c 0B       		.byte	11
 120 006d 30       		.byte	48
 121 006e 1B       		.byte	27
 122 006f 30       		.byte	48
 123 0070 11       		.byte	17
 124 0071 E0       		.byte	-32
 125 0072 0B       		.byte	11
 126 0073 09       		.byte	9
 127 0074 0A       		.byte	10
 128 0075 01       		.byte	1
 129 0076 00       		.byte	0
 130 0077 38       		.byte	56
 131 0078 00       		.byte	0
 132 0079 6C       		.byte	108
 133 007a 00       		.byte	0
 134 007b 6C       		.byte	108
 135 007c 00       		.byte	0
 136 007d 38       		.byte	56
 137 007e 00       		.byte	0
 138 007f 73       		.byte	115
 139 0080 00       		.byte	0
 140 0081 FB       		.byte	-5
 141 0082 00       		.byte	0
 142 0083 CE       		.byte	-50
 143 0084 00       		.byte	0
 144 0085 C6       		.byte	-58
 145 0086 00       		.byte	0
 146 0087 CF       		.byte	-49
 147 0088 00       		.byte	0
 148 0089 7D       		.byte	125
 149 008a 80       		.byte	-128
 150 008b 04       		.byte	4
 151 008c 02       		.byte	2
 152 008d 03       		.byte	3
 153 008e 01       		.byte	1
 154 008f 08       		.byte	8
 155 0090 C0       		.byte	-64
 156 0091 C0       		.byte	-64
 157 0092 80       		.byte	-128
 158 0093 05       		.byte	5
 159 0094 04       		.byte	4
 160 0095 0E       		.byte	14
 161 0096 00       		.byte	0
 162 0097 FD       		.byte	-3
 163 0098 30       		.byte	48
 164 0099 60       		.byte	96
 165 009a 60       		.byte	96
 166 009b C0       		.byte	-64
 167 009c C0       		.byte	-64
 168 009d C0       		.byte	-64
 169 009e C0       		.byte	-64
 170 009f C0       		.byte	-64
 171 00a0 C0       		.byte	-64
 172 00a1 C0       		.byte	-64
 173 00a2 C0       		.byte	-64
 174 00a3 60       		.byte	96
 175 00a4 60       		.byte	96
 176 00a5 30       		.byte	48
 177 00a6 05       		.byte	5
 178 00a7 04       		.byte	4
 179 00a8 0E       		.byte	14
 180 00a9 01       		.byte	1
 181 00aa FD       		.byte	-3
 182 00ab C0       		.byte	-64
 183 00ac 60       		.byte	96
 184 00ad 60       		.byte	96
 185 00ae 30       		.byte	48
 186 00af 30       		.byte	48
 187 00b0 30       		.byte	48
 188 00b1 30       		.byte	48
 189 00b2 30       		.byte	48
 190 00b3 30       		.byte	48
 191 00b4 30       		.byte	48
 192 00b5 30       		.byte	48
 193 00b6 60       		.byte	96
 194 00b7 60       		.byte	96
 195 00b8 C0       		.byte	-64
 196 00b9 06       		.byte	6
 197 00ba 05       		.byte	5
 198 00bb 04       		.byte	4
 199 00bc 00       		.byte	0
 200 00bd 07       		.byte	7
 201 00be 20       		.byte	32
 202 00bf F8       		.byte	-8
 203 00c0 70       		.byte	112
 204 00c1 D8       		.byte	-40
 205 00c2 09       		.byte	9
 206 00c3 08       		.byte	8
 207 00c4 07       		.byte	7
 208 00c5 00       		.byte	0
 209 00c6 01       		.byte	1
 210 00c7 18       		.byte	24
 211 00c8 18       		.byte	24
 212 00c9 18       		.byte	24
 213 00ca FF       		.byte	-1
 214 00cb 18       		.byte	24
 215 00cc 18       		.byte	24
 216 00cd 18       		.byte	24
 217 00ce 04       		.byte	4
 218 00cf 03       		.byte	3
 219 00d0 03       		.byte	3
 220 00d1 00       		.byte	0
 221 00d2 FF       		.byte	-1
 222 00d3 60       		.byte	96
 223 00d4 60       		.byte	96
 224 00d5 C0       		.byte	-64
 225 00d6 05       		.byte	5
 226 00d7 05       		.byte	5
 227 00d8 01       		.byte	1
 228 00d9 00       		.byte	0
 229 00da 04       		.byte	4
 230 00db F8       		.byte	-8
 231 00dc 04       		.byte	4
 232 00dd 02       		.byte	2
 233 00de 02       		.byte	2
 234 00df 01       		.byte	1
 235 00e0 00       		.byte	0
 236 00e1 C0       		.byte	-64
 237 00e2 C0       		.byte	-64
 238 00e3 04       		.byte	4
 239 00e4 04       		.byte	4
 240 00e5 0B       		.byte	11
 241 00e6 00       		.byte	0
 242 00e7 00       		.byte	0
 243 00e8 30       		.byte	48
 244 00e9 30       		.byte	48
 245 00ea 20       		.byte	32
 246 00eb 20       		.byte	32
 247 00ec 60       		.byte	96
 248 00ed 60       		.byte	96
 249 00ee 60       		.byte	96
 250 00ef 40       		.byte	64
 251 00f0 40       		.byte	64
 252 00f1 C0       		.byte	-64
 253 00f2 C0       		.byte	-64
 254 00f3 08       		.byte	8
 255 00f4 07       		.byte	7
 256 00f5 0A       		.byte	10
 257 00f6 00       		.byte	0
 258 00f7 00       		.byte	0
 259 00f8 38       		.byte	56
 260 00f9 6C       		.byte	108
 261 00fa C6       		.byte	-58
 262 00fb C6       		.byte	-58
 263 00fc C6       		.byte	-58
 264 00fd C6       		.byte	-58
 265 00fe C6       		.byte	-58
 266 00ff C6       		.byte	-58
 267 0100 6C       		.byte	108
 268 0101 38       		.byte	56
 269 0102 08       		.byte	8
 270 0103 04       		.byte	4
 271 0104 0A       		.byte	10
 272 0105 01       		.byte	1
 273 0106 00       		.byte	0
 274 0107 30       		.byte	48
 275 0108 F0       		.byte	-16
 276 0109 30       		.byte	48
 277 010a 30       		.byte	48
 278 010b 30       		.byte	48
 279 010c 30       		.byte	48
 280 010d 30       		.byte	48
 281 010e 30       		.byte	48
 282 010f 30       		.byte	48
 283 0110 30       		.byte	48
 284 0111 08       		.byte	8
 285 0112 07       		.byte	7
 286 0113 0A       		.byte	10
 287 0114 00       		.byte	0
 288 0115 00       		.byte	0
 289 0116 7C       		.byte	124
 290 0117 E6       		.byte	-26
 291 0118 C6       		.byte	-58
 292 0119 0E       		.byte	14
 293 011a 0C       		.byte	12
 294 011b 38       		.byte	56
 295 011c 70       		.byte	112
 296 011d E0       		.byte	-32
 297 011e C0       		.byte	-64
 298 011f FE       		.byte	-2
 299 0120 08       		.byte	8
 300 0121 07       		.byte	7
 301 0122 0A       		.byte	10
 302 0123 00       		.byte	0
 303 0124 00       		.byte	0
 304 0125 7C       		.byte	124
 305 0126 CE       		.byte	-50
 306 0127 C6       		.byte	-58
 307 0128 06       		.byte	6
 308 0129 3C       		.byte	60
 309 012a 06       		.byte	6
 310 012b 06       		.byte	6
 311 012c C6       		.byte	-58
 312 012d CE       		.byte	-50
 313 012e 7C       		.byte	124
 314 012f 08       		.byte	8
 315 0130 08       		.byte	8
 316 0131 0A       		.byte	10
 317 0132 00       		.byte	0
 318 0133 00       		.byte	0
 319 0134 0E       		.byte	14
 320 0135 1E       		.byte	30
 321 0136 36       		.byte	54
 322 0137 66       		.byte	102
 323 0138 C6       		.byte	-58
 324 0139 C6       		.byte	-58
 325 013a FF       		.byte	-1
 326 013b 06       		.byte	6
 327 013c 06       		.byte	6
 328 013d 06       		.byte	6
 329 013e 08       		.byte	8
 330 013f 07       		.byte	7
 331 0140 0A       		.byte	10
 332 0141 00       		.byte	0
 333 0142 00       		.byte	0
 334 0143 7E       		.byte	126
 335 0144 60       		.byte	96
 336 0145 C0       		.byte	-64
 337 0146 F8       		.byte	-8
 338 0147 1C       		.byte	28
 339 0148 06       		.byte	6
 340 0149 06       		.byte	6
 341 014a C6       		.byte	-58
 342 014b EC       		.byte	-20
 343 014c 78       		.byte	120
 344 014d 08       		.byte	8
 345 014e 07       		.byte	7
 346 014f 0A       		.byte	10
 347 0150 00       		.byte	0
 348 0151 00       		.byte	0
 349 0152 3C       		.byte	60
 350 0153 76       		.byte	118
 351 0154 66       		.byte	102
 352 0155 C0       		.byte	-64
 353 0156 DC       		.byte	-36
 354 0157 F6       		.byte	-10
 355 0158 C6       		.byte	-58
 356 0159 C6       		.byte	-58
 357 015a 6E       		.byte	110
 358 015b 3C       		.byte	60
 359 015c 08       		.byte	8
 360 015d 07       		.byte	7
 361 015e 0A       		.byte	10
 362 015f 00       		.byte	0
 363 0160 00       		.byte	0
 364 0161 FE       		.byte	-2
 365 0162 06       		.byte	6
 366 0163 0C       		.byte	12
 367 0164 0C       		.byte	12
 368 0165 18       		.byte	24
 369 0166 18       		.byte	24
 370 0167 30       		.byte	48
 371 0168 30       		.byte	48
 372 0169 60       		.byte	96
 373 016a 60       		.byte	96
 374 016b 08       		.byte	8
 375 016c 07       		.byte	7
 376 016d 0A       		.byte	10
 377 016e 00       		.byte	0
 378 016f 00       		.byte	0
 379 0170 7C       		.byte	124
 380 0171 EE       		.byte	-18
 381 0172 C6       		.byte	-58
 382 0173 C6       		.byte	-58
 383 0174 7C       		.byte	124
 384 0175 EE       		.byte	-18
 385 0176 C6       		.byte	-58
 386 0177 C6       		.byte	-58
 387 0178 C6       		.byte	-58
 388 0179 7C       		.byte	124
 389 017a 08       		.byte	8
 390 017b 07       		.byte	7
 391 017c 0A       		.byte	10
 392 017d 00       		.byte	0
 393 017e 00       		.byte	0
 394 017f 7C       		.byte	124
 395 0180 EE       		.byte	-18
 396 0181 C6       		.byte	-58
 397 0182 C6       		.byte	-58
 398 0183 E6       		.byte	-26
 399 0184 7E       		.byte	126
 400 0185 06       		.byte	6
 401 0186 C6       		.byte	-58
 402 0187 CE       		.byte	-50
 403 0188 7C       		.byte	124
 404 0189 05       		.byte	5
 405 018a 02       		.byte	2
 406 018b 08       		.byte	8
 407 018c 02       		.byte	2
 408 018d 00       		.byte	0
 409 018e C0       		.byte	-64
 410 018f C0       		.byte	-64
 411 0190 00       		.byte	0
 412 0191 00       		.byte	0
 413 0192 00       		.byte	0
 414 0193 00       		.byte	0
 415 0194 C0       		.byte	-64
 416 0195 C0       		.byte	-64
 417 0196 05       		.byte	5
 418 0197 03       		.byte	3
 419 0198 09       		.byte	9
 420 0199 01       		.byte	1
 421 019a FF       		.byte	-1
 422 019b 60       		.byte	96
 423 019c 60       		.byte	96
 424 019d 00       		.byte	0
 425 019e 00       		.byte	0
 426 019f 00       		.byte	0
 427 01a0 00       		.byte	0
 428 01a1 60       		.byte	96
 429 01a2 60       		.byte	96
 430 01a3 C0       		.byte	-64
 431 01a4 08       		.byte	8
 432 01a5 06       		.byte	6
 433 01a6 05       		.byte	5
 434 01a7 01       		.byte	1
 435 01a8 02       		.byte	2
 436 01a9 1C       		.byte	28
 437 01aa 70       		.byte	112
 438 01ab C0       		.byte	-64
 439 01ac 70       		.byte	112
 440 01ad 1C       		.byte	28
 441 01ae 09       		.byte	9
 442 01af 07       		.byte	7
 443 01b0 03       		.byte	3
 444 01b1 01       		.byte	1
 445 01b2 03       		.byte	3
 446 01b3 FE       		.byte	-2
 447 01b4 00       		.byte	0
 448 01b5 FE       		.byte	-2
 449 01b6 08       		.byte	8
 450 01b7 06       		.byte	6
 451 01b8 05       		.byte	5
 452 01b9 01       		.byte	1
 453 01ba 02       		.byte	2
 454 01bb E0       		.byte	-32
 455 01bc 38       		.byte	56
 456 01bd 0C       		.byte	12
 457 01be 38       		.byte	56
 458 01bf E0       		.byte	-32
 459 01c0 09       		.byte	9
 460 01c1 07       		.byte	7
 461 01c2 0B       		.byte	11
 462 01c3 01       		.byte	1
 463 01c4 00       		.byte	0
 464 01c5 7C       		.byte	124
 465 01c6 C6       		.byte	-58
 466 01c7 C6       		.byte	-58
 467 01c8 06       		.byte	6
 468 01c9 0C       		.byte	12
 469 01ca 18       		.byte	24
 470 01cb 30       		.byte	48
 471 01cc 30       		.byte	48
 472 01cd 00       		.byte	0
 473 01ce 30       		.byte	48
 474 01cf 30       		.byte	48
 475 01d0 0E       		.byte	14
 476 01d1 0D       		.byte	13
 477 01d2 0C       		.byte	12
 478 01d3 00       		.byte	0
 479 01d4 FF       		.byte	-1
 480 01d5 0F       		.byte	15
 481 01d6 80       		.byte	-128
 482 01d7 38       		.byte	56
 483 01d8 E0       		.byte	-32
 484 01d9 70       		.byte	112
 485 01da 70       		.byte	112
 486 01db 66       		.byte	102
 487 01dc B0       		.byte	-80
 488 01dd CD       		.byte	-51
 489 01de 98       		.byte	-104
 490 01df D9       		.byte	-39
 491 01e0 98       		.byte	-104
 492 01e1 DB       		.byte	-37
 493 01e2 18       		.byte	24
 494 01e3 DB       		.byte	-37
 495 01e4 30       		.byte	48
 496 01e5 CE       		.byte	-50
 497 01e6 E0       		.byte	-32
 498 01e7 60       		.byte	96
 499 01e8 00       		.byte	0
 500 01e9 31       		.byte	49
 501 01ea 80       		.byte	-128
 502 01eb 1F       		.byte	31
 503 01ec 00       		.byte	0
 504 01ed 0A       		.byte	10
 505 01ee 0A       		.byte	10
 506 01ef 0B       		.byte	11
 507 01f0 00       		.byte	0
 508 01f1 00       		.byte	0
 509 01f2 0C       		.byte	12
 510 01f3 00       		.byte	0
 511 01f4 0C       		.byte	12
 512 01f5 00       		.byte	0
 513 01f6 1E       		.byte	30
 514 01f7 00       		.byte	0
 515 01f8 12       		.byte	18
 516 01f9 00       		.byte	0
 517 01fa 33       		.byte	51
 518 01fb 00       		.byte	0
 519 01fc 33       		.byte	51
 520 01fd 00       		.byte	0
 521 01fe 61       		.byte	97
 522 01ff 80       		.byte	-128
 523 0200 7F       		.byte	127
 524 0201 80       		.byte	-128
 525 0202 61       		.byte	97
 526 0203 80       		.byte	-128
 527 0204 C0       		.byte	-64
 528 0205 C0       		.byte	-64
 529 0206 C0       		.byte	-64
 530 0207 C0       		.byte	-64
 531 0208 0A       		.byte	10
 532 0209 08       		.byte	8
 533 020a 0B       		.byte	11
 534 020b 01       		.byte	1
 535 020c 00       		.byte	0
 536 020d FE       		.byte	-2
 537 020e C7       		.byte	-57
 538 020f C3       		.byte	-61
 539 0210 C3       		.byte	-61
 540 0211 C6       		.byte	-58
 541 0212 FC       		.byte	-4
 542 0213 C6       		.byte	-58
 543 0214 C3       		.byte	-61
 544 0215 C3       		.byte	-61
 545 0216 C7       		.byte	-57
 546 0217 FE       		.byte	-2
 547 0218 0B       		.byte	11
 548 0219 09       		.byte	9
 549 021a 0B       		.byte	11
 550 021b 01       		.byte	1
 551 021c 00       		.byte	0
 552 021d 1F       		.byte	31
 553 021e 00       		.byte	0
 554 021f 7B       		.byte	123
 555 0220 80       		.byte	-128
 556 0221 60       		.byte	96
 557 0222 80       		.byte	-128
 558 0223 C0       		.byte	-64
 559 0224 00       		.byte	0
 560 0225 C0       		.byte	-64
 561 0226 00       		.byte	0
 562 0227 C0       		.byte	-64
 563 0228 00       		.byte	0
 564 0229 C0       		.byte	-64
 565 022a 00       		.byte	0
 566 022b C0       		.byte	-64
 567 022c 00       		.byte	0
 568 022d 60       		.byte	96
 569 022e 80       		.byte	-128
 570 022f 7B       		.byte	123
 571 0230 80       		.byte	-128
 572 0231 1F       		.byte	31
 573 0232 00       		.byte	0
 574 0233 0B       		.byte	11
 575 0234 09       		.byte	9
 576 0235 0B       		.byte	11
 577 0236 01       		.byte	1
 578 0237 00       		.byte	0
 579 0238 FC       		.byte	-4
 580 0239 00       		.byte	0
 581 023a C7       		.byte	-57
 582 023b 00       		.byte	0
 583 023c C3       		.byte	-61
 584 023d 00       		.byte	0
 585 023e C1       		.byte	-63
 586 023f 80       		.byte	-128
 587 0240 C1       		.byte	-63
 588 0241 80       		.byte	-128
 589 0242 C1       		.byte	-63
 590 0243 80       		.byte	-128
 591 0244 C1       		.byte	-63
 592 0245 80       		.byte	-128
 593 0246 C1       		.byte	-63
 594 0247 80       		.byte	-128
 595 0248 C3       		.byte	-61
 596 0249 00       		.byte	0
 597 024a C7       		.byte	-57
 598 024b 00       		.byte	0
 599 024c FC       		.byte	-4
 600 024d 00       		.byte	0
 601 024e 09       		.byte	9
 602 024f 07       		.byte	7
 603 0250 0B       		.byte	11
 604 0251 01       		.byte	1
 605 0252 00       		.byte	0
 606 0253 FE       		.byte	-2
 607 0254 C0       		.byte	-64
 608 0255 C0       		.byte	-64
 609 0256 C0       		.byte	-64
 610 0257 C0       		.byte	-64
 611 0258 FE       		.byte	-2
 612 0259 C0       		.byte	-64
 613 025a C0       		.byte	-64
 614 025b C0       		.byte	-64
 615 025c C0       		.byte	-64
 616 025d FE       		.byte	-2
 617 025e 09       		.byte	9
 618 025f 07       		.byte	7
 619 0260 0B       		.byte	11
 620 0261 01       		.byte	1
 621 0262 00       		.byte	0
 622 0263 FE       		.byte	-2
 623 0264 C0       		.byte	-64
 624 0265 C0       		.byte	-64
 625 0266 C0       		.byte	-64
 626 0267 C0       		.byte	-64
 627 0268 FC       		.byte	-4
 628 0269 C0       		.byte	-64
 629 026a C0       		.byte	-64
 630 026b C0       		.byte	-64
 631 026c C0       		.byte	-64
 632 026d C0       		.byte	-64
 633 026e 0B       		.byte	11
 634 026f 09       		.byte	9
 635 0270 0B       		.byte	11
 636 0271 01       		.byte	1
 637 0272 00       		.byte	0
 638 0273 1F       		.byte	31
 639 0274 00       		.byte	0
 640 0275 7B       		.byte	123
 641 0276 80       		.byte	-128
 642 0277 60       		.byte	96
 643 0278 80       		.byte	-128
 644 0279 C0       		.byte	-64
 645 027a 00       		.byte	0
 646 027b C0       		.byte	-64
 647 027c 00       		.byte	0
 648 027d C7       		.byte	-57
 649 027e 80       		.byte	-128
 650 027f C1       		.byte	-63
 651 0280 80       		.byte	-128
 652 0281 C1       		.byte	-63
 653 0282 80       		.byte	-128
 654 0283 61       		.byte	97
 655 0284 80       		.byte	-128
 656 0285 7B       		.byte	123
 657 0286 80       		.byte	-128
 658 0287 1E       		.byte	30
 659 0288 80       		.byte	-128
 660 0289 0A       		.byte	10
 661 028a 08       		.byte	8
 662 028b 0B       		.byte	11
 663 028c 01       		.byte	1
 664 028d 00       		.byte	0
 665 028e C3       		.byte	-61
 666 028f C3       		.byte	-61
 667 0290 C3       		.byte	-61
 668 0291 C3       		.byte	-61
 669 0292 C3       		.byte	-61
 670 0293 FF       		.byte	-1
 671 0294 C3       		.byte	-61
 672 0295 C3       		.byte	-61
 673 0296 C3       		.byte	-61
 674 0297 C3       		.byte	-61
 675 0298 C3       		.byte	-61
 676 0299 04       		.byte	4
 677 029a 02       		.byte	2
 678 029b 0B       		.byte	11
 679 029c 01       		.byte	1
 680 029d 00       		.byte	0
 681 029e C0       		.byte	-64
 682 029f C0       		.byte	-64
 683 02a0 C0       		.byte	-64
 684 02a1 C0       		.byte	-64
 685 02a2 C0       		.byte	-64
 686 02a3 C0       		.byte	-64
 687 02a4 C0       		.byte	-64
 688 02a5 C0       		.byte	-64
 689 02a6 C0       		.byte	-64
 690 02a7 C0       		.byte	-64
 691 02a8 C0       		.byte	-64
 692 02a9 08       		.byte	8
 693 02aa 07       		.byte	7
 694 02ab 0B       		.byte	11
 695 02ac 00       		.byte	0
 696 02ad 00       		.byte	0
 697 02ae 06       		.byte	6
 698 02af 06       		.byte	6
 699 02b0 06       		.byte	6
 700 02b1 06       		.byte	6
 701 02b2 06       		.byte	6
 702 02b3 06       		.byte	6
 703 02b4 06       		.byte	6
 704 02b5 C6       		.byte	-58
 705 02b6 C6       		.byte	-58
 706 02b7 EE       		.byte	-18
 707 02b8 7C       		.byte	124
 708 02b9 0A       		.byte	10
 709 02ba 09       		.byte	9
 710 02bb 0B       		.byte	11
 711 02bc 01       		.byte	1
 712 02bd 00       		.byte	0
 713 02be C3       		.byte	-61
 714 02bf 00       		.byte	0
 715 02c0 C6       		.byte	-58
 716 02c1 00       		.byte	0
 717 02c2 CC       		.byte	-52
 718 02c3 00       		.byte	0
 719 02c4 D8       		.byte	-40
 720 02c5 00       		.byte	0
 721 02c6 F0       		.byte	-16
 722 02c7 00       		.byte	0
 723 02c8 F0       		.byte	-16
 724 02c9 00       		.byte	0
 725 02ca D8       		.byte	-40
 726 02cb 00       		.byte	0
 727 02cc CC       		.byte	-52
 728 02cd 00       		.byte	0
 729 02ce C6       		.byte	-58
 730 02cf 00       		.byte	0
 731 02d0 C3       		.byte	-61
 732 02d1 00       		.byte	0
 733 02d2 C1       		.byte	-63
 734 02d3 80       		.byte	-128
 735 02d4 08       		.byte	8
 736 02d5 07       		.byte	7
 737 02d6 0B       		.byte	11
 738 02d7 01       		.byte	1
 739 02d8 00       		.byte	0
 740 02d9 C0       		.byte	-64
 741 02da C0       		.byte	-64
 742 02db C0       		.byte	-64
 743 02dc C0       		.byte	-64
 744 02dd C0       		.byte	-64
 745 02de C0       		.byte	-64
 746 02df C0       		.byte	-64
 747 02e0 C0       		.byte	-64
 748 02e1 C0       		.byte	-64
 749 02e2 C0       		.byte	-64
 750 02e3 FE       		.byte	-2
 751 02e4 0D       		.byte	13
 752 02e5 0B       		.byte	11
 753 02e6 0B       		.byte	11
 754 02e7 01       		.byte	1
 755 02e8 00       		.byte	0
 756 02e9 C0       		.byte	-64
 757 02ea 60       		.byte	96
 758 02eb C0       		.byte	-64
 759 02ec 60       		.byte	96
 760 02ed E0       		.byte	-32
 761 02ee E0       		.byte	-32
 762 02ef E0       		.byte	-32
 763 02f0 E0       		.byte	-32
 764 02f1 F1       		.byte	-15
 765 02f2 E0       		.byte	-32
 766 02f3 D1       		.byte	-47
 767 02f4 60       		.byte	96
 768 02f5 D1       		.byte	-47
 769 02f6 60       		.byte	96
 770 02f7 DB       		.byte	-37
 771 02f8 60       		.byte	96
 772 02f9 CA       		.byte	-54
 773 02fa 60       		.byte	96
 774 02fb CE       		.byte	-50
 775 02fc 60       		.byte	96
 776 02fd C4       		.byte	-60
 777 02fe 60       		.byte	96
 778 02ff 0B       		.byte	11
 779 0300 09       		.byte	9
 780 0301 0B       		.byte	11
 781 0302 01       		.byte	1
 782 0303 00       		.byte	0
 783 0304 C1       		.byte	-63
 784 0305 80       		.byte	-128
 785 0306 E1       		.byte	-31
 786 0307 80       		.byte	-128
 787 0308 E1       		.byte	-31
 788 0309 80       		.byte	-128
 789 030a D1       		.byte	-47
 790 030b 80       		.byte	-128
 791 030c D9       		.byte	-39
 792 030d 80       		.byte	-128
 793 030e C9       		.byte	-55
 794 030f 80       		.byte	-128
 795 0310 CD       		.byte	-51
 796 0311 80       		.byte	-128
 797 0312 C5       		.byte	-59
 798 0313 80       		.byte	-128
 799 0314 C3       		.byte	-61
 800 0315 80       		.byte	-128
 801 0316 C3       		.byte	-61
 802 0317 80       		.byte	-128
 803 0318 C1       		.byte	-63
 804 0319 80       		.byte	-128
 805 031a 0C       		.byte	12
 806 031b 0A       		.byte	10
 807 031c 0B       		.byte	11
 808 031d 01       		.byte	1
 809 031e 00       		.byte	0
 810 031f 1E       		.byte	30
 811 0320 00       		.byte	0
 812 0321 73       		.byte	115
 813 0322 80       		.byte	-128
 814 0323 61       		.byte	97
 815 0324 80       		.byte	-128
 816 0325 C0       		.byte	-64
 817 0326 C0       		.byte	-64
 818 0327 C0       		.byte	-64
 819 0328 C0       		.byte	-64
 820 0329 C0       		.byte	-64
 821 032a C0       		.byte	-64
 822 032b C0       		.byte	-64
 823 032c C0       		.byte	-64
 824 032d C0       		.byte	-64
 825 032e C0       		.byte	-64
 826 032f 61       		.byte	97
 827 0330 80       		.byte	-128
 828 0331 73       		.byte	115
 829 0332 80       		.byte	-128
 830 0333 1E       		.byte	30
 831 0334 00       		.byte	0
 832 0335 0A       		.byte	10
 833 0336 08       		.byte	8
 834 0337 0B       		.byte	11
 835 0338 01       		.byte	1
 836 0339 00       		.byte	0
 837 033a FE       		.byte	-2
 838 033b C7       		.byte	-57
 839 033c C3       		.byte	-61
 840 033d C3       		.byte	-61
 841 033e C7       		.byte	-57
 842 033f FE       		.byte	-2
 843 0340 C0       		.byte	-64
 844 0341 C0       		.byte	-64
 845 0342 C0       		.byte	-64
 846 0343 C0       		.byte	-64
 847 0344 C0       		.byte	-64
 848 0345 0C       		.byte	12
 849 0346 0A       		.byte	10
 850 0347 0B       		.byte	11
 851 0348 01       		.byte	1
 852 0349 00       		.byte	0
 853 034a 1E       		.byte	30
 854 034b 00       		.byte	0
 855 034c 73       		.byte	115
 856 034d 80       		.byte	-128
 857 034e 61       		.byte	97
 858 034f 80       		.byte	-128
 859 0350 C0       		.byte	-64
 860 0351 C0       		.byte	-64
 861 0352 C0       		.byte	-64
 862 0353 C0       		.byte	-64
 863 0354 C0       		.byte	-64
 864 0355 C0       		.byte	-64
 865 0356 C0       		.byte	-64
 866 0357 C0       		.byte	-64
 867 0358 C6       		.byte	-58
 868 0359 C0       		.byte	-64
 869 035a 63       		.byte	99
 870 035b 80       		.byte	-128
 871 035c 73       		.byte	115
 872 035d 80       		.byte	-128
 873 035e 1E       		.byte	30
 874 035f C0       		.byte	-64
 875 0360 0B       		.byte	11
 876 0361 09       		.byte	9
 877 0362 0B       		.byte	11
 878 0363 01       		.byte	1
 879 0364 00       		.byte	0
 880 0365 FE       		.byte	-2
 881 0366 00       		.byte	0
 882 0367 C7       		.byte	-57
 883 0368 00       		.byte	0
 884 0369 C3       		.byte	-61
 885 036a 00       		.byte	0
 886 036b C3       		.byte	-61
 887 036c 00       		.byte	0
 888 036d C7       		.byte	-57
 889 036e 00       		.byte	0
 890 036f FE       		.byte	-2
 891 0370 00       		.byte	0
 892 0371 C3       		.byte	-61
 893 0372 00       		.byte	0
 894 0373 C3       		.byte	-61
 895 0374 00       		.byte	0
 896 0375 C3       		.byte	-61
 897 0376 00       		.byte	0
 898 0377 C3       		.byte	-61
 899 0378 00       		.byte	0
 900 0379 C1       		.byte	-63
 901 037a 80       		.byte	-128
 902 037b 0A       		.byte	10
 903 037c 08       		.byte	8
 904 037d 0B       		.byte	11
 905 037e 01       		.byte	1
 906 037f 00       		.byte	0
 907 0380 7E       		.byte	126
 908 0381 E7       		.byte	-25
 909 0382 C3       		.byte	-61
 910 0383 E0       		.byte	-32
 911 0384 78       		.byte	120
 912 0385 1E       		.byte	30
 913 0386 07       		.byte	7
 914 0387 03       		.byte	3
 915 0388 C3       		.byte	-61
 916 0389 EE       		.byte	-18
 917 038a 7C       		.byte	124
 918 038b 08       		.byte	8
 919 038c 08       		.byte	8
 920 038d 0B       		.byte	11
 921 038e 00       		.byte	0
 922 038f 00       		.byte	0
 923 0390 FF       		.byte	-1
 924 0391 18       		.byte	24
 925 0392 18       		.byte	24
 926 0393 18       		.byte	24
 927 0394 18       		.byte	24
 928 0395 18       		.byte	24
 929 0396 18       		.byte	24
 930 0397 18       		.byte	24
 931 0398 18       		.byte	24
 932 0399 18       		.byte	24
 933 039a 18       		.byte	24
 934 039b 0B       		.byte	11
 935 039c 09       		.byte	9
 936 039d 0B       		.byte	11
 937 039e 01       		.byte	1
 938 039f 00       		.byte	0
 939 03a0 C1       		.byte	-63
 940 03a1 80       		.byte	-128
 941 03a2 C1       		.byte	-63
 942 03a3 80       		.byte	-128
 943 03a4 C1       		.byte	-63
 944 03a5 80       		.byte	-128
 945 03a6 C1       		.byte	-63
 946 03a7 80       		.byte	-128
 947 03a8 C1       		.byte	-63
 948 03a9 80       		.byte	-128
 949 03aa C1       		.byte	-63
 950 03ab 80       		.byte	-128
 951 03ac C1       		.byte	-63
 952 03ad 80       		.byte	-128
 953 03ae C1       		.byte	-63
 954 03af 80       		.byte	-128
 955 03b0 C1       		.byte	-63
 956 03b1 80       		.byte	-128
 957 03b2 63       		.byte	99
 958 03b3 00       		.byte	0
 959 03b4 3E       		.byte	62
 960 03b5 00       		.byte	0
 961 03b6 0A       		.byte	10
 962 03b7 0A       		.byte	10
 963 03b8 0B       		.byte	11
 964 03b9 00       		.byte	0
 965 03ba 00       		.byte	0
 966 03bb C0       		.byte	-64
 967 03bc C0       		.byte	-64
 968 03bd C0       		.byte	-64
 969 03be C0       		.byte	-64
 970 03bf 61       		.byte	97
 971 03c0 80       		.byte	-128
 972 03c1 61       		.byte	97
 973 03c2 80       		.byte	-128
 974 03c3 73       		.byte	115
 975 03c4 80       		.byte	-128
 976 03c5 33       		.byte	51
 977 03c6 00       		.byte	0
 978 03c7 33       		.byte	51
 979 03c8 00       		.byte	0
 980 03c9 1E       		.byte	30
 981 03ca 00       		.byte	0
 982 03cb 1E       		.byte	30
 983 03cc 00       		.byte	0
 984 03cd 0C       		.byte	12
 985 03ce 00       		.byte	0
 986 03cf 0C       		.byte	12
 987 03d0 00       		.byte	0
 988 03d1 0E       		.byte	14
 989 03d2 0E       		.byte	14
 990 03d3 0B       		.byte	11
 991 03d4 00       		.byte	0
 992 03d5 00       		.byte	0
 993 03d6 C3       		.byte	-61
 994 03d7 0C       		.byte	12
 995 03d8 C3       		.byte	-61
 996 03d9 0C       		.byte	12
 997 03da C3       		.byte	-61
 998 03db 0C       		.byte	12
 999 03dc 67       		.byte	103
 1000 03dd 98       		.byte	-104
 1001 03de 64       		.byte	100
 1002 03df 98       		.byte	-104
 1003 03e0 64       		.byte	100
 1004 03e1 98       		.byte	-104
 1005 03e2 6C       		.byte	108
 1006 03e3 D8       		.byte	-40
 1007 03e4 2C       		.byte	44
 1008 03e5 D0       		.byte	-48
 1009 03e6 38       		.byte	56
 1010 03e7 70       		.byte	112
 1011 03e8 18       		.byte	24
 1012 03e9 60       		.byte	96
 1013 03ea 18       		.byte	24
 1014 03eb 60       		.byte	96
 1015 03ec 09       		.byte	9
 1016 03ed 09       		.byte	9
 1017 03ee 0B       		.byte	11
 1018 03ef 00       		.byte	0
 1019 03f0 00       		.byte	0
 1020 03f1 C1       		.byte	-63
 1021 03f2 80       		.byte	-128
 1022 03f3 C1       		.byte	-63
 1023 03f4 80       		.byte	-128
 1024 03f5 63       		.byte	99
 1025 03f6 00       		.byte	0
 1026 03f7 36       		.byte	54
 1027 03f8 00       		.byte	0
 1028 03f9 1C       		.byte	28
 1029 03fa 00       		.byte	0
 1030 03fb 1C       		.byte	28
 1031 03fc 00       		.byte	0
 1032 03fd 36       		.byte	54
 1033 03fe 00       		.byte	0
 1034 03ff 63       		.byte	99
 1035 0400 00       		.byte	0
 1036 0401 63       		.byte	99
 1037 0402 00       		.byte	0
 1038 0403 C1       		.byte	-63
 1039 0404 80       		.byte	-128
 1040 0405 C1       		.byte	-63
 1041 0406 80       		.byte	-128
 1042 0407 0A       		.byte	10
 1043 0408 0A       		.byte	10
 1044 0409 0B       		.byte	11
 1045 040a 00       		.byte	0
 1046 040b 00       		.byte	0
 1047 040c C0       		.byte	-64
 1048 040d C0       		.byte	-64
 1049 040e 61       		.byte	97
 1050 040f 80       		.byte	-128
 1051 0410 61       		.byte	97
 1052 0411 80       		.byte	-128
 1053 0412 33       		.byte	51
 1054 0413 00       		.byte	0
 1055 0414 33       		.byte	51
 1056 0415 00       		.byte	0
 1057 0416 1E       		.byte	30
 1058 0417 00       		.byte	0
 1059 0418 1E       		.byte	30
 1060 0419 00       		.byte	0
 1061 041a 0C       		.byte	12
 1062 041b 00       		.byte	0
 1063 041c 0C       		.byte	12
 1064 041d 00       		.byte	0
 1065 041e 0C       		.byte	12
 1066 041f 00       		.byte	0
 1067 0420 0C       		.byte	12
 1068 0421 00       		.byte	0
 1069 0422 09       		.byte	9
 1070 0423 08       		.byte	8
 1071 0424 0B       		.byte	11
 1072 0425 00       		.byte	0
 1073 0426 00       		.byte	0
 1074 0427 FF       		.byte	-1
 1075 0428 03       		.byte	3
 1076 0429 06       		.byte	6
 1077 042a 0C       		.byte	12
 1078 042b 1C       		.byte	28
 1079 042c 18       		.byte	24
 1080 042d 30       		.byte	48
 1081 042e 70       		.byte	112
 1082 042f 60       		.byte	96
 1083 0430 C0       		.byte	-64
 1084 0431 FF       		.byte	-1
 1085 0432 05       		.byte	5
 1086 0433 04       		.byte	4
 1087 0434 0E       		.byte	14
 1088 0435 01       		.byte	1
 1089 0436 FD       		.byte	-3
 1090 0437 F0       		.byte	-16
 1091 0438 C0       		.byte	-64
 1092 0439 C0       		.byte	-64
 1093 043a C0       		.byte	-64
 1094 043b C0       		.byte	-64
 1095 043c C0       		.byte	-64
 1096 043d C0       		.byte	-64
 1097 043e C0       		.byte	-64
 1098 043f C0       		.byte	-64
 1099 0440 C0       		.byte	-64
 1100 0441 C0       		.byte	-64
 1101 0442 C0       		.byte	-64
 1102 0443 C0       		.byte	-64
 1103 0444 F0       		.byte	-16
 1104 0445 04       		.byte	4
 1105 0446 04       		.byte	4
 1106 0447 0B       		.byte	11
 1107 0448 00       		.byte	0
 1108 0449 00       		.byte	0
 1109 044a C0       		.byte	-64
 1110 044b C0       		.byte	-64
 1111 044c C0       		.byte	-64
 1112 044d 40       		.byte	64
 1113 044e 60       		.byte	96
 1114 044f 60       		.byte	96
 1115 0450 60       		.byte	96
 1116 0451 20       		.byte	32
 1117 0452 30       		.byte	48
 1118 0453 30       		.byte	48
 1119 0454 30       		.byte	48
 1120 0455 05       		.byte	5
 1121 0456 04       		.byte	4
 1122 0457 0E       		.byte	14
 1123 0458 00       		.byte	0
 1124 0459 FD       		.byte	-3
 1125 045a F0       		.byte	-16
 1126 045b 30       		.byte	48
 1127 045c 30       		.byte	48
 1128 045d 30       		.byte	48
 1129 045e 30       		.byte	48
 1130 045f 30       		.byte	48
 1131 0460 30       		.byte	48
 1132 0461 30       		.byte	48
 1133 0462 30       		.byte	48
 1134 0463 30       		.byte	48
 1135 0464 30       		.byte	48
 1136 0465 30       		.byte	48
 1137 0466 30       		.byte	48
 1138 0467 F0       		.byte	-16
 1139 0468 08       		.byte	8
 1140 0469 06       		.byte	6
 1141 046a 04       		.byte	4
 1142 046b 01       		.byte	1
 1143 046c 07       		.byte	7
 1144 046d 30       		.byte	48
 1145 046e 78       		.byte	120
 1146 046f CC       		.byte	-52
 1147 0470 84       		.byte	-124
 1148 0471 08       		.byte	8
 1149 0472 08       		.byte	8
 1150 0473 01       		.byte	1
 1151 0474 00       		.byte	0
 1152 0475 FD       		.byte	-3
 1153 0476 FF       		.byte	-1
 1154 0477 05       		.byte	5
 1155 0478 03       		.byte	3
 1156 0479 02       		.byte	2
 1157 047a 01       		.byte	1
 1158 047b 09       		.byte	9
 1159 047c C0       		.byte	-64
 1160 047d 60       		.byte	96
 1161 047e 08       		.byte	8
 1162 047f 07       		.byte	7
 1163 0480 08       		.byte	8
 1164 0481 01       		.byte	1
 1165 0482 00       		.byte	0
 1166 0483 78       		.byte	120
 1167 0484 CC       		.byte	-52
 1168 0485 0C       		.byte	12
 1169 0486 7C       		.byte	124
 1170 0487 CC       		.byte	-52
 1171 0488 CC       		.byte	-52
 1172 0489 FC       		.byte	-4
 1173 048a 76       		.byte	118
 1174 048b 09       		.byte	9
 1175 048c 07       		.byte	7
 1176 048d 0B       		.byte	11
 1177 048e 01       		.byte	1
 1178 048f 00       		.byte	0
 1179 0490 C0       		.byte	-64
 1180 0491 C0       		.byte	-64
 1181 0492 C0       		.byte	-64
 1182 0493 F8       		.byte	-8
 1183 0494 EC       		.byte	-20
 1184 0495 C6       		.byte	-58
 1185 0496 C6       		.byte	-58
 1186 0497 C6       		.byte	-58
 1187 0498 C6       		.byte	-58
 1188 0499 EC       		.byte	-20
 1189 049a D8       		.byte	-40
 1190 049b 08       		.byte	8
 1191 049c 06       		.byte	6
 1192 049d 08       		.byte	8
 1193 049e 01       		.byte	1
 1194 049f 00       		.byte	0
 1195 04a0 38       		.byte	56
 1196 04a1 7C       		.byte	124
 1197 04a2 C4       		.byte	-60
 1198 04a3 C0       		.byte	-64
 1199 04a4 C0       		.byte	-64
 1200 04a5 C4       		.byte	-60
 1201 04a6 7C       		.byte	124
 1202 04a7 38       		.byte	56
 1203 04a8 09       		.byte	9
 1204 04a9 07       		.byte	7
 1205 04aa 0B       		.byte	11
 1206 04ab 01       		.byte	1
 1207 04ac 00       		.byte	0
 1208 04ad 06       		.byte	6
 1209 04ae 06       		.byte	6
 1210 04af 06       		.byte	6
 1211 04b0 3E       		.byte	62
 1212 04b1 6E       		.byte	110
 1213 04b2 C6       		.byte	-58
 1214 04b3 C6       		.byte	-58
 1215 04b4 C6       		.byte	-58
 1216 04b5 C6       		.byte	-58
 1217 04b6 6E       		.byte	110
 1218 04b7 36       		.byte	54
 1219 04b8 08       		.byte	8
 1220 04b9 06       		.byte	6
 1221 04ba 08       		.byte	8
 1222 04bb 01       		.byte	1
 1223 04bc 00       		.byte	0
 1224 04bd 78       		.byte	120
 1225 04be CC       		.byte	-52
 1226 04bf CC       		.byte	-52
 1227 04c0 FC       		.byte	-4
 1228 04c1 C0       		.byte	-64
 1229 04c2 C0       		.byte	-64
 1230 04c3 EC       		.byte	-20
 1231 04c4 78       		.byte	120
 1232 04c5 04       		.byte	4
 1233 04c6 05       		.byte	5
 1234 04c7 0B       		.byte	11
 1235 04c8 00       		.byte	0
 1236 04c9 00       		.byte	0
 1237 04ca 38       		.byte	56
 1238 04cb 60       		.byte	96
 1239 04cc 60       		.byte	96
 1240 04cd F0       		.byte	-16
 1241 04ce 60       		.byte	96
 1242 04cf 60       		.byte	96
 1243 04d0 60       		.byte	96
 1244 04d1 60       		.byte	96
 1245 04d2 60       		.byte	96
 1246 04d3 60       		.byte	96
 1247 04d4 60       		.byte	96
 1248 04d5 09       		.byte	9
 1249 04d6 07       		.byte	7
 1250 04d7 0B       		.byte	11
 1251 04d8 01       		.byte	1
 1252 04d9 FD       		.byte	-3
 1253 04da 3A       		.byte	58
 1254 04db 6E       		.byte	110
 1255 04dc C6       		.byte	-58
 1256 04dd C6       		.byte	-58
 1257 04de C6       		.byte	-58
 1258 04df C6       		.byte	-58
 1259 04e0 6E       		.byte	110
 1260 04e1 3E       		.byte	62
 1261 04e2 06       		.byte	6
 1262 04e3 CE       		.byte	-50
 1263 04e4 7C       		.byte	124
 1264 04e5 09       		.byte	9
 1265 04e6 07       		.byte	7
 1266 04e7 0B       		.byte	11
 1267 04e8 01       		.byte	1
 1268 04e9 00       		.byte	0
 1269 04ea C0       		.byte	-64
 1270 04eb C0       		.byte	-64
 1271 04ec C0       		.byte	-64
 1272 04ed DC       		.byte	-36
 1273 04ee EE       		.byte	-18
 1274 04ef C6       		.byte	-58
 1275 04f0 C6       		.byte	-58
 1276 04f1 C6       		.byte	-58
 1277 04f2 C6       		.byte	-58
 1278 04f3 C6       		.byte	-58
 1279 04f4 C6       		.byte	-58
 1280 04f5 04       		.byte	4
 1281 04f6 02       		.byte	2
 1282 04f7 0B       		.byte	11
 1283 04f8 01       		.byte	1
 1284 04f9 00       		.byte	0
 1285 04fa C0       		.byte	-64
 1286 04fb C0       		.byte	-64
 1287 04fc 00       		.byte	0
 1288 04fd C0       		.byte	-64
 1289 04fe C0       		.byte	-64
 1290 04ff C0       		.byte	-64
 1291 0500 C0       		.byte	-64
 1292 0501 C0       		.byte	-64
 1293 0502 C0       		.byte	-64
 1294 0503 C0       		.byte	-64
 1295 0504 C0       		.byte	-64
 1296 0505 04       		.byte	4
 1297 0506 03       		.byte	3
 1298 0507 0E       		.byte	14
 1299 0508 00       		.byte	0
 1300 0509 FD       		.byte	-3
 1301 050a 60       		.byte	96
 1302 050b 60       		.byte	96
 1303 050c 00       		.byte	0
 1304 050d 60       		.byte	96
 1305 050e 60       		.byte	96
 1306 050f 60       		.byte	96
 1307 0510 60       		.byte	96
 1308 0511 60       		.byte	96
 1309 0512 60       		.byte	96
 1310 0513 60       		.byte	96
 1311 0514 60       		.byte	96
 1312 0515 60       		.byte	96
 1313 0516 E0       		.byte	-32
 1314 0517 C0       		.byte	-64
 1315 0518 08       		.byte	8
 1316 0519 06       		.byte	6
 1317 051a 0B       		.byte	11
 1318 051b 01       		.byte	1
 1319 051c 00       		.byte	0
 1320 051d C0       		.byte	-64
 1321 051e C0       		.byte	-64
 1322 051f C0       		.byte	-64
 1323 0520 CC       		.byte	-52
 1324 0521 D8       		.byte	-40
 1325 0522 F0       		.byte	-16
 1326 0523 F0       		.byte	-16
 1327 0524 D8       		.byte	-40
 1328 0525 D8       		.byte	-40
 1329 0526 CC       		.byte	-52
 1330 0527 CC       		.byte	-52
 1331 0528 04       		.byte	4
 1332 0529 02       		.byte	2
 1333 052a 0B       		.byte	11
 1334 052b 01       		.byte	1
 1335 052c 00       		.byte	0
 1336 052d C0       		.byte	-64
 1337 052e C0       		.byte	-64
 1338 052f C0       		.byte	-64
 1339 0530 C0       		.byte	-64
 1340 0531 C0       		.byte	-64
 1341 0532 C0       		.byte	-64
 1342 0533 C0       		.byte	-64
 1343 0534 C0       		.byte	-64
 1344 0535 C0       		.byte	-64
 1345 0536 C0       		.byte	-64
 1346 0537 C0       		.byte	-64
 1347 0538 0C       		.byte	12
 1348 0539 0A       		.byte	10
 1349 053a 08       		.byte	8
 1350 053b 01       		.byte	1
 1351 053c 00       		.byte	0
 1352 053d DB       		.byte	-37
 1353 053e 80       		.byte	-128
 1354 053f EE       		.byte	-18
 1355 0540 C0       		.byte	-64
 1356 0541 CC       		.byte	-52
 1357 0542 C0       		.byte	-64
 1358 0543 CC       		.byte	-52
 1359 0544 C0       		.byte	-64
 1360 0545 CC       		.byte	-52
 1361 0546 C0       		.byte	-64
 1362 0547 CC       		.byte	-52
 1363 0548 C0       		.byte	-64
 1364 0549 CC       		.byte	-52
 1365 054a C0       		.byte	-64
 1366 054b CC       		.byte	-52
 1367 054c C0       		.byte	-64
 1368 054d 09       		.byte	9
 1369 054e 07       		.byte	7
 1370 054f 08       		.byte	8
 1371 0550 01       		.byte	1
 1372 0551 00       		.byte	0
 1373 0552 DC       		.byte	-36
 1374 0553 EE       		.byte	-18
 1375 0554 C6       		.byte	-58
 1376 0555 C6       		.byte	-58
 1377 0556 C6       		.byte	-58
 1378 0557 C6       		.byte	-58
 1379 0558 C6       		.byte	-58
 1380 0559 C6       		.byte	-58
 1381 055a 09       		.byte	9
 1382 055b 07       		.byte	7
 1383 055c 08       		.byte	8
 1384 055d 01       		.byte	1
 1385 055e 00       		.byte	0
 1386 055f 38       		.byte	56
 1387 0560 6C       		.byte	108
 1388 0561 C6       		.byte	-58
 1389 0562 C6       		.byte	-58
 1390 0563 C6       		.byte	-58
 1391 0564 C6       		.byte	-58
 1392 0565 6C       		.byte	108
 1393 0566 38       		.byte	56
 1394 0567 09       		.byte	9
 1395 0568 07       		.byte	7
 1396 0569 0B       		.byte	11
 1397 056a 01       		.byte	1
 1398 056b FD       		.byte	-3
 1399 056c D8       		.byte	-40
 1400 056d EC       		.byte	-20
 1401 056e C6       		.byte	-58
 1402 056f C6       		.byte	-58
 1403 0570 C6       		.byte	-58
 1404 0571 C6       		.byte	-58
 1405 0572 EC       		.byte	-20
 1406 0573 F8       		.byte	-8
 1407 0574 C0       		.byte	-64
 1408 0575 C0       		.byte	-64
 1409 0576 C0       		.byte	-64
 1410 0577 09       		.byte	9
 1411 0578 07       		.byte	7
 1412 0579 0B       		.byte	11
 1413 057a 01       		.byte	1
 1414 057b FD       		.byte	-3
 1415 057c 36       		.byte	54
 1416 057d 6E       		.byte	110
 1417 057e C6       		.byte	-58
 1418 057f C6       		.byte	-58
 1419 0580 C6       		.byte	-58
 1420 0581 C6       		.byte	-58
 1421 0582 6E       		.byte	110
 1422 0583 3E       		.byte	62
 1423 0584 06       		.byte	6
 1424 0585 06       		.byte	6
 1425 0586 06       		.byte	6
 1426 0587 06       		.byte	6
 1427 0588 05       		.byte	5
 1428 0589 08       		.byte	8
 1429 058a 01       		.byte	1
 1430 058b 00       		.byte	0
 1431 058c D8       		.byte	-40
 1432 058d F8       		.byte	-8
 1433 058e C0       		.byte	-64
 1434 058f C0       		.byte	-64
 1435 0590 C0       		.byte	-64
 1436 0591 C0       		.byte	-64
 1437 0592 C0       		.byte	-64
 1438 0593 C0       		.byte	-64
 1439 0594 08       		.byte	8
 1440 0595 06       		.byte	6
 1441 0596 08       		.byte	8
 1442 0597 01       		.byte	1
 1443 0598 00       		.byte	0
 1444 0599 78       		.byte	120
 1445 059a EC       		.byte	-20
 1446 059b C0       		.byte	-64
 1447 059c 78       		.byte	120
 1448 059d 1C       		.byte	28
 1449 059e 0C       		.byte	12
 1450 059f EC       		.byte	-20
 1451 05a0 78       		.byte	120
 1452 05a1 05       		.byte	5
 1453 05a2 05       		.byte	5
 1454 05a3 0A       		.byte	10
 1455 05a4 00       		.byte	0
 1456 05a5 00       		.byte	0
 1457 05a6 60       		.byte	96
 1458 05a7 60       		.byte	96
 1459 05a8 F8       		.byte	-8
 1460 05a9 60       		.byte	96
 1461 05aa 60       		.byte	96
 1462 05ab 60       		.byte	96
 1463 05ac 60       		.byte	96
 1464 05ad 60       		.byte	96
 1465 05ae 68       		.byte	104
 1466 05af 30       		.byte	48
 1467 05b0 09       		.byte	9
 1468 05b1 07       		.byte	7
 1469 05b2 08       		.byte	8
 1470 05b3 01       		.byte	1
 1471 05b4 00       		.byte	0
 1472 05b5 C6       		.byte	-58
 1473 05b6 C6       		.byte	-58
 1474 05b7 C6       		.byte	-58
 1475 05b8 C6       		.byte	-58
 1476 05b9 C6       		.byte	-58
 1477 05ba C6       		.byte	-58
 1478 05bb EE       		.byte	-18
 1479 05bc 76       		.byte	118
 1480 05bd 08       		.byte	8
 1481 05be 08       		.byte	8
 1482 05bf 08       		.byte	8
 1483 05c0 00       		.byte	0
 1484 05c1 00       		.byte	0
 1485 05c2 C3       		.byte	-61
 1486 05c3 C3       		.byte	-61
 1487 05c4 66       		.byte	102
 1488 05c5 66       		.byte	102
 1489 05c6 24       		.byte	36
 1490 05c7 3C       		.byte	60
 1491 05c8 18       		.byte	24
 1492 05c9 18       		.byte	24
 1493 05ca 0A       		.byte	10
 1494 05cb 0A       		.byte	10
 1495 05cc 08       		.byte	8
 1496 05cd 00       		.byte	0
 1497 05ce 00       		.byte	0
 1498 05cf CC       		.byte	-52
 1499 05d0 C0       		.byte	-64
 1500 05d1 CC       		.byte	-52
 1501 05d2 C0       		.byte	-64
 1502 05d3 CC       		.byte	-52
 1503 05d4 C0       		.byte	-64
 1504 05d5 6D       		.byte	109
 1505 05d6 80       		.byte	-128
 1506 05d7 6D       		.byte	109
 1507 05d8 80       		.byte	-128
 1508 05d9 33       		.byte	51
 1509 05da 00       		.byte	0
 1510 05db 33       		.byte	51
 1511 05dc 00       		.byte	0
 1512 05dd 33       		.byte	51
 1513 05de 00       		.byte	0
 1514 05df 07       		.byte	7
 1515 05e0 07       		.byte	7
 1516 05e1 08       		.byte	8
 1517 05e2 00       		.byte	0
 1518 05e3 00       		.byte	0
 1519 05e4 C6       		.byte	-58
 1520 05e5 C6       		.byte	-58
 1521 05e6 6C       		.byte	108
 1522 05e7 38       		.byte	56
 1523 05e8 38       		.byte	56
 1524 05e9 6C       		.byte	108
 1525 05ea C6       		.byte	-58
 1526 05eb C6       		.byte	-58
 1527 05ec 08       		.byte	8
 1528 05ed 08       		.byte	8
 1529 05ee 0B       		.byte	11
 1530 05ef 00       		.byte	0
 1531 05f0 FD       		.byte	-3
 1532 05f1 C3       		.byte	-61
 1533 05f2 C3       		.byte	-61
 1534 05f3 66       		.byte	102
 1535 05f4 66       		.byte	102
 1536 05f5 24       		.byte	36
 1537 05f6 3C       		.byte	60
 1538 05f7 18       		.byte	24
 1539 05f8 18       		.byte	24
 1540 05f9 18       		.byte	24
 1541 05fa 30       		.byte	48
 1542 05fb 70       		.byte	112
 1543 05fc 06       		.byte	6
 1544 05fd 06       		.byte	6
 1545 05fe 08       		.byte	8
 1546 05ff 00       		.byte	0
 1547 0600 00       		.byte	0
 1548 0601 FC       		.byte	-4
 1549 0602 0C       		.byte	12
 1550 0603 18       		.byte	24
 1551 0604 30       		.byte	48
 1552 0605 30       		.byte	48
 1553 0606 60       		.byte	96
 1554 0607 C0       		.byte	-64
 1555 0608 FC       		.byte	-4
 1556 0609 06       		.byte	6
 1557 060a 05       		.byte	5
 1558 060b 0E       		.byte	14
 1559 060c 00       		.byte	0
 1560 060d FD       		.byte	-3
 1561 060e 18       		.byte	24
 1562 060f 30       		.byte	48
 1563 0610 30       		.byte	48
 1564 0611 30       		.byte	48
 1565 0612 30       		.byte	48
 1566 0613 60       		.byte	96
 1567 0614 C0       		.byte	-64
 1568 0615 60       		.byte	96
 1569 0616 30       		.byte	48
 1570 0617 30       		.byte	48
 1571 0618 30       		.byte	48
 1572 0619 30       		.byte	48
 1573 061a 30       		.byte	48
 1574 061b 18       		.byte	24
 1575 061c 04       		.byte	4
 1576 061d 02       		.byte	2
 1577 061e 0E       		.byte	14
 1578 061f 01       		.byte	1
 1579 0620 FD       		.byte	-3
 1580 0621 C0       		.byte	-64
 1581 0622 C0       		.byte	-64
 1582 0623 C0       		.byte	-64
 1583 0624 C0       		.byte	-64
 1584 0625 C0       		.byte	-64
 1585 0626 C0       		.byte	-64
 1586 0627 C0       		.byte	-64
 1587 0628 C0       		.byte	-64
 1588 0629 C0       		.byte	-64
 1589 062a C0       		.byte	-64
 1590 062b C0       		.byte	-64
 1591 062c C0       		.byte	-64
 1592 062d C0       		.byte	-64
 1593 062e C0       		.byte	-64
 1594 062f 06       		.byte	6
 1595 0630 05       		.byte	5
 1596 0631 0E       		.byte	14
 1597 0632 01       		.byte	1
 1598 0633 FD       		.byte	-3
 1599 0634 C0       		.byte	-64
 1600 0635 60       		.byte	96
 1601 0636 60       		.byte	96
 1602 0637 60       		.byte	96
 1603 0638 60       		.byte	96
 1604 0639 30       		.byte	48
 1605 063a 18       		.byte	24
 1606 063b 30       		.byte	48
 1607 063c 60       		.byte	96
 1608 063d 60       		.byte	96
 1609 063e 60       		.byte	96
 1610 063f 60       		.byte	96
 1611 0640 60       		.byte	96
 1612 0641 C0       		.byte	-64
 1613 0642 09       		.byte	9
 1614 0643 07       		.byte	7
 1615 0644 03       		.byte	3
 1616 0645 01       		.byte	1
 1617 0646 03       		.byte	3
 1618 0647 72       		.byte	114
 1619 0648 DE       		.byte	-34
 1620 0649 8C       		.byte	-116
 1621 064a 0000     		.space	2
 1624              	font_helvB14_offsets:
 1625 064c 0000     		.short	0
 1626 064e 0600     		.short	6
 1627 0650 1600     		.short	22
 1628 0652 1E00     		.short	30
 1629 0654 3700     		.short	55
 1630 0656 4900     		.short	73
 1631 0658 6200     		.short	98
 1632 065a 7B00     		.short	123
 1633 065c 8300     		.short	131
 1634 065e 9600     		.short	150
 1635 0660 A900     		.short	169
 1636 0662 B200     		.short	178
 1637 0664 BE00     		.short	190
 1638 0666 C600     		.short	198
 1639 0668 CC00     		.short	204
 1640 066a D300     		.short	211
 1641 066c E300     		.short	227
 1642 066e F200     		.short	242
 1643 0670 0101     		.short	257
 1644 0672 1001     		.short	272
 1645 0674 1F01     		.short	287
 1646 0676 2E01     		.short	302
 1647 0678 3D01     		.short	317
 1648 067a 4C01     		.short	332
 1649 067c 5B01     		.short	347
 1650 067e 6A01     		.short	362
 1651 0680 7901     		.short	377
 1652 0682 8601     		.short	390
 1653 0684 9401     		.short	404
 1654 0686 9E01     		.short	414
 1655 0688 A601     		.short	422
 1656 068a B001     		.short	432
 1657 068c C001     		.short	448
 1658 068e DD01     		.short	477
 1659 0690 F801     		.short	504
 1660 0692 0802     		.short	520
 1661 0694 2302     		.short	547
 1662 0696 3E02     		.short	574
 1663 0698 4E02     		.short	590
 1664 069a 5E02     		.short	606
 1665 069c 7902     		.short	633
 1666 069e 8902     		.short	649
 1667 06a0 9902     		.short	665
 1668 06a2 A902     		.short	681
 1669 06a4 C402     		.short	708
 1670 06a6 D402     		.short	724
 1671 06a8 EF02     		.short	751
 1672 06aa 0A03     		.short	778
 1673 06ac 2503     		.short	805
 1674 06ae 3503     		.short	821
 1675 06b0 5003     		.short	848
 1676 06b2 6B03     		.short	875
 1677 06b4 7B03     		.short	891
 1678 06b6 8B03     		.short	907
 1679 06b8 A603     		.short	934
 1680 06ba C103     		.short	961
 1681 06bc DC03     		.short	988
 1682 06be F703     		.short	1015
 1683 06c0 1204     		.short	1042
 1684 06c2 2204     		.short	1058
 1685 06c4 3504     		.short	1077
 1686 06c6 4504     		.short	1093
 1687 06c8 5804     		.short	1112
 1688 06ca 6104     		.short	1121
 1689 06cc 6704     		.short	1127
 1690 06ce 6E04     		.short	1134
 1691 06d0 7B04     		.short	1147
 1692 06d2 8B04     		.short	1163
 1693 06d4 9804     		.short	1176
 1694 06d6 A804     		.short	1192
 1695 06d8 B504     		.short	1205
 1696 06da C504     		.short	1221
 1697 06dc D504     		.short	1237
 1698 06de E504     		.short	1253
 1699 06e0 F504     		.short	1269
 1700 06e2 0805     		.short	1288
 1701 06e4 1805     		.short	1304
 1702 06e6 2805     		.short	1320
 1703 06e8 3D05     		.short	1341
 1704 06ea 4A05     		.short	1354
 1705 06ec 5705     		.short	1367
 1706 06ee 6705     		.short	1383
 1707 06f0 7705     		.short	1399
 1708 06f2 8405     		.short	1412
 1709 06f4 9105     		.short	1425
 1710 06f6 A005     		.short	1440
 1711 06f8 AD05     		.short	1453
 1712 06fa BA05     		.short	1466
 1713 06fc CF05     		.short	1487
 1714 06fe DC05     		.short	1500
 1715 0700 EC05     		.short	1516
 1716 0702 F905     		.short	1529
 1717 0704 0C06     		.short	1548
 1718 0706 1F06     		.short	1567
 1719 0708 3206     		.short	1586
 1720 070a FFFF     		.short	-1
 1721              		.text
 1722              	.Letext0:
 1723              		.file 1 "/home/z00/gnuarm/install/lib/gcc/arm-elf/4.5.2/../../../../arm-elf/sys-include/stdint.h"
 1724              		.file 2 "include/fb/font.h"
 1725              		.file 3 "fb/helvB14.c"
DEFINED SYMBOLS
                            *ABS*:0000000000000000 helvB14.c
     /tmp/ccl5fzw0.s:16     .rodata:0000000000000000 font_helvB14
     /tmp/ccl5fzw0.s:13     .rodata:0000000000000000 $d
     /tmp/ccl5fzw0.s:26     .rodata:0000000000000010 font_helvB14_data
     /tmp/ccl5fzw0.s:1624   .rodata:000000000000064c font_helvB14_offsets

NO UNDEFINED SYMBOLS
