   1              		.file	"helvR08.c"
   9              	.Ltext0:
  10              		.cfi_sections	.debug_frame
  11              		.global	font_helvR08
  12              		.section	.rodata
  13              		.align	2
  16              	font_helvR08:
  17 0000 0A       		.byte	10
  18 0001 08       		.byte	8
  19 0002 20       		.byte	32
  20 0003 7F       		.byte	127
  21 0004 10000000 		.word	font_helvR08_data
  22 0008 FC030000 		.word	font_helvR08_offsets
  23 000c 00000000 		.space	4
  26              	font_helvR08_data:
  27 0010 02       		.byte	2
  28 0011 01       		.byte	1
  29 0012 01       		.byte	1
  30 0013 00       		.byte	0
  31 0014 00       		.byte	0
  32 0015 00       		.byte	0
  33 0016 02       		.byte	2
  34 0017 01       		.byte	1
  35 0018 06       		.byte	6
  36 0019 01       		.byte	1
  37 001a 00       		.byte	0
  38 001b 80       		.byte	-128
  39 001c 80       		.byte	-128
  40 001d 80       		.byte	-128
  41 001e 80       		.byte	-128
  42 001f 00       		.byte	0
  43 0020 80       		.byte	-128
  44 0021 03       		.byte	3
  45 0022 03       		.byte	3
  46 0023 03       		.byte	3
  47 0024 01       		.byte	1
  48 0025 03       		.byte	3
  49 0026 A0       		.byte	-96
  50 0027 A0       		.byte	-96
  51 0028 A0       		.byte	-96
  52 0029 05       		.byte	5
  53 002a 05       		.byte	5
  54 002b 05       		.byte	5
  55 002c 00       		.byte	0
  56 002d 00       		.byte	0
  57 002e 50       		.byte	80
  58 002f F8       		.byte	-8
  59 0030 50       		.byte	80
  60 0031 F8       		.byte	-8
  61 0032 50       		.byte	80
  62 0033 05       		.byte	5
  63 0034 04       		.byte	4
  64 0035 07       		.byte	7
  65 0036 01       		.byte	1
  66 0037 FF       		.byte	-1
  67 0038 20       		.byte	32
  68 0039 70       		.byte	112
  69 003a 80       		.byte	-128
  70 003b 60       		.byte	96
  71 003c 10       		.byte	16
  72 003d E0       		.byte	-32
  73 003e 40       		.byte	64
  74 003f 07       		.byte	7
  75 0040 06       		.byte	6
  76 0041 06       		.byte	6
  77 0042 01       		.byte	1
  78 0043 00       		.byte	0
  79 0044 E8       		.byte	-24
  80 0045 A8       		.byte	-88
  81 0046 D0       		.byte	-48
  82 0047 2C       		.byte	44
  83 0048 54       		.byte	84
  84 0049 5C       		.byte	92
  85 004a 06       		.byte	6
  86 004b 05       		.byte	5
  87 004c 06       		.byte	6
  88 004d 01       		.byte	1
  89 004e 00       		.byte	0
  90 004f 40       		.byte	64
  91 0050 A0       		.byte	-96
  92 0051 48       		.byte	72
  93 0052 A8       		.byte	-88
  94 0053 B0       		.byte	-80
  95 0054 58       		.byte	88
  96 0055 02       		.byte	2
  97 0056 01       		.byte	1
  98 0057 02       		.byte	2
  99 0058 00       		.byte	0
 100 0059 06       		.byte	6
 101 005a 80       		.byte	-128
 102 005b 80       		.byte	-128
 103 005c 03       		.byte	3
 104 005d 02       		.byte	2
 105 005e 07       		.byte	7
 106 005f 01       		.byte	1
 107 0060 FF       		.byte	-1
 108 0061 40       		.byte	64
 109 0062 80       		.byte	-128
 110 0063 80       		.byte	-128
 111 0064 80       		.byte	-128
 112 0065 80       		.byte	-128
 113 0066 80       		.byte	-128
 114 0067 40       		.byte	64
 115 0068 03       		.byte	3
 116 0069 02       		.byte	2
 117 006a 07       		.byte	7
 118 006b 01       		.byte	1
 119 006c FF       		.byte	-1
 120 006d 80       		.byte	-128
 121 006e 40       		.byte	64
 122 006f 40       		.byte	64
 123 0070 40       		.byte	64
 124 0071 40       		.byte	64
 125 0072 40       		.byte	64
 126 0073 80       		.byte	-128
 127 0074 03       		.byte	3
 128 0075 03       		.byte	3
 129 0076 03       		.byte	3
 130 0077 01       		.byte	1
 131 0078 02       		.byte	2
 132 0079 40       		.byte	64
 133 007a E0       		.byte	-32
 134 007b 40       		.byte	64
 135 007c 05       		.byte	5
 136 007d 05       		.byte	5
 137 007e 05       		.byte	5
 138 007f 01       		.byte	1
 139 0080 00       		.byte	0
 140 0081 20       		.byte	32
 141 0082 20       		.byte	32
 142 0083 F8       		.byte	-8
 143 0084 20       		.byte	32
 144 0085 20       		.byte	32
 145 0086 02       		.byte	2
 146 0087 02       		.byte	2
 147 0088 03       		.byte	3
 148 0089 00       		.byte	0
 149 008a FE       		.byte	-2
 150 008b 40       		.byte	64
 151 008c 40       		.byte	64
 152 008d 80       		.byte	-128
 153 008e 03       		.byte	3
 154 008f 02       		.byte	2
 155 0090 01       		.byte	1
 156 0091 00       		.byte	0
 157 0092 02       		.byte	2
 158 0093 C0       		.byte	-64
 159 0094 02       		.byte	2
 160 0095 01       		.byte	1
 161 0096 01       		.byte	1
 162 0097 01       		.byte	1
 163 0098 00       		.byte	0
 164 0099 80       		.byte	-128
 165 009a 02       		.byte	2
 166 009b 02       		.byte	2
 167 009c 07       		.byte	7
 168 009d 01       		.byte	1
 169 009e FF       		.byte	-1
 170 009f 40       		.byte	64
 171 00a0 40       		.byte	64
 172 00a1 40       		.byte	64
 173 00a2 80       		.byte	-128
 174 00a3 80       		.byte	-128
 175 00a4 80       		.byte	-128
 176 00a5 80       		.byte	-128
 177 00a6 05       		.byte	5
 178 00a7 04       		.byte	4
 179 00a8 06       		.byte	6
 180 00a9 01       		.byte	1
 181 00aa 00       		.byte	0
 182 00ab 60       		.byte	96
 183 00ac 90       		.byte	-112
 184 00ad 90       		.byte	-112
 185 00ae 90       		.byte	-112
 186 00af 90       		.byte	-112
 187 00b0 60       		.byte	96
 188 00b1 05       		.byte	5
 189 00b2 02       		.byte	2
 190 00b3 06       		.byte	6
 191 00b4 02       		.byte	2
 192 00b5 00       		.byte	0
 193 00b6 40       		.byte	64
 194 00b7 C0       		.byte	-64
 195 00b8 40       		.byte	64
 196 00b9 40       		.byte	64
 197 00ba 40       		.byte	64
 198 00bb 40       		.byte	64
 199 00bc 05       		.byte	5
 200 00bd 04       		.byte	4
 201 00be 06       		.byte	6
 202 00bf 01       		.byte	1
 203 00c0 00       		.byte	0
 204 00c1 60       		.byte	96
 205 00c2 90       		.byte	-112
 206 00c3 10       		.byte	16
 207 00c4 20       		.byte	32
 208 00c5 40       		.byte	64
 209 00c6 F0       		.byte	-16
 210 00c7 05       		.byte	5
 211 00c8 03       		.byte	3
 212 00c9 06       		.byte	6
 213 00ca 02       		.byte	2
 214 00cb 00       		.byte	0
 215 00cc C0       		.byte	-64
 216 00cd 20       		.byte	32
 217 00ce C0       		.byte	-64
 218 00cf 20       		.byte	32
 219 00d0 20       		.byte	32
 220 00d1 C0       		.byte	-64
 221 00d2 05       		.byte	5
 222 00d3 04       		.byte	4
 223 00d4 06       		.byte	6
 224 00d5 01       		.byte	1
 225 00d6 00       		.byte	0
 226 00d7 20       		.byte	32
 227 00d8 20       		.byte	32
 228 00d9 60       		.byte	96
 229 00da F0       		.byte	-16
 230 00db 20       		.byte	32
 231 00dc 20       		.byte	32
 232 00dd 05       		.byte	5
 233 00de 03       		.byte	3
 234 00df 06       		.byte	6
 235 00e0 02       		.byte	2
 236 00e1 00       		.byte	0
 237 00e2 E0       		.byte	-32
 238 00e3 80       		.byte	-128
 239 00e4 C0       		.byte	-64
 240 00e5 20       		.byte	32
 241 00e6 20       		.byte	32
 242 00e7 C0       		.byte	-64
 243 00e8 05       		.byte	5
 244 00e9 04       		.byte	4
 245 00ea 06       		.byte	6
 246 00eb 01       		.byte	1
 247 00ec 00       		.byte	0
 248 00ed 70       		.byte	112
 249 00ee 80       		.byte	-128
 250 00ef E0       		.byte	-32
 251 00f0 90       		.byte	-112
 252 00f1 90       		.byte	-112
 253 00f2 60       		.byte	96
 254 00f3 05       		.byte	5
 255 00f4 04       		.byte	4
 256 00f5 06       		.byte	6
 257 00f6 01       		.byte	1
 258 00f7 00       		.byte	0
 259 00f8 F0       		.byte	-16
 260 00f9 10       		.byte	16
 261 00fa 20       		.byte	32
 262 00fb 40       		.byte	64
 263 00fc 40       		.byte	64
 264 00fd 40       		.byte	64
 265 00fe 05       		.byte	5
 266 00ff 04       		.byte	4
 267 0100 06       		.byte	6
 268 0101 01       		.byte	1
 269 0102 00       		.byte	0
 270 0103 60       		.byte	96
 271 0104 90       		.byte	-112
 272 0105 60       		.byte	96
 273 0106 90       		.byte	-112
 274 0107 90       		.byte	-112
 275 0108 60       		.byte	96
 276 0109 05       		.byte	5
 277 010a 04       		.byte	4
 278 010b 06       		.byte	6
 279 010c 01       		.byte	1
 280 010d 00       		.byte	0
 281 010e 60       		.byte	96
 282 010f 90       		.byte	-112
 283 0110 90       		.byte	-112
 284 0111 70       		.byte	112
 285 0112 10       		.byte	16
 286 0113 60       		.byte	96
 287 0114 02       		.byte	2
 288 0115 01       		.byte	1
 289 0116 04       		.byte	4
 290 0117 01       		.byte	1
 291 0118 00       		.byte	0
 292 0119 80       		.byte	-128
 293 011a 00       		.byte	0
 294 011b 00       		.byte	0
 295 011c 80       		.byte	-128
 296 011d 02       		.byte	2
 297 011e 02       		.byte	2
 298 011f 06       		.byte	6
 299 0120 00       		.byte	0
 300 0121 FE       		.byte	-2
 301 0122 40       		.byte	64
 302 0123 00       		.byte	0
 303 0124 00       		.byte	0
 304 0125 40       		.byte	64
 305 0126 40       		.byte	64
 306 0127 80       		.byte	-128
 307 0128 05       		.byte	5
 308 0129 03       		.byte	3
 309 012a 05       		.byte	5
 310 012b 01       		.byte	1
 311 012c 00       		.byte	0
 312 012d 20       		.byte	32
 313 012e 40       		.byte	64
 314 012f 80       		.byte	-128
 315 0130 40       		.byte	64
 316 0131 20       		.byte	32
 317 0132 04       		.byte	4
 318 0133 03       		.byte	3
 319 0134 03       		.byte	3
 320 0135 01       		.byte	1
 321 0136 01       		.byte	1
 322 0137 E0       		.byte	-32
 323 0138 00       		.byte	0
 324 0139 E0       		.byte	-32
 325 013a 05       		.byte	5
 326 013b 03       		.byte	3
 327 013c 05       		.byte	5
 328 013d 02       		.byte	2
 329 013e 00       		.byte	0
 330 013f 80       		.byte	-128
 331 0140 40       		.byte	64
 332 0141 20       		.byte	32
 333 0142 40       		.byte	64
 334 0143 80       		.byte	-128
 335 0144 05       		.byte	5
 336 0145 03       		.byte	3
 337 0146 05       		.byte	5
 338 0147 02       		.byte	2
 339 0148 00       		.byte	0
 340 0149 C0       		.byte	-64
 341 014a 20       		.byte	32
 342 014b 40       		.byte	64
 343 014c 00       		.byte	0
 344 014d 40       		.byte	64
 345 014e 09       		.byte	9
 346 014f 08       		.byte	8
 347 0150 07       		.byte	7
 348 0151 01       		.byte	1
 349 0152 FF       		.byte	-1
 350 0153 3E       		.byte	62
 351 0154 41       		.byte	65
 352 0155 99       		.byte	-103
 353 0156 A5       		.byte	-91
 354 0157 9E       		.byte	-98
 355 0158 80       		.byte	-128
 356 0159 78       		.byte	120
 357 015a 06       		.byte	6
 358 015b 05       		.byte	5
 359 015c 06       		.byte	6
 360 015d 01       		.byte	1
 361 015e 00       		.byte	0
 362 015f 20       		.byte	32
 363 0160 20       		.byte	32
 364 0161 50       		.byte	80
 365 0162 70       		.byte	112
 366 0163 88       		.byte	-120
 367 0164 88       		.byte	-120
 368 0165 06       		.byte	6
 369 0166 04       		.byte	4
 370 0167 06       		.byte	6
 371 0168 02       		.byte	2
 372 0169 00       		.byte	0
 373 016a E0       		.byte	-32
 374 016b 90       		.byte	-112
 375 016c E0       		.byte	-32
 376 016d 90       		.byte	-112
 377 016e 90       		.byte	-112
 378 016f E0       		.byte	-32
 379 0170 06       		.byte	6
 380 0171 05       		.byte	5
 381 0172 06       		.byte	6
 382 0173 01       		.byte	1
 383 0174 00       		.byte	0
 384 0175 70       		.byte	112
 385 0176 88       		.byte	-120
 386 0177 80       		.byte	-128
 387 0178 80       		.byte	-128
 388 0179 88       		.byte	-120
 389 017a 70       		.byte	112
 390 017b 06       		.byte	6
 391 017c 05       		.byte	5
 392 017d 06       		.byte	6
 393 017e 01       		.byte	1
 394 017f 00       		.byte	0
 395 0180 F0       		.byte	-16
 396 0181 88       		.byte	-120
 397 0182 88       		.byte	-120
 398 0183 88       		.byte	-120
 399 0184 88       		.byte	-120
 400 0185 F0       		.byte	-16
 401 0186 06       		.byte	6
 402 0187 04       		.byte	4
 403 0188 06       		.byte	6
 404 0189 02       		.byte	2
 405 018a 00       		.byte	0
 406 018b F0       		.byte	-16
 407 018c 80       		.byte	-128
 408 018d E0       		.byte	-32
 409 018e 80       		.byte	-128
 410 018f 80       		.byte	-128
 411 0190 F0       		.byte	-16
 412 0191 05       		.byte	5
 413 0192 04       		.byte	4
 414 0193 06       		.byte	6
 415 0194 02       		.byte	2
 416 0195 00       		.byte	0
 417 0196 F0       		.byte	-16
 418 0197 80       		.byte	-128
 419 0198 E0       		.byte	-32
 420 0199 80       		.byte	-128
 421 019a 80       		.byte	-128
 422 019b 80       		.byte	-128
 423 019c 06       		.byte	6
 424 019d 05       		.byte	5
 425 019e 06       		.byte	6
 426 019f 01       		.byte	1
 427 01a0 00       		.byte	0
 428 01a1 70       		.byte	112
 429 01a2 80       		.byte	-128
 430 01a3 98       		.byte	-104
 431 01a4 88       		.byte	-120
 432 01a5 88       		.byte	-120
 433 01a6 70       		.byte	112
 434 01a7 06       		.byte	6
 435 01a8 05       		.byte	5
 436 01a9 06       		.byte	6
 437 01aa 01       		.byte	1
 438 01ab 00       		.byte	0
 439 01ac 88       		.byte	-120
 440 01ad 88       		.byte	-120
 441 01ae F8       		.byte	-8
 442 01af 88       		.byte	-120
 443 01b0 88       		.byte	-120
 444 01b1 88       		.byte	-120
 445 01b2 02       		.byte	2
 446 01b3 01       		.byte	1
 447 01b4 06       		.byte	6
 448 01b5 01       		.byte	1
 449 01b6 00       		.byte	0
 450 01b7 80       		.byte	-128
 451 01b8 80       		.byte	-128
 452 01b9 80       		.byte	-128
 453 01ba 80       		.byte	-128
 454 01bb 80       		.byte	-128
 455 01bc 80       		.byte	-128
 456 01bd 04       		.byte	4
 457 01be 03       		.byte	3
 458 01bf 06       		.byte	6
 459 01c0 01       		.byte	1
 460 01c1 00       		.byte	0
 461 01c2 20       		.byte	32
 462 01c3 20       		.byte	32
 463 01c4 20       		.byte	32
 464 01c5 20       		.byte	32
 465 01c6 A0       		.byte	-96
 466 01c7 40       		.byte	64
 467 01c8 06       		.byte	6
 468 01c9 04       		.byte	4
 469 01ca 06       		.byte	6
 470 01cb 02       		.byte	2
 471 01cc 00       		.byte	0
 472 01cd 90       		.byte	-112
 473 01ce A0       		.byte	-96
 474 01cf C0       		.byte	-64
 475 01d0 E0       		.byte	-32
 476 01d1 90       		.byte	-112
 477 01d2 90       		.byte	-112
 478 01d3 05       		.byte	5
 479 01d4 03       		.byte	3
 480 01d5 06       		.byte	6
 481 01d6 02       		.byte	2
 482 01d7 00       		.byte	0
 483 01d8 80       		.byte	-128
 484 01d9 80       		.byte	-128
 485 01da 80       		.byte	-128
 486 01db 80       		.byte	-128
 487 01dc 80       		.byte	-128
 488 01dd E0       		.byte	-32
 489 01de 07       		.byte	7
 490 01df 05       		.byte	5
 491 01e0 06       		.byte	6
 492 01e1 02       		.byte	2
 493 01e2 00       		.byte	0
 494 01e3 88       		.byte	-120
 495 01e4 D8       		.byte	-40
 496 01e5 A8       		.byte	-88
 497 01e6 A8       		.byte	-88
 498 01e7 A8       		.byte	-88
 499 01e8 A8       		.byte	-88
 500 01e9 06       		.byte	6
 501 01ea 05       		.byte	5
 502 01eb 06       		.byte	6
 503 01ec 01       		.byte	1
 504 01ed 00       		.byte	0
 505 01ee 88       		.byte	-120
 506 01ef C8       		.byte	-56
 507 01f0 A8       		.byte	-88
 508 01f1 A8       		.byte	-88
 509 01f2 98       		.byte	-104
 510 01f3 88       		.byte	-120
 511 01f4 06       		.byte	6
 512 01f5 05       		.byte	5
 513 01f6 06       		.byte	6
 514 01f7 01       		.byte	1
 515 01f8 00       		.byte	0
 516 01f9 70       		.byte	112
 517 01fa 88       		.byte	-120
 518 01fb 88       		.byte	-120
 519 01fc 88       		.byte	-120
 520 01fd 88       		.byte	-120
 521 01fe 70       		.byte	112
 522 01ff 06       		.byte	6
 523 0200 04       		.byte	4
 524 0201 06       		.byte	6
 525 0202 02       		.byte	2
 526 0203 00       		.byte	0
 527 0204 E0       		.byte	-32
 528 0205 90       		.byte	-112
 529 0206 90       		.byte	-112
 530 0207 E0       		.byte	-32
 531 0208 80       		.byte	-128
 532 0209 80       		.byte	-128
 533 020a 06       		.byte	6
 534 020b 05       		.byte	5
 535 020c 08       		.byte	8
 536 020d 01       		.byte	1
 537 020e FE       		.byte	-2
 538 020f 70       		.byte	112
 539 0210 88       		.byte	-120
 540 0211 88       		.byte	-120
 541 0212 88       		.byte	-120
 542 0213 88       		.byte	-120
 543 0214 70       		.byte	112
 544 0215 20       		.byte	32
 545 0216 10       		.byte	16
 546 0217 06       		.byte	6
 547 0218 04       		.byte	4
 548 0219 06       		.byte	6
 549 021a 02       		.byte	2
 550 021b 00       		.byte	0
 551 021c E0       		.byte	-32
 552 021d 90       		.byte	-112
 553 021e 90       		.byte	-112
 554 021f E0       		.byte	-32
 555 0220 90       		.byte	-112
 556 0221 90       		.byte	-112
 557 0222 06       		.byte	6
 558 0223 04       		.byte	4
 559 0224 06       		.byte	6
 560 0225 02       		.byte	2
 561 0226 00       		.byte	0
 562 0227 70       		.byte	112
 563 0228 80       		.byte	-128
 564 0229 E0       		.byte	-32
 565 022a 10       		.byte	16
 566 022b 10       		.byte	16
 567 022c E0       		.byte	-32
 568 022d 04       		.byte	4
 569 022e 03       		.byte	3
 570 022f 06       		.byte	6
 571 0230 01       		.byte	1
 572 0231 00       		.byte	0
 573 0232 E0       		.byte	-32
 574 0233 40       		.byte	64
 575 0234 40       		.byte	64
 576 0235 40       		.byte	64
 577 0236 40       		.byte	64
 578 0237 40       		.byte	64
 579 0238 06       		.byte	6
 580 0239 05       		.byte	5
 581 023a 06       		.byte	6
 582 023b 01       		.byte	1
 583 023c 00       		.byte	0
 584 023d 88       		.byte	-120
 585 023e 88       		.byte	-120
 586 023f 88       		.byte	-120
 587 0240 88       		.byte	-120
 588 0241 88       		.byte	-120
 589 0242 70       		.byte	112
 590 0243 06       		.byte	6
 591 0244 04       		.byte	4
 592 0245 06       		.byte	6
 593 0246 02       		.byte	2
 594 0247 00       		.byte	0
 595 0248 90       		.byte	-112
 596 0249 90       		.byte	-112
 597 024a 90       		.byte	-112
 598 024b 90       		.byte	-112
 599 024c A0       		.byte	-96
 600 024d 40       		.byte	64
 601 024e 07       		.byte	7
 602 024f 07       		.byte	7
 603 0250 06       		.byte	6
 604 0251 01       		.byte	1
 605 0252 00       		.byte	0
 606 0253 92       		.byte	-110
 607 0254 92       		.byte	-110
 608 0255 92       		.byte	-110
 609 0256 6C       		.byte	108
 610 0257 48       		.byte	72
 611 0258 48       		.byte	72
 612 0259 06       		.byte	6
 613 025a 04       		.byte	4
 614 025b 06       		.byte	6
 615 025c 02       		.byte	2
 616 025d 00       		.byte	0
 617 025e 90       		.byte	-112
 618 025f 90       		.byte	-112
 619 0260 60       		.byte	96
 620 0261 60       		.byte	96
 621 0262 90       		.byte	-112
 622 0263 90       		.byte	-112
 623 0264 06       		.byte	6
 624 0265 05       		.byte	5
 625 0266 06       		.byte	6
 626 0267 01       		.byte	1
 627 0268 00       		.byte	0
 628 0269 C8       		.byte	-56
 629 026a 48       		.byte	72
 630 026b 48       		.byte	72
 631 026c 30       		.byte	48
 632 026d 20       		.byte	32
 633 026e 20       		.byte	32
 634 026f 06       		.byte	6
 635 0270 04       		.byte	4
 636 0271 06       		.byte	6
 637 0272 02       		.byte	2
 638 0273 00       		.byte	0
 639 0274 F0       		.byte	-16
 640 0275 10       		.byte	16
 641 0276 20       		.byte	32
 642 0277 40       		.byte	64
 643 0278 80       		.byte	-128
 644 0279 F0       		.byte	-16
 645 027a 02       		.byte	2
 646 027b 02       		.byte	2
 647 027c 07       		.byte	7
 648 027d 01       		.byte	1
 649 027e FF       		.byte	-1
 650 027f C0       		.byte	-64
 651 0280 80       		.byte	-128
 652 0281 80       		.byte	-128
 653 0282 80       		.byte	-128
 654 0283 80       		.byte	-128
 655 0284 80       		.byte	-128
 656 0285 C0       		.byte	-64
 657 0286 02       		.byte	2
 658 0287 02       		.byte	2
 659 0288 07       		.byte	7
 660 0289 00       		.byte	0
 661 028a FF       		.byte	-1
 662 028b 80       		.byte	-128
 663 028c 80       		.byte	-128
 664 028d 80       		.byte	-128
 665 028e 40       		.byte	64
 666 028f 40       		.byte	64
 667 0290 40       		.byte	64
 668 0291 40       		.byte	64
 669 0292 02       		.byte	2
 670 0293 02       		.byte	2
 671 0294 07       		.byte	7
 672 0295 00       		.byte	0
 673 0296 FF       		.byte	-1
 674 0297 C0       		.byte	-64
 675 0298 40       		.byte	64
 676 0299 40       		.byte	64
 677 029a 40       		.byte	64
 678 029b 40       		.byte	64
 679 029c 40       		.byte	64
 680 029d C0       		.byte	-64
 681 029e 05       		.byte	5
 682 029f 05       		.byte	5
 683 02a0 03       		.byte	3
 684 02a1 00       		.byte	0
 685 02a2 02       		.byte	2
 686 02a3 20       		.byte	32
 687 02a4 50       		.byte	80
 688 02a5 88       		.byte	-120
 689 02a6 05       		.byte	5
 690 02a7 05       		.byte	5
 691 02a8 01       		.byte	1
 692 02a9 00       		.byte	0
 693 02aa FF       		.byte	-1
 694 02ab F8       		.byte	-8
 695 02ac 03       		.byte	3
 696 02ad 02       		.byte	2
 697 02ae 02       		.byte	2
 698 02af 00       		.byte	0
 699 02b0 06       		.byte	6
 700 02b1 80       		.byte	-128
 701 02b2 40       		.byte	64
 702 02b3 04       		.byte	4
 703 02b4 04       		.byte	4
 704 02b5 05       		.byte	5
 705 02b6 01       		.byte	1
 706 02b7 00       		.byte	0
 707 02b8 C0       		.byte	-64
 708 02b9 20       		.byte	32
 709 02ba E0       		.byte	-32
 710 02bb A0       		.byte	-96
 711 02bc D0       		.byte	-48
 712 02bd 05       		.byte	5
 713 02be 04       		.byte	4
 714 02bf 07       		.byte	7
 715 02c0 01       		.byte	1
 716 02c1 00       		.byte	0
 717 02c2 80       		.byte	-128
 718 02c3 80       		.byte	-128
 719 02c4 E0       		.byte	-32
 720 02c5 90       		.byte	-112
 721 02c6 90       		.byte	-112
 722 02c7 90       		.byte	-112
 723 02c8 E0       		.byte	-32
 724 02c9 04       		.byte	4
 725 02ca 03       		.byte	3
 726 02cb 05       		.byte	5
 727 02cc 01       		.byte	1
 728 02cd 00       		.byte	0
 729 02ce 60       		.byte	96
 730 02cf 80       		.byte	-128
 731 02d0 80       		.byte	-128
 732 02d1 80       		.byte	-128
 733 02d2 60       		.byte	96
 734 02d3 05       		.byte	5
 735 02d4 04       		.byte	4
 736 02d5 07       		.byte	7
 737 02d6 01       		.byte	1
 738 02d7 00       		.byte	0
 739 02d8 10       		.byte	16
 740 02d9 10       		.byte	16
 741 02da 70       		.byte	112
 742 02db 90       		.byte	-112
 743 02dc 90       		.byte	-112
 744 02dd 90       		.byte	-112
 745 02de 70       		.byte	112
 746 02df 04       		.byte	4
 747 02e0 03       		.byte	3
 748 02e1 05       		.byte	5
 749 02e2 01       		.byte	1
 750 02e3 00       		.byte	0
 751 02e4 40       		.byte	64
 752 02e5 A0       		.byte	-96
 753 02e6 E0       		.byte	-32
 754 02e7 80       		.byte	-128
 755 02e8 60       		.byte	96
 756 02e9 04       		.byte	4
 757 02ea 03       		.byte	3
 758 02eb 07       		.byte	7
 759 02ec 01       		.byte	1
 760 02ed 00       		.byte	0
 761 02ee 20       		.byte	32
 762 02ef 40       		.byte	64
 763 02f0 E0       		.byte	-32
 764 02f1 40       		.byte	64
 765 02f2 40       		.byte	64
 766 02f3 40       		.byte	64
 767 02f4 40       		.byte	64
 768 02f5 05       		.byte	5
 769 02f6 04       		.byte	4
 770 02f7 06       		.byte	6
 771 02f8 01       		.byte	1
 772 02f9 FF       		.byte	-1
 773 02fa 70       		.byte	112
 774 02fb 90       		.byte	-112
 775 02fc 90       		.byte	-112
 776 02fd 70       		.byte	112
 777 02fe 10       		.byte	16
 778 02ff 60       		.byte	96
 779 0300 05       		.byte	5
 780 0301 04       		.byte	4
 781 0302 07       		.byte	7
 782 0303 01       		.byte	1
 783 0304 00       		.byte	0
 784 0305 80       		.byte	-128
 785 0306 80       		.byte	-128
 786 0307 E0       		.byte	-32
 787 0308 90       		.byte	-112
 788 0309 90       		.byte	-112
 789 030a 90       		.byte	-112
 790 030b 90       		.byte	-112
 791 030c 02       		.byte	2
 792 030d 01       		.byte	1
 793 030e 07       		.byte	7
 794 030f 01       		.byte	1
 795 0310 00       		.byte	0
 796 0311 80       		.byte	-128
 797 0312 00       		.byte	0
 798 0313 80       		.byte	-128
 799 0314 80       		.byte	-128
 800 0315 80       		.byte	-128
 801 0316 80       		.byte	-128
 802 0317 80       		.byte	-128
 803 0318 02       		.byte	2
 804 0319 02       		.byte	2
 805 031a 09       		.byte	9
 806 031b 00       		.byte	0
 807 031c FE       		.byte	-2
 808 031d 40       		.byte	64
 809 031e 00       		.byte	0
 810 031f 40       		.byte	64
 811 0320 40       		.byte	64
 812 0321 40       		.byte	64
 813 0322 40       		.byte	64
 814 0323 40       		.byte	64
 815 0324 40       		.byte	64
 816 0325 80       		.byte	-128
 817 0326 04       		.byte	4
 818 0327 03       		.byte	3
 819 0328 07       		.byte	7
 820 0329 01       		.byte	1
 821 032a 00       		.byte	0
 822 032b 80       		.byte	-128
 823 032c 80       		.byte	-128
 824 032d A0       		.byte	-96
 825 032e C0       		.byte	-64
 826 032f C0       		.byte	-64
 827 0330 A0       		.byte	-96
 828 0331 A0       		.byte	-96
 829 0332 02       		.byte	2
 830 0333 01       		.byte	1
 831 0334 07       		.byte	7
 832 0335 01       		.byte	1
 833 0336 00       		.byte	0
 834 0337 80       		.byte	-128
 835 0338 80       		.byte	-128
 836 0339 80       		.byte	-128
 837 033a 80       		.byte	-128
 838 033b 80       		.byte	-128
 839 033c 80       		.byte	-128
 840 033d 80       		.byte	-128
 841 033e 06       		.byte	6
 842 033f 05       		.byte	5
 843 0340 05       		.byte	5
 844 0341 01       		.byte	1
 845 0342 00       		.byte	0
 846 0343 F0       		.byte	-16
 847 0344 A8       		.byte	-88
 848 0345 A8       		.byte	-88
 849 0346 A8       		.byte	-88
 850 0347 A8       		.byte	-88
 851 0348 05       		.byte	5
 852 0349 04       		.byte	4
 853 034a 05       		.byte	5
 854 034b 01       		.byte	1
 855 034c 00       		.byte	0
 856 034d E0       		.byte	-32
 857 034e 90       		.byte	-112
 858 034f 90       		.byte	-112
 859 0350 90       		.byte	-112
 860 0351 90       		.byte	-112
 861 0352 05       		.byte	5
 862 0353 04       		.byte	4
 863 0354 05       		.byte	5
 864 0355 01       		.byte	1
 865 0356 00       		.byte	0
 866 0357 60       		.byte	96
 867 0358 90       		.byte	-112
 868 0359 90       		.byte	-112
 869 035a 90       		.byte	-112
 870 035b 60       		.byte	96
 871 035c 05       		.byte	5
 872 035d 04       		.byte	4
 873 035e 06       		.byte	6
 874 035f 01       		.byte	1
 875 0360 FF       		.byte	-1
 876 0361 E0       		.byte	-32
 877 0362 90       		.byte	-112
 878 0363 90       		.byte	-112
 879 0364 90       		.byte	-112
 880 0365 E0       		.byte	-32
 881 0366 80       		.byte	-128
 882 0367 05       		.byte	5
 883 0368 04       		.byte	4
 884 0369 06       		.byte	6
 885 036a 01       		.byte	1
 886 036b FF       		.byte	-1
 887 036c 70       		.byte	112
 888 036d 90       		.byte	-112
 889 036e 90       		.byte	-112
 890 036f 90       		.byte	-112
 891 0370 70       		.byte	112
 892 0371 10       		.byte	16
 893 0372 03       		.byte	3
 894 0373 03       		.byte	3
 895 0374 05       		.byte	5
 896 0375 01       		.byte	1
 897 0376 00       		.byte	0
 898 0377 A0       		.byte	-96
 899 0378 C0       		.byte	-64
 900 0379 80       		.byte	-128
 901 037a 80       		.byte	-128
 902 037b 80       		.byte	-128
 903 037c 04       		.byte	4
 904 037d 03       		.byte	3
 905 037e 05       		.byte	5
 906 037f 01       		.byte	1
 907 0380 00       		.byte	0
 908 0381 60       		.byte	96
 909 0382 80       		.byte	-128
 910 0383 60       		.byte	96
 911 0384 20       		.byte	32
 912 0385 C0       		.byte	-64
 913 0386 03       		.byte	3
 914 0387 03       		.byte	3
 915 0388 07       		.byte	7
 916 0389 01       		.byte	1
 917 038a 00       		.byte	0
 918 038b 40       		.byte	64
 919 038c 40       		.byte	64
 920 038d E0       		.byte	-32
 921 038e 40       		.byte	64
 922 038f 40       		.byte	64
 923 0390 40       		.byte	64
 924 0391 40       		.byte	64
 925 0392 04       		.byte	4
 926 0393 03       		.byte	3
 927 0394 05       		.byte	5
 928 0395 01       		.byte	1
 929 0396 00       		.byte	0
 930 0397 A0       		.byte	-96
 931 0398 A0       		.byte	-96
 932 0399 A0       		.byte	-96
 933 039a A0       		.byte	-96
 934 039b 60       		.byte	96
 935 039c 05       		.byte	5
 936 039d 04       		.byte	4
 937 039e 05       		.byte	5
 938 039f 01       		.byte	1
 939 03a0 00       		.byte	0
 940 03a1 90       		.byte	-112
 941 03a2 90       		.byte	-112
 942 03a3 90       		.byte	-112
 943 03a4 A0       		.byte	-96
 944 03a5 40       		.byte	64
 945 03a6 06       		.byte	6
 946 03a7 05       		.byte	5
 947 03a8 05       		.byte	5
 948 03a9 01       		.byte	1
 949 03aa 00       		.byte	0
 950 03ab A8       		.byte	-88
 951 03ac A8       		.byte	-88
 952 03ad A8       		.byte	-88
 953 03ae 50       		.byte	80
 954 03af 50       		.byte	80
 955 03b0 05       		.byte	5
 956 03b1 04       		.byte	4
 957 03b2 05       		.byte	5
 958 03b3 01       		.byte	1
 959 03b4 00       		.byte	0
 960 03b5 90       		.byte	-112
 961 03b6 90       		.byte	-112
 962 03b7 60       		.byte	96
 963 03b8 90       		.byte	-112
 964 03b9 90       		.byte	-112
 965 03ba 04       		.byte	4
 966 03bb 04       		.byte	4
 967 03bc 06       		.byte	6
 968 03bd 01       		.byte	1
 969 03be FF       		.byte	-1
 970 03bf 90       		.byte	-112
 971 03c0 90       		.byte	-112
 972 03c1 90       		.byte	-112
 973 03c2 60       		.byte	96
 974 03c3 40       		.byte	64
 975 03c4 80       		.byte	-128
 976 03c5 04       		.byte	4
 977 03c6 03       		.byte	3
 978 03c7 05       		.byte	5
 979 03c8 01       		.byte	1
 980 03c9 00       		.byte	0
 981 03ca E0       		.byte	-32
 982 03cb 20       		.byte	32
 983 03cc 40       		.byte	64
 984 03cd 80       		.byte	-128
 985 03ce E0       		.byte	-32
 986 03cf 02       		.byte	2
 987 03d0 03       		.byte	3
 988 03d1 07       		.byte	7
 989 03d2 00       		.byte	0
 990 03d3 FF       		.byte	-1
 991 03d4 20       		.byte	32
 992 03d5 40       		.byte	64
 993 03d6 40       		.byte	64
 994 03d7 C0       		.byte	-64
 995 03d8 40       		.byte	64
 996 03d9 40       		.byte	64
 997 03da 20       		.byte	32
 998 03db 02       		.byte	2
 999 03dc 01       		.byte	1
 1000 03dd 07       		.byte	7
 1001 03de 01       		.byte	1
 1002 03df FF       		.byte	-1
 1003 03e0 80       		.byte	-128
 1004 03e1 80       		.byte	-128
 1005 03e2 80       		.byte	-128
 1006 03e3 80       		.byte	-128
 1007 03e4 80       		.byte	-128
 1008 03e5 80       		.byte	-128
 1009 03e6 80       		.byte	-128
 1010 03e7 02       		.byte	2
 1011 03e8 03       		.byte	3
 1012 03e9 07       		.byte	7
 1013 03ea 00       		.byte	0
 1014 03eb FF       		.byte	-1
 1015 03ec 80       		.byte	-128
 1016 03ed 40       		.byte	64
 1017 03ee 40       		.byte	64
 1018 03ef 60       		.byte	96
 1019 03f0 40       		.byte	64
 1020 03f1 40       		.byte	64
 1021 03f2 80       		.byte	-128
 1022 03f3 06       		.byte	6
 1023 03f4 05       		.byte	5
 1024 03f5 02       		.byte	2
 1025 03f6 01       		.byte	1
 1026 03f7 02       		.byte	2
 1027 03f8 48       		.byte	72
 1028 03f9 B0       		.byte	-80
 1029 03fa 0000     		.space	2
 1032              	font_helvR08_offsets:
 1033 03fc 0000     		.short	0
 1034 03fe 0600     		.short	6
 1035 0400 1100     		.short	17
 1036 0402 1900     		.short	25
 1037 0404 2300     		.short	35
 1038 0406 2F00     		.short	47
 1039 0408 3A00     		.short	58
 1040 040a 4500     		.short	69
 1041 040c 4C00     		.short	76
 1042 040e 5800     		.short	88
 1043 0410 6400     		.short	100
 1044 0412 6C00     		.short	108
 1045 0414 7600     		.short	118
 1046 0416 7E00     		.short	126
 1047 0418 8400     		.short	132
 1048 041a 8A00     		.short	138
 1049 041c 9600     		.short	150
 1050 041e A100     		.short	161
 1051 0420 AC00     		.short	172
 1052 0422 B700     		.short	183
 1053 0424 C200     		.short	194
 1054 0426 CD00     		.short	205
 1055 0428 D800     		.short	216
 1056 042a E300     		.short	227
 1057 042c EE00     		.short	238
 1058 042e F900     		.short	249
 1059 0430 0401     		.short	260
 1060 0432 0D01     		.short	269
 1061 0434 1801     		.short	280
 1062 0436 2201     		.short	290
 1063 0438 2A01     		.short	298
 1064 043a 3401     		.short	308
 1065 043c 3E01     		.short	318
 1066 043e 4A01     		.short	330
 1067 0440 5501     		.short	341
 1068 0442 6001     		.short	352
 1069 0444 6B01     		.short	363
 1070 0446 7601     		.short	374
 1071 0448 8101     		.short	385
 1072 044a 8C01     		.short	396
 1073 044c 9701     		.short	407
 1074 044e A201     		.short	418
 1075 0450 AD01     		.short	429
 1076 0452 B801     		.short	440
 1077 0454 C301     		.short	451
 1078 0456 CE01     		.short	462
 1079 0458 D901     		.short	473
 1080 045a E401     		.short	484
 1081 045c EF01     		.short	495
 1082 045e FA01     		.short	506
 1083 0460 0702     		.short	519
 1084 0462 1202     		.short	530
 1085 0464 1D02     		.short	541
 1086 0466 2802     		.short	552
 1087 0468 3302     		.short	563
 1088 046a 3E02     		.short	574
 1089 046c 4902     		.short	585
 1090 046e 5402     		.short	596
 1091 0470 5F02     		.short	607
 1092 0472 6A02     		.short	618
 1093 0474 7602     		.short	630
 1094 0476 8202     		.short	642
 1095 0478 8E02     		.short	654
 1096 047a 9602     		.short	662
 1097 047c 9C02     		.short	668
 1098 047e A302     		.short	675
 1099 0480 AD02     		.short	685
 1100 0482 B902     		.short	697
 1101 0484 C302     		.short	707
 1102 0486 CF02     		.short	719
 1103 0488 D902     		.short	729
 1104 048a E502     		.short	741
 1105 048c F002     		.short	752
 1106 048e FC02     		.short	764
 1107 0490 0803     		.short	776
 1108 0492 1603     		.short	790
 1109 0494 2203     		.short	802
 1110 0496 2E03     		.short	814
 1111 0498 3803     		.short	824
 1112 049a 4203     		.short	834
 1113 049c 4C03     		.short	844
 1114 049e 5703     		.short	855
 1115 04a0 6203     		.short	866
 1116 04a2 6C03     		.short	876
 1117 04a4 7603     		.short	886
 1118 04a6 8203     		.short	898
 1119 04a8 8C03     		.short	908
 1120 04aa 9603     		.short	918
 1121 04ac A003     		.short	928
 1122 04ae AA03     		.short	938
 1123 04b0 B503     		.short	949
 1124 04b2 BF03     		.short	959
 1125 04b4 CB03     		.short	971
 1126 04b6 D703     		.short	983
 1127 04b8 E303     		.short	995
 1128 04ba FFFF     		.short	-1
 1129              		.text
 1130              	.Letext0:
 1131              		.file 1 "/home/z00/gnuarm/install/lib/gcc/arm-elf/4.5.2/../../../../arm-elf/sys-include/stdint.h"
 1132              		.file 2 "include/fb/font.h"
 1133              		.file 3 "fb/helvR08.c"
DEFINED SYMBOLS
                            *ABS*:0000000000000000 helvR08.c
     /tmp/cciaHY3X.s:16     .rodata:0000000000000000 font_helvR08
     /tmp/cciaHY3X.s:13     .rodata:0000000000000000 $d
     /tmp/cciaHY3X.s:26     .rodata:0000000000000010 font_helvR08_data
     /tmp/cciaHY3X.s:1032   .rodata:00000000000003fc font_helvR08_offsets

NO UNDEFINED SYMBOLS
