   1              		.file	"ctors.c"
   9              	.Ltext0:
  10              		.cfi_sections	.debug_frame
  11              		.section	.text.do_global_ctors,"ax",%progbits
  12              		.align	2
  13              		.global	do_global_ctors
  15              	do_global_ctors:
  16              	.LFB0:
  17              		.file 1 "lib/ctors.c"
   1:lib/ctors.c   **** 
   2:lib/ctors.c   **** /* iterate over list of constructor functions and call each element */
   3:lib/ctors.c   **** void do_global_ctors(const char *_ctors_start, const char *ctors_end)
   4:lib/ctors.c   **** {
  18              		.loc 1 4 0
  19              		.cfi_startproc
  20              		@ args = 0, pretend = 0, frame = 0
  21              		@ frame_needed = 0, uses_anonymous_args = 0
  22              	.LVL0:
  23 0000 30402DE9 		stmfd	sp!, {r4, r5, lr}
  24              	.LCFI0:
  25              		.cfi_def_cfa_offset 12
  26              		.loc 1 4 0
  27 0004 0140A0E1 		mov	r4, r1
  28              		.cfi_offset 14, -4
  29              		.cfi_offset 5, -8
  30              		.cfi_offset 4, -12
  31 0008 0050A0E1 		mov	r5, r0
   5:lib/ctors.c   **** 	typedef void (*func_ptr)(void);
   6:lib/ctors.c   **** 	func_ptr *func, *ctors_start = (func_ptr *) _ctors_start;
   7:lib/ctors.c   **** 
   8:lib/ctors.c   **** 	/* skip the first entry, as it contains the number of
   9:lib/ctors.c   **** 	 * constructors which we don't use */
  10:lib/ctors.c   **** 	ctors_start++;
  11:lib/ctors.c   **** 
  12:lib/ctors.c   **** 	for (func = ctors_start;
  32              		.loc 1 12 0
  33 000c 010000EA 		b	.L2
  34              	.LVL1:
  35              	.L3:
  13:lib/ctors.c   **** 	     *func && (func != (func_ptr *) ctors_end); func++)
  14:lib/ctors.c   **** 		(*func)();
  36              		.loc 1 14 0
  37 0010 0FE0A0E1 		mov	lr, pc
  38 0014 13FF2FE1 		bx	r3
  39              	.L2:
  13:lib/ctors.c   **** 	     *func && (func != (func_ptr *) ctors_end); func++)
  40              		.loc 1 13 0 discriminator 1
  41 0018 0430B5E5 		ldr	r3, [r5, #4]!
  12:lib/ctors.c   **** 	for (func = ctors_start;
  42              		.loc 1 12 0 discriminator 1
  43 001c 050054E1 		cmp	r4, r5
  44 0020 00005313 		cmpne	r3, #0
  45 0024 F9FFFF1A 		bne	.L3
  15:lib/ctors.c   **** }
  46              		.loc 1 15 0
  47 0028 3080BDE8 		ldmfd	sp!, {r4, r5, pc}
  48              		.cfi_endproc
  49              	.LFE0:
  51              		.text
  52              	.Letext0:
DEFINED SYMBOLS
                            *ABS*:0000000000000000 ctors.c
     /tmp/ccEGomfh.s:12     .text.do_global_ctors:0000000000000000 $a
     /tmp/ccEGomfh.s:15     .text.do_global_ctors:0000000000000000 do_global_ctors
                     .debug_frame:0000000000000010 $d

NO UNDEFINED SYMBOLS
