   1              		.file	"ctype.c"
   9              	.Ltext0:
  10              		.cfi_sections	.debug_frame
  11              		.global	_ctype
  12              		.data
  13              		.align	2
  16              	_ctype:
  17 0000 08       		.byte	8
  18 0001 08       		.byte	8
  19 0002 08       		.byte	8
  20 0003 08       		.byte	8
  21 0004 08       		.byte	8
  22 0005 08       		.byte	8
  23 0006 08       		.byte	8
  24 0007 08       		.byte	8
  25 0008 08       		.byte	8
  26 0009 28       		.byte	40
  27 000a 28       		.byte	40
  28 000b 28       		.byte	40
  29 000c 28       		.byte	40
  30 000d 28       		.byte	40
  31 000e 08       		.byte	8
  32 000f 08       		.byte	8
  33 0010 08       		.byte	8
  34 0011 08       		.byte	8
  35 0012 08       		.byte	8
  36 0013 08       		.byte	8
  37 0014 08       		.byte	8
  38 0015 08       		.byte	8
  39 0016 08       		.byte	8
  40 0017 08       		.byte	8
  41 0018 08       		.byte	8
  42 0019 08       		.byte	8
  43 001a 08       		.byte	8
  44 001b 08       		.byte	8
  45 001c 08       		.byte	8
  46 001d 08       		.byte	8
  47 001e 08       		.byte	8
  48 001f 08       		.byte	8
  49 0020 A0       		.byte	-96
  50 0021 10       		.byte	16
  51 0022 10       		.byte	16
  52 0023 10       		.byte	16
  53 0024 10       		.byte	16
  54 0025 10       		.byte	16
  55 0026 10       		.byte	16
  56 0027 10       		.byte	16
  57 0028 10       		.byte	16
  58 0029 10       		.byte	16
  59 002a 10       		.byte	16
  60 002b 10       		.byte	16
  61 002c 10       		.byte	16
  62 002d 10       		.byte	16
  63 002e 10       		.byte	16
  64 002f 10       		.byte	16
  65 0030 04       		.byte	4
  66 0031 04       		.byte	4
  67 0032 04       		.byte	4
  68 0033 04       		.byte	4
  69 0034 04       		.byte	4
  70 0035 04       		.byte	4
  71 0036 04       		.byte	4
  72 0037 04       		.byte	4
  73 0038 04       		.byte	4
  74 0039 04       		.byte	4
  75 003a 10       		.byte	16
  76 003b 10       		.byte	16
  77 003c 10       		.byte	16
  78 003d 10       		.byte	16
  79 003e 10       		.byte	16
  80 003f 10       		.byte	16
  81 0040 10       		.byte	16
  82 0041 41       		.byte	65
  83 0042 41       		.byte	65
  84 0043 41       		.byte	65
  85 0044 41       		.byte	65
  86 0045 41       		.byte	65
  87 0046 41       		.byte	65
  88 0047 01       		.byte	1
  89 0048 01       		.byte	1
  90 0049 01       		.byte	1
  91 004a 01       		.byte	1
  92 004b 01       		.byte	1
  93 004c 01       		.byte	1
  94 004d 01       		.byte	1
  95 004e 01       		.byte	1
  96 004f 01       		.byte	1
  97 0050 01       		.byte	1
  98 0051 01       		.byte	1
  99 0052 01       		.byte	1
 100 0053 01       		.byte	1
 101 0054 01       		.byte	1
 102 0055 01       		.byte	1
 103 0056 01       		.byte	1
 104 0057 01       		.byte	1
 105 0058 01       		.byte	1
 106 0059 01       		.byte	1
 107 005a 01       		.byte	1
 108 005b 10       		.byte	16
 109 005c 10       		.byte	16
 110 005d 10       		.byte	16
 111 005e 10       		.byte	16
 112 005f 10       		.byte	16
 113 0060 10       		.byte	16
 114 0061 42       		.byte	66
 115 0062 42       		.byte	66
 116 0063 42       		.byte	66
 117 0064 42       		.byte	66
 118 0065 42       		.byte	66
 119 0066 42       		.byte	66
 120 0067 02       		.byte	2
 121 0068 02       		.byte	2
 122 0069 02       		.byte	2
 123 006a 02       		.byte	2
 124 006b 02       		.byte	2
 125 006c 02       		.byte	2
 126 006d 02       		.byte	2
 127 006e 02       		.byte	2
 128 006f 02       		.byte	2
 129 0070 02       		.byte	2
 130 0071 02       		.byte	2
 131 0072 02       		.byte	2
 132 0073 02       		.byte	2
 133 0074 02       		.byte	2
 134 0075 02       		.byte	2
 135 0076 02       		.byte	2
 136 0077 02       		.byte	2
 137 0078 02       		.byte	2
 138 0079 02       		.byte	2
 139 007a 02       		.byte	2
 140 007b 10       		.byte	16
 141 007c 10       		.byte	16
 142 007d 10       		.byte	16
 143 007e 10       		.byte	16
 144 007f 08       		.byte	8
 145 0080 00       		.byte	0
 146 0081 00       		.byte	0
 147 0082 00       		.byte	0
 148 0083 00       		.byte	0
 149 0084 00       		.byte	0
 150 0085 00       		.byte	0
 151 0086 00       		.byte	0
 152 0087 00       		.byte	0
 153 0088 00       		.byte	0
 154 0089 00       		.byte	0
 155 008a 00       		.byte	0
 156 008b 00       		.byte	0
 157 008c 00       		.byte	0
 158 008d 00       		.byte	0
 159 008e 00       		.byte	0
 160 008f 00       		.byte	0
 161 0090 00       		.byte	0
 162 0091 00       		.byte	0
 163 0092 00       		.byte	0
 164 0093 00       		.byte	0
 165 0094 00       		.byte	0
 166 0095 00       		.byte	0
 167 0096 00       		.byte	0
 168 0097 00       		.byte	0
 169 0098 00       		.byte	0
 170 0099 00       		.byte	0
 171 009a 00       		.byte	0
 172 009b 00       		.byte	0
 173 009c 00       		.byte	0
 174 009d 00       		.byte	0
 175 009e 00       		.byte	0
 176 009f 00       		.byte	0
 177 00a0 A0       		.byte	-96
 178 00a1 10       		.byte	16
 179 00a2 10       		.byte	16
 180 00a3 10       		.byte	16
 181 00a4 10       		.byte	16
 182 00a5 10       		.byte	16
 183 00a6 10       		.byte	16
 184 00a7 10       		.byte	16
 185 00a8 10       		.byte	16
 186 00a9 10       		.byte	16
 187 00aa 10       		.byte	16
 188 00ab 10       		.byte	16
 189 00ac 10       		.byte	16
 190 00ad 10       		.byte	16
 191 00ae 10       		.byte	16
 192 00af 10       		.byte	16
 193 00b0 10       		.byte	16
 194 00b1 10       		.byte	16
 195 00b2 10       		.byte	16
 196 00b3 10       		.byte	16
 197 00b4 10       		.byte	16
 198 00b5 10       		.byte	16
 199 00b6 10       		.byte	16
 200 00b7 10       		.byte	16
 201 00b8 10       		.byte	16
 202 00b9 10       		.byte	16
 203 00ba 10       		.byte	16
 204 00bb 10       		.byte	16
 205 00bc 10       		.byte	16
 206 00bd 10       		.byte	16
 207 00be 10       		.byte	16
 208 00bf 10       		.byte	16
 209 00c0 01       		.byte	1
 210 00c1 01       		.byte	1
 211 00c2 01       		.byte	1
 212 00c3 01       		.byte	1
 213 00c4 01       		.byte	1
 214 00c5 01       		.byte	1
 215 00c6 01       		.byte	1
 216 00c7 01       		.byte	1
 217 00c8 01       		.byte	1
 218 00c9 01       		.byte	1
 219 00ca 01       		.byte	1
 220 00cb 01       		.byte	1
 221 00cc 01       		.byte	1
 222 00cd 01       		.byte	1
 223 00ce 01       		.byte	1
 224 00cf 01       		.byte	1
 225 00d0 01       		.byte	1
 226 00d1 01       		.byte	1
 227 00d2 01       		.byte	1
 228 00d3 01       		.byte	1
 229 00d4 01       		.byte	1
 230 00d5 01       		.byte	1
 231 00d6 01       		.byte	1
 232 00d7 10       		.byte	16
 233 00d8 01       		.byte	1
 234 00d9 01       		.byte	1
 235 00da 01       		.byte	1
 236 00db 01       		.byte	1
 237 00dc 01       		.byte	1
 238 00dd 01       		.byte	1
 239 00de 01       		.byte	1
 240 00df 02       		.byte	2
 241 00e0 02       		.byte	2
 242 00e1 02       		.byte	2
 243 00e2 02       		.byte	2
 244 00e3 02       		.byte	2
 245 00e4 02       		.byte	2
 246 00e5 02       		.byte	2
 247 00e6 02       		.byte	2
 248 00e7 02       		.byte	2
 249 00e8 02       		.byte	2
 250 00e9 02       		.byte	2
 251 00ea 02       		.byte	2
 252 00eb 02       		.byte	2
 253 00ec 02       		.byte	2
 254 00ed 02       		.byte	2
 255 00ee 02       		.byte	2
 256 00ef 02       		.byte	2
 257 00f0 02       		.byte	2
 258 00f1 02       		.byte	2
 259 00f2 02       		.byte	2
 260 00f3 02       		.byte	2
 261 00f4 02       		.byte	2
 262 00f5 02       		.byte	2
 263 00f6 02       		.byte	2
 264 00f7 10       		.byte	16
 265 00f8 02       		.byte	2
 266 00f9 02       		.byte	2
 267 00fa 02       		.byte	2
 268 00fb 02       		.byte	2
 269 00fc 02       		.byte	2
 270 00fd 02       		.byte	2
 271 00fe 02       		.byte	2
 272 00ff 02       		.byte	2
 273              		.text
 274              	.Letext0:
 275              		.file 1 "include/ctype.h"
 276              		.file 2 "lib/ctype.c"
DEFINED SYMBOLS
                            *ABS*:0000000000000000 ctype.c
     /tmp/cccoXJ07.s:16     .data:0000000000000000 _ctype
     /tmp/cccoXJ07.s:13     .data:0000000000000000 $d

NO UNDEFINED SYMBOLS
