   1              		.file	"printf.c"
   9              	.Ltext0:
  10              		.cfi_sections	.debug_frame
  11              		.section	.text.printf,"ax",%progbits
  12              		.align	2
  13              		.global	printf
  15              	printf:
  16              	.LFB0:
  17              		.file 1 "lib/printf.c"
   1:lib/printf.c  **** 
   2:lib/printf.c  **** #include <stdio.h>
   3:lib/printf.c  **** #include <stdarg.h>
   4:lib/printf.c  **** 
   5:lib/printf.c  **** static char printf_buffer[1024];
   6:lib/printf.c  **** 
   7:lib/printf.c  **** int printf(const char *fmt, ...)
   8:lib/printf.c  **** {
  18              		.loc 1 8 0
  19              		.cfi_startproc
  20              		@ args = 4, pretend = 16, frame = 4
  21              		@ frame_needed = 0, uses_anonymous_args = 1
  22              	.LVL0:
  23 0000 0F002DE9 		stmfd	sp!, {r0, r1, r2, r3}
  24              	.LCFI0:
  25              		.cfi_def_cfa_offset 16
  26 0004 31402DE9 		stmfd	sp!, {r0, r4, r5, lr}
  27              	.LCFI1:
  28              		.cfi_def_cfa_offset 32
   9:lib/printf.c  **** 	va_list args;
  10:lib/printf.c  **** 	int r;
  11:lib/printf.c  **** 
  12:lib/printf.c  **** 	va_start(args, fmt);
  13:lib/printf.c  **** 	r = vsnprintf(printf_buffer, sizeof(printf_buffer), fmt, args);
  29              		.loc 1 13 0
  30 0008 30409FE5 		ldr	r4, .L2
  31              		.cfi_offset 14, -20
  32              		.cfi_offset 5, -24
  33              		.cfi_offset 4, -28
  34              		.cfi_offset 3, -4
  35              		.cfi_offset 2, -8
  36              		.cfi_offset 1, -12
  37              		.cfi_offset 0, -32
  12:lib/printf.c  **** 	va_start(args, fmt);
  38              		.loc 1 12 0
  39 000c 14308DE2 		add	r3, sp, #20
  40              		.loc 1 13 0
  41 0010 011BA0E3 		mov	r1, #1024
  42 0014 10209DE5 		ldr	r2, [sp, #16]
  43 0018 0400A0E1 		mov	r0, r4
  12:lib/printf.c  **** 	va_start(args, fmt);
  44              		.loc 1 12 0
  45 001c 00308DE5 		str	r3, [sp, #0]
  46              	.LVL1:
  47              		.loc 1 13 0
  48 0020 FEFFFFEB 		bl	vsnprintf
  49 0024 0050A0E1 		mov	r5, r0
  50              	.LVL2:
  14:lib/printf.c  **** 	va_end(args);
  15:lib/printf.c  **** 
  16:lib/printf.c  **** 	puts(printf_buffer);
  51              		.loc 1 16 0
  52 0028 0400A0E1 		mov	r0, r4
  53              	.LVL3:
  54 002c FEFFFFEB 		bl	puts
  17:lib/printf.c  **** 
  18:lib/printf.c  **** 	return r;
  19:lib/printf.c  **** }
  55              		.loc 1 19 0
  56 0030 0500A0E1 		mov	r0, r5
  57 0034 3840BDE8 		ldmfd	sp!, {r3, r4, r5, lr}
  58 0038 10D08DE2 		add	sp, sp, #16
  59 003c 1EFF2FE1 		bx	lr
  60              	.L3:
  61              		.align	2
  62              	.L2:
  63 0040 00000000 		.word	.LANCHOR0
  64              		.cfi_endproc
  65              	.LFE0:
  67              		.bss
  68              		.align	2
  69              		.set	.LANCHOR0,. + 0
  72              	printf_buffer:
  73 0000 00000000 		.space	1024
  73      00000000 
  73      00000000 
  73      00000000 
  73      00000000 
  74              		.text
  75              	.Letext0:
DEFINED SYMBOLS
                            *ABS*:0000000000000000 printf.c
     /tmp/ccbN8RY9.s:12     .text.printf:0000000000000000 $a
     /tmp/ccbN8RY9.s:15     .text.printf:0000000000000000 printf
     /tmp/ccbN8RY9.s:63     .text.printf:0000000000000040 $d
     /tmp/ccbN8RY9.s:68     .bss:0000000000000000 $d
     /tmp/ccbN8RY9.s:72     .bss:0000000000000000 printf_buffer
                     .debug_frame:0000000000000010 $d

UNDEFINED SYMBOLS
vsnprintf
puts
