This file contains any messages produced by compilers while
running configure, to aid debugging if configure makes a mistake.

It was created by libosmocore configure UNKNOWN-dirty, which was
generated by GNU Autoconf 2.69.  Invocation command line was

  $ ../configure --host=arm-elf --enable-embedded --disable-shared --disable-tests ac_cv_header_sys_select_h=no --disable-tests ac_cv_header_sys_socket_h=no CFLAGS=-Os -ffunction-sections -I/home/z00/osmocom-bb/src/target/firmware/include -nostartfiles -nodefaultlibs

## --------- ##
## Platform. ##
## --------- ##

hostname = 0x66
uname -m = x86_64
uname -r = 4.10.0-33-generic
uname -s = Linux
uname -v = #37-Ubuntu SMP Fri Aug 11 10:55:28 UTC 2017

/usr/bin/uname -p = unknown
/bin/uname -X     = unknown

/bin/arch              = unknown
/usr/bin/arch -k       = unknown
/usr/convex/getsysinfo = unknown
/usr/bin/hostinfo      = unknown
/bin/machine           = unknown
/usr/bin/oslevel       = unknown
/bin/universe          = unknown

PATH: /usr/local/sbin
PATH: /usr/local/bin
PATH: /usr/sbin
PATH: /usr/bin
PATH: /sbin
PATH: /bin
PATH: /usr/games
PATH: /usr/local/games
PATH: /snap/bin
PATH: /home/z00/.rvm/bin
PATH: /home/z00/.rvm/bin
PATH: /home/z00/gnuarm/install/bin


## ----------- ##
## Core tests. ##
## ----------- ##

configure:2369: checking for a BSD-compatible install
configure:2437: result: /usr/bin/install -c
configure:2448: checking whether build environment is sane
configure:2503: result: yes
configure:2562: checking for arm-elf-strip
configure:2578: found /home/z00/gnuarm/install/bin/arm-elf-strip
configure:2589: result: arm-elf-strip
configure:2654: checking for a thread-safe mkdir -p
configure:2693: result: /bin/mkdir -p
configure:2700: checking for gawk
configure:2716: found /usr/bin/gawk
configure:2727: result: gawk
configure:2738: checking whether make sets $(MAKE)
configure:2760: result: yes
configure:2789: checking whether make supports nested variables
configure:2806: result: yes
configure:2946: checking whether make supports nested variables
configure:2963: result: yes
configure:2975: checking whether make sets $(MAKE)
configure:2997: result: yes
configure:3015: checking for arm-elf-gcc
configure:3031: found /home/z00/gnuarm/install/bin/arm-elf-gcc
configure:3042: result: arm-elf-gcc
configure:3311: checking for C compiler version
configure:3320: arm-elf-gcc --version >&5
arm-elf-gcc (GCC) 4.5.2
Copyright (C) 2010 Free Software Foundation, Inc.
This is free software; see the source for copying conditions.  There is NO
warranty; not even for MERCHANTABILITY or FITNESS FOR A PARTICULAR PURPOSE.

configure:3331: $? = 0
configure:3320: arm-elf-gcc -v >&5
Using built-in specs.
COLLECT_GCC=arm-elf-gcc
COLLECT_LTO_WRAPPER=/home/z00/gnuarm/install/libexec/gcc/arm-elf/4.5.2/lto-wrapper
Target: arm-elf
Configured with: /home/z00/gnuarm/src/gcc-4.5.2/configure --target=arm-elf --prefix=/home/z00/gnuarm/install --enable-interwork --enable-multilib --with-float=soft --disable-werror --enable-languages=c,c++ --with-newlib --with-headers=/home/z00/gnuarm/src/newlib-1.19.0/newlib/libc/include --with-system-zlib --disable-shared : (reconfigured) /home/z00/gnuarm/src/gcc-4.5.2/configure --target=arm-elf --prefix=/home/z00/gnuarm/install --enable-interwork --enable-multilib --with-float=soft --disable-werror --enable-languages=c,c++ --with-newlib --with-headers=/home/z00/gnuarm/src/newlib-1.19.0/newlib/libc/include --with-system-zlib --disable-shared
Thread model: single
gcc version 4.5.2 (GCC) 
configure:3331: $? = 0
configure:3320: arm-elf-gcc -V >&5
arm-elf-gcc: '-V' option must have argument
configure:3331: $? = 1
configure:3320: arm-elf-gcc -qversion >&5
arm-elf-gcc: unrecognized option '-qversion'
arm-elf-gcc: no input files
configure:3331: $? = 1
configure:3351: checking whether the C compiler works
configure:3373: arm-elf-gcc -Os -ffunction-sections -I/home/z00/osmocom-bb/src/target/firmware/include -nostartfiles -nodefaultlibs   conftest.c  >&5
/home/z00/gnuarm/install/lib/gcc/arm-elf/4.5.2/../../../../arm-elf/bin/ld: warning: cannot find entry symbol _start; defaulting to 0000000000008000
configure:3377: $? = 0
configure:3425: result: yes
configure:3428: checking for C compiler default output file name
configure:3430: result: a.out
configure:3436: checking for suffix of executables
configure:3443: arm-elf-gcc -o conftest -Os -ffunction-sections -I/home/z00/osmocom-bb/src/target/firmware/include -nostartfiles -nodefaultlibs   conftest.c  >&5
/home/z00/gnuarm/install/lib/gcc/arm-elf/4.5.2/../../../../arm-elf/bin/ld: warning: cannot find entry symbol _start; defaulting to 0000000000008000
configure:3447: $? = 0
configure:3469: result: 
configure:3491: checking whether we are cross compiling
configure:3499: arm-elf-gcc -o conftest -Os -ffunction-sections -I/home/z00/osmocom-bb/src/target/firmware/include -nostartfiles -nodefaultlibs   conftest.c  >&5
conftest.c: In function 'main':
conftest.c:15:11: warning: initialization makes pointer from integer without a cast
/home/z00/gnuarm/install/lib/gcc/arm-elf/4.5.2/../../../../arm-elf/bin/ld: warning: cannot find entry symbol _start; defaulting to 0000000000008000
/tmp/ccY0hkeA.o: In function `main':
conftest.c:(.text.main+0xc): undefined reference to `fopen'
conftest.c:(.text.main+0x14): undefined reference to `ferror'
conftest.c:(.text.main+0x24): undefined reference to `fclose'
collect2: ld returned 1 exit status
configure:3503: $? = 1
configure:3510: ./conftest
../configure: line 3512: ./conftest: No such file or directory
configure:3514: $? = 127
configure:3529: result: yes
configure:3534: checking for suffix of object files
configure:3556: arm-elf-gcc -c -Os -ffunction-sections -I/home/z00/osmocom-bb/src/target/firmware/include -nostartfiles -nodefaultlibs  conftest.c >&5
configure:3560: $? = 0
configure:3581: result: o
configure:3585: checking whether we are using the GNU C compiler
configure:3604: arm-elf-gcc -c -Os -ffunction-sections -I/home/z00/osmocom-bb/src/target/firmware/include -nostartfiles -nodefaultlibs  conftest.c >&5
configure:3604: $? = 0
configure:3613: result: yes
configure:3622: checking whether arm-elf-gcc accepts -g
configure:3642: arm-elf-gcc -c -g  conftest.c >&5
configure:3642: $? = 0
configure:3683: result: yes
configure:3700: checking for arm-elf-gcc option to accept ISO C89
configure:3763: arm-elf-gcc  -c -Os -ffunction-sections -I/home/z00/osmocom-bb/src/target/firmware/include -nostartfiles -nodefaultlibs  conftest.c >&5
configure:3763: $? = 0
configure:3776: result: none needed
configure:3801: checking whether arm-elf-gcc understands -c and -o together
configure:3823: arm-elf-gcc -c conftest.c -o conftest2.o
configure:3826: $? = 0
configure:3823: arm-elf-gcc -c conftest.c -o conftest2.o
configure:3826: $? = 0
configure:3838: result: yes
configure:3866: checking for style of include used by make
configure:3894: result: GNU
configure:3920: checking dependency style of arm-elf-gcc
configure:4031: result: gcc3
configure:4076: checking build system type
configure:4090: result: x86_64-pc-linux-gnu
configure:4110: checking host system type
configure:4123: result: arm-unknown-elf
configure:4164: checking how to print strings
configure:4191: result: printf
configure:4212: checking for a sed that does not truncate output
configure:4276: result: /bin/sed
configure:4294: checking for grep that handles long lines and -e
configure:4352: result: /bin/grep
configure:4357: checking for egrep
configure:4419: result: /bin/grep -E
configure:4424: checking for fgrep
configure:4486: result: /bin/grep -F
configure:4521: checking for ld used by arm-elf-gcc
configure:4588: result: /home/z00/gnuarm/install/arm-elf/bin/ld
configure:4595: checking if the linker (/home/z00/gnuarm/install/arm-elf/bin/ld) is GNU ld
configure:4610: result: yes
configure:4622: checking for BSD- or MS-compatible name lister (nm)
configure:4676: result: /home/z00/gnuarm/install/bin/arm-elf-nm -B
configure:4806: checking the name lister (/home/z00/gnuarm/install/bin/arm-elf-nm -B) interface
configure:4813: arm-elf-gcc -c -Os -ffunction-sections -I/home/z00/osmocom-bb/src/target/firmware/include -nostartfiles -nodefaultlibs  conftest.c >&5
configure:4816: /home/z00/gnuarm/install/bin/arm-elf-nm -B "conftest.o"
configure:4819: output
00000000 B some_variable
configure:4826: result: BSD nm
configure:4829: checking whether ln -s works
configure:4833: result: yes
configure:4841: checking the maximum length of command line arguments
configure:4972: result: 1572864
configure:5020: checking how to convert x86_64-pc-linux-gnu file names to arm-unknown-elf format
configure:5060: result: func_convert_file_noop
configure:5067: checking how to convert x86_64-pc-linux-gnu file names to toolchain format
configure:5087: result: func_convert_file_noop
configure:5094: checking for /home/z00/gnuarm/install/arm-elf/bin/ld option to reload object files
configure:5101: result: -r
configure:5135: checking for arm-elf-objdump
configure:5151: found /home/z00/gnuarm/install/bin/arm-elf-objdump
configure:5162: result: arm-elf-objdump
configure:5234: checking how to recognize dependent libraries
configure:5434: result: unknown
configure:5479: checking for arm-elf-dlltool
configure:5509: result: no
configure:5519: checking for dlltool
configure:5549: result: no
configure:5579: checking how to associate runtime and link libraries
configure:5606: result: printf %s\n
configure:5623: checking for arm-elf-ar
configure:5639: found /home/z00/gnuarm/install/bin/arm-elf-ar
configure:5650: result: arm-elf-ar
configure:5731: checking for archiver @FILE support
configure:5748: arm-elf-gcc -c -Os -ffunction-sections -I/home/z00/osmocom-bb/src/target/firmware/include -nostartfiles -nodefaultlibs  conftest.c >&5
configure:5748: $? = 0
configure:5751: arm-elf-ar cru libconftest.a @conftest.lst >&5
configure:5754: $? = 0
configure:5759: arm-elf-ar cru libconftest.a @conftest.lst >&5
arm-elf-ar: conftest.o: No such file or directory
configure:5762: $? = 1
configure:5774: result: @
configure:5792: checking for arm-elf-strip
configure:5819: result: arm-elf-strip
configure:5891: checking for arm-elf-ranlib
configure:5907: found /home/z00/gnuarm/install/bin/arm-elf-ranlib
configure:5918: result: arm-elf-ranlib
configure:6060: checking command to parse /home/z00/gnuarm/install/bin/arm-elf-nm -B output from arm-elf-gcc object
configure:6213: arm-elf-gcc -c -Os -ffunction-sections -I/home/z00/osmocom-bb/src/target/firmware/include -nostartfiles -nodefaultlibs  conftest.c >&5
configure:6216: $? = 0
configure:6220: /home/z00/gnuarm/install/bin/arm-elf-nm -B conftest.o \| sed -n -e 's/^.*[ ]\([ABCDGIRSTW][ABCDGIRSTW]*\)[ ][ ]*\([_A-Za-z][_A-Za-z0-9]*\)$/\1 \2 \2/p' | sed '/ __gnu_lto/d' \> conftest.nm
configure:6223: $? = 0
configure:6289: arm-elf-gcc -o conftest -Os -ffunction-sections -I/home/z00/osmocom-bb/src/target/firmware/include -nostartfiles -nodefaultlibs   conftest.c conftstm.o >&5
/home/z00/gnuarm/install/lib/gcc/arm-elf/4.5.2/../../../../arm-elf/bin/ld: warning: cannot find entry symbol _start; defaulting to 0000000000008000
configure:6292: $? = 0
configure:6330: result: ok
configure:6377: checking for sysroot
configure:6407: result: no
configure:6414: checking for a working dd
configure:6452: result: /bin/dd
configure:6456: checking how to truncate binary pipes
configure:6471: result: /bin/dd bs=4096 count=1
configure:6760: checking for arm-elf-mt
configure:6790: result: no
configure:6800: checking for mt
configure:6816: found /bin/mt
configure:6827: result: mt
configure:6839: WARNING: using cross tools not prefixed with host triplet
configure:6850: checking if mt is a manifest tool
configure:6856: mt '-?'
configure:6864: result: no
configure:7541: checking how to run the C preprocessor
configure:7572: arm-elf-gcc -E  conftest.c
configure:7572: $? = 0
configure:7586: arm-elf-gcc -E  conftest.c
conftest.c:11:28: fatal error: ac_nonexistent.h: No such file or directory
compilation terminated.
configure:7586: $? = 1
configure: failed program was:
| /* confdefs.h */
| #define PACKAGE_NAME "libosmocore"
| #define PACKAGE_TARNAME "libosmocore"
| #define PACKAGE_VERSION "UNKNOWN-dirty"
| #define PACKAGE_STRING "libosmocore UNKNOWN-dirty"
| #define PACKAGE_BUGREPORT "openbsc@lists.osmocom.org"
| #define PACKAGE_URL ""
| #define PACKAGE "libosmocore"
| #define VERSION "UNKNOWN-dirty"
| /* end confdefs.h.  */
| #include <ac_nonexistent.h>
configure:7611: result: arm-elf-gcc -E
configure:7631: arm-elf-gcc -E  conftest.c
configure:7631: $? = 0
configure:7645: arm-elf-gcc -E  conftest.c
conftest.c:11:28: fatal error: ac_nonexistent.h: No such file or directory
compilation terminated.
configure:7645: $? = 1
configure: failed program was:
| /* confdefs.h */
| #define PACKAGE_NAME "libosmocore"
| #define PACKAGE_TARNAME "libosmocore"
| #define PACKAGE_VERSION "UNKNOWN-dirty"
| #define PACKAGE_STRING "libosmocore UNKNOWN-dirty"
| #define PACKAGE_BUGREPORT "openbsc@lists.osmocom.org"
| #define PACKAGE_URL ""
| #define PACKAGE "libosmocore"
| #define VERSION "UNKNOWN-dirty"
| /* end confdefs.h.  */
| #include <ac_nonexistent.h>
configure:7674: checking for ANSI C header files
configure:7694: arm-elf-gcc -c -Os -ffunction-sections -I/home/z00/osmocom-bb/src/target/firmware/include -nostartfiles -nodefaultlibs  conftest.c >&5
configure:7694: $? = 0
configure:7778: result: yes
configure:7791: checking for sys/types.h
configure:7791: arm-elf-gcc -c -Os -ffunction-sections -I/home/z00/osmocom-bb/src/target/firmware/include -nostartfiles -nodefaultlibs  conftest.c >&5
configure:7791: $? = 0
configure:7791: result: yes
configure:7791: checking for sys/stat.h
configure:7791: arm-elf-gcc -c -Os -ffunction-sections -I/home/z00/osmocom-bb/src/target/firmware/include -nostartfiles -nodefaultlibs  conftest.c >&5
configure:7791: $? = 0
configure:7791: result: yes
configure:7791: checking for stdlib.h
configure:7791: arm-elf-gcc -c -Os -ffunction-sections -I/home/z00/osmocom-bb/src/target/firmware/include -nostartfiles -nodefaultlibs  conftest.c >&5
configure:7791: $? = 0
configure:7791: result: yes
configure:7791: checking for string.h
configure:7791: arm-elf-gcc -c -Os -ffunction-sections -I/home/z00/osmocom-bb/src/target/firmware/include -nostartfiles -nodefaultlibs  conftest.c >&5
configure:7791: $? = 0
configure:7791: result: yes
configure:7791: checking for memory.h
configure:7791: arm-elf-gcc -c -Os -ffunction-sections -I/home/z00/osmocom-bb/src/target/firmware/include -nostartfiles -nodefaultlibs  conftest.c >&5
configure:7791: $? = 0
configure:7791: result: yes
configure:7791: checking for strings.h
configure:7791: arm-elf-gcc -c -Os -ffunction-sections -I/home/z00/osmocom-bb/src/target/firmware/include -nostartfiles -nodefaultlibs  conftest.c >&5
configure:7791: $? = 0
configure:7791: result: yes
configure:7791: checking for inttypes.h
configure:7791: arm-elf-gcc -c -Os -ffunction-sections -I/home/z00/osmocom-bb/src/target/firmware/include -nostartfiles -nodefaultlibs  conftest.c >&5
configure:7791: $? = 0
configure:7791: result: yes
configure:7791: checking for stdint.h
configure:7791: arm-elf-gcc -c -Os -ffunction-sections -I/home/z00/osmocom-bb/src/target/firmware/include -nostartfiles -nodefaultlibs  conftest.c >&5
configure:7791: $? = 0
configure:7791: result: yes
configure:7791: checking for unistd.h
configure:7791: arm-elf-gcc -c -Os -ffunction-sections -I/home/z00/osmocom-bb/src/target/firmware/include -nostartfiles -nodefaultlibs  conftest.c >&5
configure:7791: $? = 0
configure:7791: result: yes
configure:7805: checking for dlfcn.h
configure:7805: arm-elf-gcc -c -Os -ffunction-sections -I/home/z00/osmocom-bb/src/target/firmware/include -nostartfiles -nodefaultlibs  conftest.c >&5
conftest.c:55:19: fatal error: dlfcn.h: No such file or directory
compilation terminated.
configure:7805: $? = 1
configure: failed program was:
| /* confdefs.h */
| #define PACKAGE_NAME "libosmocore"
| #define PACKAGE_TARNAME "libosmocore"
| #define PACKAGE_VERSION "UNKNOWN-dirty"
| #define PACKAGE_STRING "libosmocore UNKNOWN-dirty"
| #define PACKAGE_BUGREPORT "openbsc@lists.osmocom.org"
| #define PACKAGE_URL ""
| #define PACKAGE "libosmocore"
| #define VERSION "UNKNOWN-dirty"
| #define STDC_HEADERS 1
| #define HAVE_SYS_TYPES_H 1
| #define HAVE_SYS_STAT_H 1
| #define HAVE_STDLIB_H 1
| #define HAVE_STRING_H 1
| #define HAVE_MEMORY_H 1
| #define HAVE_STRINGS_H 1
| #define HAVE_INTTYPES_H 1
| #define HAVE_STDINT_H 1
| #define HAVE_UNISTD_H 1
| /* end confdefs.h.  */
| #include <stdio.h>
| #ifdef HAVE_SYS_TYPES_H
| # include <sys/types.h>
| #endif
| #ifdef HAVE_SYS_STAT_H
| # include <sys/stat.h>
| #endif
| #ifdef STDC_HEADERS
| # include <stdlib.h>
| # include <stddef.h>
| #else
| # ifdef HAVE_STDLIB_H
| #  include <stdlib.h>
| # endif
| #endif
| #ifdef HAVE_STRING_H
| # if !defined STDC_HEADERS && defined HAVE_MEMORY_H
| #  include <memory.h>
| # endif
| # include <string.h>
| #endif
| #ifdef HAVE_STRINGS_H
| # include <strings.h>
| #endif
| #ifdef HAVE_INTTYPES_H
| # include <inttypes.h>
| #endif
| #ifdef HAVE_STDINT_H
| # include <stdint.h>
| #endif
| #ifdef HAVE_UNISTD_H
| # include <unistd.h>
| #endif
| 
| #include <dlfcn.h>
configure:7805: result: no
configure:8060: checking for objdir
configure:8075: result: .libs
configure:8339: checking if arm-elf-gcc supports -fno-rtti -fno-exceptions
configure:8357: arm-elf-gcc -c -Os -ffunction-sections -I/home/z00/osmocom-bb/src/target/firmware/include -nostartfiles -nodefaultlibs  -fno-rtti -fno-exceptions conftest.c >&5
cc1: warning: command line option "-fno-rtti" is valid for C++/ObjC++ but not for C
configure:8361: $? = 0
configure:8374: result: no
configure:8732: checking for arm-elf-gcc option to produce PIC
configure:8739: result: -fPIC -DPIC
configure:8747: checking if arm-elf-gcc PIC flag -fPIC -DPIC works
configure:8765: arm-elf-gcc -c -Os -ffunction-sections -I/home/z00/osmocom-bb/src/target/firmware/include -nostartfiles -nodefaultlibs  -fPIC -DPIC -DPIC conftest.c >&5
configure:8769: $? = 0
configure:8782: result: yes
configure:8811: checking if arm-elf-gcc static flag -static works
/home/z00/gnuarm/install/lib/gcc/arm-elf/4.5.2/../../../../arm-elf/bin/ld: warning: cannot find entry symbol _start; defaulting to 0000000000008000
configure:8839: result: yes
configure:8854: checking if arm-elf-gcc supports -c -o file.o
configure:8875: arm-elf-gcc -c -Os -ffunction-sections -I/home/z00/osmocom-bb/src/target/firmware/include -nostartfiles -nodefaultlibs  -o out/conftest2.o conftest.c >&5
configure:8879: $? = 0
configure:8901: result: yes
configure:8909: checking if arm-elf-gcc supports -c -o file.o
configure:8956: result: yes
configure:8989: checking whether the arm-elf-gcc linker (/home/z00/gnuarm/install/arm-elf/bin/ld) supports shared libraries
configure:10252: result: yes
configure:10492: checking dynamic linker characteristics
configure:11322: result: no
configure:11444: checking how to hardcode library paths into programs
configure:11469: result: immediate
configure:12017: checking whether stripping libraries is possible
configure:12022: result: yes
configure:12057: checking if libtool supports shared libraries
configure:12059: result: no
configure:12062: checking whether to build shared libraries
configure:12087: result: no
configure:12090: checking whether to build static libraries
configure:12094: result: yes
configure:12145: checking for ANSI C header files
configure:12249: result: yes
configure:12260: checking execinfo.h usability
configure:12260: arm-elf-gcc -c -Os -ffunction-sections -I/home/z00/osmocom-bb/src/target/firmware/include -nostartfiles -nodefaultlibs  conftest.c >&5
conftest.c:56:22: fatal error: execinfo.h: No such file or directory
compilation terminated.
configure:12260: $? = 1
configure: failed program was:
| /* confdefs.h */
| #define PACKAGE_NAME "libosmocore"
| #define PACKAGE_TARNAME "libosmocore"
| #define PACKAGE_VERSION "UNKNOWN-dirty"
| #define PACKAGE_STRING "libosmocore UNKNOWN-dirty"
| #define PACKAGE_BUGREPORT "openbsc@lists.osmocom.org"
| #define PACKAGE_URL ""
| #define PACKAGE "libosmocore"
| #define VERSION "UNKNOWN-dirty"
| #define STDC_HEADERS 1
| #define HAVE_SYS_TYPES_H 1
| #define HAVE_SYS_STAT_H 1
| #define HAVE_STDLIB_H 1
| #define HAVE_STRING_H 1
| #define HAVE_MEMORY_H 1
| #define HAVE_STRINGS_H 1
| #define HAVE_INTTYPES_H 1
| #define HAVE_STDINT_H 1
| #define HAVE_UNISTD_H 1
| #define LT_OBJDIR ".libs/"
| #define STDC_HEADERS 1
| /* end confdefs.h.  */
| #include <stdio.h>
| #ifdef HAVE_SYS_TYPES_H
| # include <sys/types.h>
| #endif
| #ifdef HAVE_SYS_STAT_H
| # include <sys/stat.h>
| #endif
| #ifdef STDC_HEADERS
| # include <stdlib.h>
| # include <stddef.h>
| #else
| # ifdef HAVE_STDLIB_H
| #  include <stdlib.h>
| # endif
| #endif
| #ifdef HAVE_STRING_H
| # if !defined STDC_HEADERS && defined HAVE_MEMORY_H
| #  include <memory.h>
| # endif
| # include <string.h>
| #endif
| #ifdef HAVE_STRINGS_H
| # include <strings.h>
| #endif
| #ifdef HAVE_INTTYPES_H
| # include <inttypes.h>
| #endif
| #ifdef HAVE_STDINT_H
| # include <stdint.h>
| #endif
| #ifdef HAVE_UNISTD_H
| # include <unistd.h>
| #endif
| #include <execinfo.h>
configure:12260: result: no
configure:12260: checking execinfo.h presence
configure:12260: arm-elf-gcc -E  conftest.c
conftest.c:23:22: fatal error: execinfo.h: No such file or directory
compilation terminated.
configure:12260: $? = 1
configure: failed program was:
| /* confdefs.h */
| #define PACKAGE_NAME "libosmocore"
| #define PACKAGE_TARNAME "libosmocore"
| #define PACKAGE_VERSION "UNKNOWN-dirty"
| #define PACKAGE_STRING "libosmocore UNKNOWN-dirty"
| #define PACKAGE_BUGREPORT "openbsc@lists.osmocom.org"
| #define PACKAGE_URL ""
| #define PACKAGE "libosmocore"
| #define VERSION "UNKNOWN-dirty"
| #define STDC_HEADERS 1
| #define HAVE_SYS_TYPES_H 1
| #define HAVE_SYS_STAT_H 1
| #define HAVE_STDLIB_H 1
| #define HAVE_STRING_H 1
| #define HAVE_MEMORY_H 1
| #define HAVE_STRINGS_H 1
| #define HAVE_INTTYPES_H 1
| #define HAVE_STDINT_H 1
| #define HAVE_UNISTD_H 1
| #define LT_OBJDIR ".libs/"
| #define STDC_HEADERS 1
| /* end confdefs.h.  */
| #include <execinfo.h>
configure:12260: result: no
configure:12260: checking for execinfo.h
configure:12260: result: no
configure:12260: checking for sys/select.h
configure:12260: result: no
configure:12260: checking for sys/socket.h
configure:12260: result: no
configure:12260: checking syslog.h usability
configure:12260: arm-elf-gcc -c -Os -ffunction-sections -I/home/z00/osmocom-bb/src/target/firmware/include -nostartfiles -nodefaultlibs  conftest.c >&5
conftest.c:56:20: fatal error: syslog.h: No such file or directory
compilation terminated.
configure:12260: $? = 1
configure: failed program was:
| /* confdefs.h */
| #define PACKAGE_NAME "libosmocore"
| #define PACKAGE_TARNAME "libosmocore"
| #define PACKAGE_VERSION "UNKNOWN-dirty"
| #define PACKAGE_STRING "libosmocore UNKNOWN-dirty"
| #define PACKAGE_BUGREPORT "openbsc@lists.osmocom.org"
| #define PACKAGE_URL ""
| #define PACKAGE "libosmocore"
| #define VERSION "UNKNOWN-dirty"
| #define STDC_HEADERS 1
| #define HAVE_SYS_TYPES_H 1
| #define HAVE_SYS_STAT_H 1
| #define HAVE_STDLIB_H 1
| #define HAVE_STRING_H 1
| #define HAVE_MEMORY_H 1
| #define HAVE_STRINGS_H 1
| #define HAVE_INTTYPES_H 1
| #define HAVE_STDINT_H 1
| #define HAVE_UNISTD_H 1
| #define LT_OBJDIR ".libs/"
| #define STDC_HEADERS 1
| /* end confdefs.h.  */
| #include <stdio.h>
| #ifdef HAVE_SYS_TYPES_H
| # include <sys/types.h>
| #endif
| #ifdef HAVE_SYS_STAT_H
| # include <sys/stat.h>
| #endif
| #ifdef STDC_HEADERS
| # include <stdlib.h>
| # include <stddef.h>
| #else
| # ifdef HAVE_STDLIB_H
| #  include <stdlib.h>
| # endif
| #endif
| #ifdef HAVE_STRING_H
| # if !defined STDC_HEADERS && defined HAVE_MEMORY_H
| #  include <memory.h>
| # endif
| # include <string.h>
| #endif
| #ifdef HAVE_STRINGS_H
| # include <strings.h>
| #endif
| #ifdef HAVE_INTTYPES_H
| # include <inttypes.h>
| #endif
| #ifdef HAVE_STDINT_H
| # include <stdint.h>
| #endif
| #ifdef HAVE_UNISTD_H
| # include <unistd.h>
| #endif
| #include <syslog.h>
configure:12260: result: no
configure:12260: checking syslog.h presence
configure:12260: arm-elf-gcc -E  conftest.c
conftest.c:23:20: fatal error: syslog.h: No such file or directory
compilation terminated.
configure:12260: $? = 1
configure: failed program was:
| /* confdefs.h */
| #define PACKAGE_NAME "libosmocore"
| #define PACKAGE_TARNAME "libosmocore"
| #define PACKAGE_VERSION "UNKNOWN-dirty"
| #define PACKAGE_STRING "libosmocore UNKNOWN-dirty"
| #define PACKAGE_BUGREPORT "openbsc@lists.osmocom.org"
| #define PACKAGE_URL ""
| #define PACKAGE "libosmocore"
| #define VERSION "UNKNOWN-dirty"
| #define STDC_HEADERS 1
| #define HAVE_SYS_TYPES_H 1
| #define HAVE_SYS_STAT_H 1
| #define HAVE_STDLIB_H 1
| #define HAVE_STRING_H 1
| #define HAVE_MEMORY_H 1
| #define HAVE_STRINGS_H 1
| #define HAVE_INTTYPES_H 1
| #define HAVE_STDINT_H 1
| #define HAVE_UNISTD_H 1
| #define LT_OBJDIR ".libs/"
| #define STDC_HEADERS 1
| /* end confdefs.h.  */
| #include <syslog.h>
configure:12260: result: no
configure:12260: checking for syslog.h
configure:12260: result: no
configure:12260: checking ctype.h usability
configure:12260: arm-elf-gcc -c -Os -ffunction-sections -I/home/z00/osmocom-bb/src/target/firmware/include -nostartfiles -nodefaultlibs  conftest.c >&5
configure:12260: $? = 0
configure:12260: result: yes
configure:12260: checking ctype.h presence
configure:12260: arm-elf-gcc -E  conftest.c
configure:12260: $? = 0
configure:12260: result: yes
configure:12260: checking for ctype.h
configure:12260: result: yes
configure:12271: checking for size_t
configure:12271: arm-elf-gcc -c -Os -ffunction-sections -I/home/z00/osmocom-bb/src/target/firmware/include -nostartfiles -nodefaultlibs  conftest.c >&5
configure:12271: $? = 0
configure:12271: arm-elf-gcc -c -Os -ffunction-sections -I/home/z00/osmocom-bb/src/target/firmware/include -nostartfiles -nodefaultlibs  conftest.c >&5
conftest.c: In function 'main':
conftest.c:60:21: error: expected expression before ')' token
configure:12271: $? = 1
configure: failed program was:
| /* confdefs.h */
| #define PACKAGE_NAME "libosmocore"
| #define PACKAGE_TARNAME "libosmocore"
| #define PACKAGE_VERSION "UNKNOWN-dirty"
| #define PACKAGE_STRING "libosmocore UNKNOWN-dirty"
| #define PACKAGE_BUGREPORT "openbsc@lists.osmocom.org"
| #define PACKAGE_URL ""
| #define PACKAGE "libosmocore"
| #define VERSION "UNKNOWN-dirty"
| #define STDC_HEADERS 1
| #define HAVE_SYS_TYPES_H 1
| #define HAVE_SYS_STAT_H 1
| #define HAVE_STDLIB_H 1
| #define HAVE_STRING_H 1
| #define HAVE_MEMORY_H 1
| #define HAVE_STRINGS_H 1
| #define HAVE_INTTYPES_H 1
| #define HAVE_STDINT_H 1
| #define HAVE_UNISTD_H 1
| #define LT_OBJDIR ".libs/"
| #define STDC_HEADERS 1
| #define HAVE_CTYPE_H 1
| /* end confdefs.h.  */
| #include <stdio.h>
| #ifdef HAVE_SYS_TYPES_H
| # include <sys/types.h>
| #endif
| #ifdef HAVE_SYS_STAT_H
| # include <sys/stat.h>
| #endif
| #ifdef STDC_HEADERS
| # include <stdlib.h>
| # include <stddef.h>
| #else
| # ifdef HAVE_STDLIB_H
| #  include <stdlib.h>
| # endif
| #endif
| #ifdef HAVE_STRING_H
| # if !defined STDC_HEADERS && defined HAVE_MEMORY_H
| #  include <memory.h>
| # endif
| # include <string.h>
| #endif
| #ifdef HAVE_STRINGS_H
| # include <strings.h>
| #endif
| #ifdef HAVE_INTTYPES_H
| # include <inttypes.h>
| #endif
| #ifdef HAVE_STDINT_H
| # include <stdint.h>
| #endif
| #ifdef HAVE_UNISTD_H
| # include <unistd.h>
| #endif
| int
| main ()
| {
| if (sizeof ((size_t)))
| 	    return 0;
|   ;
|   return 0;
| }
configure:12271: result: yes
configure:12284: checking for working alloca.h
configure:12301: arm-elf-gcc -o conftest -Os -ffunction-sections -I/home/z00/osmocom-bb/src/target/firmware/include -nostartfiles -nodefaultlibs   conftest.c  >&5
/home/z00/gnuarm/install/lib/gcc/arm-elf/4.5.2/../../../../arm-elf/bin/ld: warning: cannot find entry symbol _start; defaulting to 0000000000008000
configure:12301: $? = 0
configure:12309: result: yes
configure:12317: checking for alloca
configure:12354: arm-elf-gcc -o conftest -Os -ffunction-sections -I/home/z00/osmocom-bb/src/target/firmware/include -nostartfiles -nodefaultlibs   conftest.c  >&5
/home/z00/gnuarm/install/lib/gcc/arm-elf/4.5.2/../../../../arm-elf/bin/ld: warning: cannot find entry symbol _start; defaulting to 0000000000008000
configure:12354: $? = 0
configure:12362: result: yes
configure:12468: checking for library containing dlopen
configure:12499: arm-elf-gcc -o conftest -Os -ffunction-sections -I/home/z00/osmocom-bb/src/target/firmware/include -nostartfiles -nodefaultlibs   conftest.c  >&5
/home/z00/gnuarm/install/lib/gcc/arm-elf/4.5.2/../../../../arm-elf/bin/ld: warning: cannot find entry symbol _start; defaulting to 0000000000008000
/tmp/cc700TzH.o: In function `main':
conftest.c:(.text.main+0x4): undefined reference to `dlopen'
collect2: ld returned 1 exit status
configure:12499: $? = 1
configure: failed program was:
| /* confdefs.h */
| #define PACKAGE_NAME "libosmocore"
| #define PACKAGE_TARNAME "libosmocore"
| #define PACKAGE_VERSION "UNKNOWN-dirty"
| #define PACKAGE_STRING "libosmocore UNKNOWN-dirty"
| #define PACKAGE_BUGREPORT "openbsc@lists.osmocom.org"
| #define PACKAGE_URL ""
| #define PACKAGE "libosmocore"
| #define VERSION "UNKNOWN-dirty"
| #define STDC_HEADERS 1
| #define HAVE_SYS_TYPES_H 1
| #define HAVE_SYS_STAT_H 1
| #define HAVE_STDLIB_H 1
| #define HAVE_STRING_H 1
| #define HAVE_MEMORY_H 1
| #define HAVE_STRINGS_H 1
| #define HAVE_INTTYPES_H 1
| #define HAVE_STDINT_H 1
| #define HAVE_UNISTD_H 1
| #define LT_OBJDIR ".libs/"
| #define STDC_HEADERS 1
| #define HAVE_CTYPE_H 1
| #define HAVE_ALLOCA_H 1
| #define HAVE_ALLOCA 1
| /* end confdefs.h.  */
| 
| /* Override any GCC internal prototype to avoid an error.
|    Use char because int might match the return type of a GCC
|    builtin and then its argument prototype would still apply.  */
| #ifdef __cplusplus
| extern "C"
| #endif
| char dlopen ();
| int
| main ()
| {
| return dlopen ();
|   ;
|   return 0;
| }
configure:12499: arm-elf-gcc -o conftest -Os -ffunction-sections -I/home/z00/osmocom-bb/src/target/firmware/include -nostartfiles -nodefaultlibs   conftest.c -ldl   >&5
/home/z00/gnuarm/install/lib/gcc/arm-elf/4.5.2/../../../../arm-elf/bin/ld: cannot find -ldl
collect2: ld returned 1 exit status
configure:12499: $? = 1
configure: failed program was:
| /* confdefs.h */
| #define PACKAGE_NAME "libosmocore"
| #define PACKAGE_TARNAME "libosmocore"
| #define PACKAGE_VERSION "UNKNOWN-dirty"
| #define PACKAGE_STRING "libosmocore UNKNOWN-dirty"
| #define PACKAGE_BUGREPORT "openbsc@lists.osmocom.org"
| #define PACKAGE_URL ""
| #define PACKAGE "libosmocore"
| #define VERSION "UNKNOWN-dirty"
| #define STDC_HEADERS 1
| #define HAVE_SYS_TYPES_H 1
| #define HAVE_SYS_STAT_H 1
| #define HAVE_STDLIB_H 1
| #define HAVE_STRING_H 1
| #define HAVE_MEMORY_H 1
| #define HAVE_STRINGS_H 1
| #define HAVE_INTTYPES_H 1
| #define HAVE_STDINT_H 1
| #define HAVE_UNISTD_H 1
| #define LT_OBJDIR ".libs/"
| #define STDC_HEADERS 1
| #define HAVE_CTYPE_H 1
| #define HAVE_ALLOCA_H 1
| #define HAVE_ALLOCA 1
| /* end confdefs.h.  */
| 
| /* Override any GCC internal prototype to avoid an error.
|    Use char because int might match the return type of a GCC
|    builtin and then its argument prototype would still apply.  */
| #ifdef __cplusplus
| extern "C"
| #endif
| char dlopen ();
| int
| main ()
| {
| return dlopen ();
|   ;
|   return 0;
| }
configure:12499: arm-elf-gcc -o conftest -Os -ffunction-sections -I/home/z00/osmocom-bb/src/target/firmware/include -nostartfiles -nodefaultlibs   conftest.c -ldld   >&5
/home/z00/gnuarm/install/lib/gcc/arm-elf/4.5.2/../../../../arm-elf/bin/ld: cannot find -ldld
collect2: ld returned 1 exit status
configure:12499: $? = 1
configure: failed program was:
| /* confdefs.h */
| #define PACKAGE_NAME "libosmocore"
| #define PACKAGE_TARNAME "libosmocore"
| #define PACKAGE_VERSION "UNKNOWN-dirty"
| #define PACKAGE_STRING "libosmocore UNKNOWN-dirty"
| #define PACKAGE_BUGREPORT "openbsc@lists.osmocom.org"
| #define PACKAGE_URL ""
| #define PACKAGE "libosmocore"
| #define VERSION "UNKNOWN-dirty"
| #define STDC_HEADERS 1
| #define HAVE_SYS_TYPES_H 1
| #define HAVE_SYS_STAT_H 1
| #define HAVE_STDLIB_H 1
| #define HAVE_STRING_H 1
| #define HAVE_MEMORY_H 1
| #define HAVE_STRINGS_H 1
| #define HAVE_INTTYPES_H 1
| #define HAVE_STDINT_H 1
| #define HAVE_UNISTD_H 1
| #define LT_OBJDIR ".libs/"
| #define STDC_HEADERS 1
| #define HAVE_CTYPE_H 1
| #define HAVE_ALLOCA_H 1
| #define HAVE_ALLOCA 1
| /* end confdefs.h.  */
| 
| /* Override any GCC internal prototype to avoid an error.
|    Use char because int might match the return type of a GCC
|    builtin and then its argument prototype would still apply.  */
| #ifdef __cplusplus
| extern "C"
| #endif
| char dlopen ();
| int
| main ()
| {
| return dlopen ();
|   ;
|   return 0;
| }
configure:12516: result: no
configure:12528: checking for doxygen
configure:12546: found /usr/bin/doxygen
configure:12559: result: /usr/bin/doxygen
configure:12579: checking if arm-elf-gcc supports -fvisibility=hidden
configure:12585: arm-elf-gcc -c -Os -ffunction-sections -I/home/z00/osmocom-bb/src/target/firmware/include -nostartfiles -nodefaultlibs -fvisibility=hidden   conftest.c >&5
configure:12585: $? = 0
configure:12586: result: yes
configure:12600: checking whether struct tm has tm_gmtoff member
configure:12624: arm-elf-gcc -o conftest -Os -ffunction-sections -I/home/z00/osmocom-bb/src/target/firmware/include -nostartfiles -nodefaultlibs   conftest.c  >&5
conftest.c: In function 'main':
conftest.c:36:21: error: 'struct tm' has no member named 'tm_gmtoff'
configure:12624: $? = 1
configure: failed program was:
| /* confdefs.h */
| #define PACKAGE_NAME "libosmocore"
| #define PACKAGE_TARNAME "libosmocore"
| #define PACKAGE_VERSION "UNKNOWN-dirty"
| #define PACKAGE_STRING "libosmocore UNKNOWN-dirty"
| #define PACKAGE_BUGREPORT "openbsc@lists.osmocom.org"
| #define PACKAGE_URL ""
| #define PACKAGE "libosmocore"
| #define VERSION "UNKNOWN-dirty"
| #define STDC_HEADERS 1
| #define HAVE_SYS_TYPES_H 1
| #define HAVE_SYS_STAT_H 1
| #define HAVE_STDLIB_H 1
| #define HAVE_STRING_H 1
| #define HAVE_MEMORY_H 1
| #define HAVE_STRINGS_H 1
| #define HAVE_INTTYPES_H 1
| #define HAVE_STDINT_H 1
| #define HAVE_UNISTD_H 1
| #define LT_OBJDIR ".libs/"
| #define STDC_HEADERS 1
| #define HAVE_CTYPE_H 1
| #define HAVE_ALLOCA_H 1
| #define HAVE_ALLOCA 1
| /* end confdefs.h.  */
| 
| 
|         #include <time.h>
| 
| int
| main ()
| {
| 
|         time_t t = time(NULL);
|         struct tm* lt = localtime(&t);
|         int off = lt->tm_gmtoff;
| 
|   ;
|   return 0;
| }
| 
configure:12634: result: no
configure:12970: checking that generated files are newer than configure
configure:12976: result: done
configure:13059: creating ./config.status

## ---------------------- ##
## Running config.status. ##
## ---------------------- ##

This file was extended by libosmocore config.status UNKNOWN-dirty, which was
generated by GNU Autoconf 2.69.  Invocation command line was

  CONFIG_FILES    = 
  CONFIG_HEADERS  = 
  CONFIG_LINKS    = 
  CONFIG_COMMANDS = 
  $ ./config.status 

on 0x66

config.status:1128: creating libosmocore.pc
config.status:1128: creating libosmocodec.pc
config.status:1128: creating libosmovty.pc
config.status:1128: creating libosmogsm.pc
config.status:1128: creating libosmogb.pc
config.status:1128: creating include/Makefile
config.status:1128: creating src/Makefile
config.status:1128: creating src/vty/Makefile
config.status:1128: creating src/codec/Makefile
config.status:1128: creating src/gsm/Makefile
config.status:1128: creating src/gb/Makefile
config.status:1128: creating tests/Makefile
config.status:1128: creating utils/Makefile
config.status:1128: creating Doxyfile.core
config.status:1128: creating Doxyfile.gsm
config.status:1128: creating Doxyfile.vty
config.status:1128: creating Doxyfile.codec
config.status:1128: creating Makefile
config.status:1128: creating config.h
config.status:1294: config.h is unchanged
config.status:1342: executing tests/atconfig commands
config.status:1342: executing depfiles commands
config.status:1342: executing libtool commands
configure:15239: WARNING: unrecognized options: --disable-tests, --disable-tests

## ---------------- ##
## Cache variables. ##
## ---------------- ##

ac_cv_build=x86_64-pc-linux-gnu
ac_cv_c_compiler_gnu=yes
ac_cv_env_CC_set=
ac_cv_env_CC_value=
ac_cv_env_CFLAGS_set=set
ac_cv_env_CFLAGS_value='-Os -ffunction-sections -I/home/z00/osmocom-bb/src/target/firmware/include -nostartfiles -nodefaultlibs'
ac_cv_env_CPPFLAGS_set=
ac_cv_env_CPPFLAGS_value=
ac_cv_env_CPP_set=
ac_cv_env_CPP_value=
ac_cv_env_LDFLAGS_set=
ac_cv_env_LDFLAGS_value=
ac_cv_env_LIBS_set=
ac_cv_env_LIBS_value=
ac_cv_env_LT_SYS_LIBRARY_PATH_set=
ac_cv_env_LT_SYS_LIBRARY_PATH_value=
ac_cv_env_build_alias_set=
ac_cv_env_build_alias_value=
ac_cv_env_host_alias_set=set
ac_cv_env_host_alias_value=arm-elf
ac_cv_env_target_alias_set=
ac_cv_env_target_alias_value=
ac_cv_func_alloca_works=yes
ac_cv_header_ctype_h=yes
ac_cv_header_dlfcn_h=no
ac_cv_header_execinfo_h=no
ac_cv_header_inttypes_h=yes
ac_cv_header_memory_h=yes
ac_cv_header_stdc=yes
ac_cv_header_stdint_h=yes
ac_cv_header_stdlib_h=yes
ac_cv_header_string_h=yes
ac_cv_header_strings_h=yes
ac_cv_header_sys_select_h=no
ac_cv_header_sys_socket_h=no
ac_cv_header_sys_stat_h=yes
ac_cv_header_sys_types_h=yes
ac_cv_header_syslog_h=no
ac_cv_header_unistd_h=yes
ac_cv_host=arm-unknown-elf
ac_cv_objext=o
ac_cv_path_DOXYGEN=/usr/bin/doxygen
ac_cv_path_EGREP='/bin/grep -E'
ac_cv_path_FGREP='/bin/grep -F'
ac_cv_path_GREP=/bin/grep
ac_cv_path_SED=/bin/sed
ac_cv_path_install='/usr/bin/install -c'
ac_cv_path_lt_DD=/bin/dd
ac_cv_path_mkdir=/bin/mkdir
ac_cv_prog_AR=arm-elf-ar
ac_cv_prog_AWK=gawk
ac_cv_prog_CC=arm-elf-gcc
ac_cv_prog_CPP='arm-elf-gcc -E'
ac_cv_prog_OBJDUMP=arm-elf-objdump
ac_cv_prog_RANLIB=arm-elf-ranlib
ac_cv_prog_STRIP=arm-elf-strip
ac_cv_prog_ac_ct_MANIFEST_TOOL=mt
ac_cv_prog_cc_c89=
ac_cv_prog_cc_g=yes
ac_cv_prog_make_make_set=yes
ac_cv_search_dlopen=no
ac_cv_type_size_t=yes
ac_cv_working_alloca_h=yes
am_cv_CC_dependencies_compiler_type=gcc3
am_cv_make_support_nested_variables=yes
am_cv_prog_cc_c_o=yes
lt_cv_ar_at_file=@
lt_cv_deplibs_check_method=unknown
lt_cv_file_magic_cmd='$MAGIC_CMD'
lt_cv_file_magic_test_file=
lt_cv_ld_reload_flag=-r
lt_cv_nm_interface='BSD nm'
lt_cv_objdir=.libs
lt_cv_path_LD=/home/z00/gnuarm/install/arm-elf/bin/ld
lt_cv_path_NM='/home/z00/gnuarm/install/bin/arm-elf-nm -B'
lt_cv_path_mainfest_tool=no
lt_cv_prog_compiler_c_o=yes
lt_cv_prog_compiler_pic='-fPIC -DPIC'
lt_cv_prog_compiler_pic_works=yes
lt_cv_prog_compiler_rtti_exceptions=no
lt_cv_prog_compiler_static_works=yes
lt_cv_prog_gnu_ld=yes
lt_cv_sharedlib_from_linklib_cmd='printf %s\n'
lt_cv_sys_global_symbol_pipe='sed -n -e '\''s/^.*[	 ]\([ABCDGIRSTW][ABCDGIRSTW]*\)[	 ][	 ]*\([_A-Za-z][_A-Za-z0-9]*\)$/\1 \2 \2/p'\'' | sed '\''/ __gnu_lto/d'\'''
lt_cv_sys_global_symbol_to_c_name_address='sed -n -e '\''s/^: \(.*\) .*$/  {"\1", (void *) 0},/p'\'' -e '\''s/^[ABCDGIRSTW][ABCDGIRSTW]* .* \(.*\)$/  {"\1", (void *) \&\1},/p'\'''
lt_cv_sys_global_symbol_to_c_name_address_lib_prefix='sed -n -e '\''s/^: \(.*\) .*$/  {"\1", (void *) 0},/p'\'' -e '\''s/^[ABCDGIRSTW][ABCDGIRSTW]* .* \(lib.*\)$/  {"\1", (void *) \&\1},/p'\'' -e '\''s/^[ABCDGIRSTW][ABCDGIRSTW]* .* \(.*\)$/  {"lib\1", (void *) \&\1},/p'\'''
lt_cv_sys_global_symbol_to_cdecl='sed -n -e '\''s/^T .* \(.*\)$/extern int \1();/p'\'' -e '\''s/^[ABCDGIRSTW][ABCDGIRSTW]* .* \(.*\)$/extern char \1;/p'\'''
lt_cv_sys_global_symbol_to_import=
lt_cv_sys_max_cmd_len=1572864
lt_cv_to_host_file_cmd=func_convert_file_noop
lt_cv_to_tool_file_cmd=func_convert_file_noop
lt_cv_truncate_bin='/bin/dd bs=4096 count=1'
osmo_cv_tm_includes_tm_gmtoff=no

## ----------------- ##
## Output variables. ##
## ----------------- ##

ACLOCAL='${SHELL} /home/z00/osmocom-bb/src/shared/libosmocore/missing aclocal-1.15'
ALLOCA=''
AMDEPBACKSLASH='\'
AMDEP_FALSE='#'
AMDEP_TRUE=''
AMTAR='$${TAR-tar}'
AM_BACKSLASH='\'
AM_DEFAULT_V='$(AM_DEFAULT_VERBOSITY)'
AM_DEFAULT_VERBOSITY='0'
AM_V='$(V)'
AR='arm-elf-ar'
AUTOCONF='${SHELL} /home/z00/osmocom-bb/src/shared/libosmocore/missing autoconf'
AUTOHEADER='${SHELL} /home/z00/osmocom-bb/src/shared/libosmocore/missing autoheader'
AUTOMAKE='${SHELL} /home/z00/osmocom-bb/src/shared/libosmocore/missing automake-1.15'
AWK='gawk'
CC='arm-elf-gcc'
CCDEPMODE='depmode=gcc3'
CFLAGS='-Os -ffunction-sections -I/home/z00/osmocom-bb/src/target/firmware/include -nostartfiles -nodefaultlibs'
CPP='arm-elf-gcc -E'
CPPFLAGS=''
CYGPATH_W='echo'
DEFS='-DHAVE_CONFIG_H'
DEPDIR='.deps'
DLLTOOL='false'
DOXYGEN='/usr/bin/doxygen'
DSYMUTIL=''
DUMPBIN=''
ECHO_C=''
ECHO_N='-n'
ECHO_T=''
EGREP='/bin/grep -E'
ENABLE_GB_FALSE=''
ENABLE_GB_TRUE='#'
ENABLE_MSGFILE_FALSE=''
ENABLE_MSGFILE_TRUE='#'
ENABLE_PLUGIN_FALSE=''
ENABLE_PLUGIN_TRUE='#'
ENABLE_SERIAL_FALSE=''
ENABLE_SERIAL_TRUE='#'
ENABLE_TALLOC_FALSE=''
ENABLE_TALLOC_TRUE='#'
ENABLE_UTILITIES_FALSE=''
ENABLE_UTILITIES_TRUE='#'
ENABLE_VTY_FALSE=''
ENABLE_VTY_TRUE='#'
EXEEXT=''
FGREP='/bin/grep -F'
GREP='/bin/grep'
HAVE_DOXYGEN_FALSE='#'
HAVE_DOXYGEN_TRUE=''
INSTALL_DATA='${INSTALL} -m 644'
INSTALL_PROGRAM='${INSTALL}'
INSTALL_SCRIPT='${INSTALL}'
INSTALL_STRIP_PROGRAM='$(install_sh) -c -s'
LD='/home/z00/gnuarm/install/arm-elf/bin/ld'
LDFLAGS=''
LIBOBJS=''
LIBRARY_DL=''
LIBS=''
LIBTOOL='$(SHELL) $(top_builddir)/libtool'
LIPO=''
LN_S='ln -s'
LTLDFLAGS_OSMOGB='-Wl,--version-script=$(srcdir)/libosmogb.map'
LTLDFLAGS_OSMOGSM='-Wl,--version-script=$(srcdir)/libosmogsm.map'
LTLIBOBJS=''
LT_SYS_LIBRARY_PATH=''
MAKEINFO='${SHELL} /home/z00/osmocom-bb/src/shared/libosmocore/missing makeinfo'
MANIFEST_TOOL=':'
MKDIR_P='/bin/mkdir -p'
NM='/home/z00/gnuarm/install/bin/arm-elf-nm -B'
NMEDIT=''
OBJDUMP='arm-elf-objdump'
OBJEXT='o'
OTOOL64=''
OTOOL=''
PACKAGE='libosmocore'
PACKAGE_BUGREPORT='openbsc@lists.osmocom.org'
PACKAGE_NAME='libosmocore'
PACKAGE_STRING='libosmocore UNKNOWN-dirty'
PACKAGE_TARNAME='libosmocore'
PACKAGE_URL=''
PACKAGE_VERSION='UNKNOWN-dirty'
PATH_SEPARATOR=':'
RANLIB='arm-elf-ranlib'
SED='/bin/sed'
SET_MAKE=''
SHELL='/bin/bash'
STRIP='arm-elf-strip'
SYMBOL_VISIBILITY='-fvisibility=hidden'
VERSION='UNKNOWN-dirty'
ac_ct_AR=''
ac_ct_CC=''
ac_ct_DUMPBIN=''
am__EXEEXT_FALSE=''
am__EXEEXT_TRUE='#'
am__fastdepCC_FALSE='#'
am__fastdepCC_TRUE=''
am__include='include'
am__isrc=' -I$(srcdir)'
am__leading_dot='.'
am__nodep='_no'
am__quote=''
am__tar='$${TAR-tar} chof - "$$tardir"'
am__untar='$${TAR-tar} xf -'
bindir='${exec_prefix}/bin'
build='x86_64-pc-linux-gnu'
build_alias=''
build_cpu='x86_64'
build_os='linux-gnu'
build_vendor='pc'
datadir='${datarootdir}'
datarootdir='${prefix}/share'
docdir='${datarootdir}/doc/${PACKAGE_TARNAME}'
dvidir='${docdir}'
exec_prefix='${prefix}'
host='arm-unknown-elf'
host_alias='arm-elf'
host_cpu='arm'
host_os='elf'
host_vendor='unknown'
htmldir='${docdir}'
includedir='${prefix}/include'
infodir='${datarootdir}/info'
install_sh='${SHELL} /home/z00/osmocom-bb/src/shared/libosmocore/install-sh'
libdir='${exec_prefix}/lib'
libexecdir='${exec_prefix}/libexec'
localedir='${datarootdir}/locale'
localstatedir='${prefix}/var'
mandir='${datarootdir}/man'
mkdir_p='$(MKDIR_P)'
oldincludedir='/usr/include'
pdfdir='${docdir}'
prefix='/usr/local'
program_transform_name='s,x,x,'
psdir='${docdir}'
runstatedir='${localstatedir}/run'
sbindir='${exec_prefix}/sbin'
sharedstatedir='${prefix}/com'
sysconfdir='${prefix}/etc'
target_alias=''

## ----------- ##
## confdefs.h. ##
## ----------- ##

/* confdefs.h */
#define PACKAGE_NAME "libosmocore"
#define PACKAGE_TARNAME "libosmocore"
#define PACKAGE_VERSION "UNKNOWN-dirty"
#define PACKAGE_STRING "libosmocore UNKNOWN-dirty"
#define PACKAGE_BUGREPORT "openbsc@lists.osmocom.org"
#define PACKAGE_URL ""
#define PACKAGE "libosmocore"
#define VERSION "UNKNOWN-dirty"
#define STDC_HEADERS 1
#define HAVE_SYS_TYPES_H 1
#define HAVE_SYS_STAT_H 1
#define HAVE_STDLIB_H 1
#define HAVE_STRING_H 1
#define HAVE_MEMORY_H 1
#define HAVE_STRINGS_H 1
#define HAVE_INTTYPES_H 1
#define HAVE_STDINT_H 1
#define HAVE_UNISTD_H 1
#define LT_OBJDIR ".libs/"
#define STDC_HEADERS 1
#define HAVE_CTYPE_H 1
#define HAVE_ALLOCA_H 1
#define HAVE_ALLOCA 1
#define BSC_FD_CHECK 1
#define EMBEDDED 1
#define PANIC_INFLOOP 1

configure: exit 0

## ---------------------- ##
## Running config.status. ##
## ---------------------- ##

This file was extended by libosmocore config.status UNKNOWN-dirty, which was
generated by GNU Autoconf 2.69.  Invocation command line was

  CONFIG_FILES    = 
  CONFIG_HEADERS  = 
  CONFIG_LINKS    = 
  CONFIG_COMMANDS = 
  $ ./config.status Doxyfile.core

on 0x66

config.status:1128: creating Doxyfile.core
