   1              		.file	"prim_utils.c"
   9              	.Ltext0:
  10              		.cfi_sections	.debug_frame
  11              		.section	.text.pu_get_idle_frame,"ax",%progbits
  12              		.align	2
  13              		.global	pu_get_idle_frame
  15              	pu_get_idle_frame:
  16              	.LFB39:
  17              		.file 1 "layer1/prim_utils.c"
   1:layer1/prim_utils.c **** /* Layer 1 Various primitive utilities */
   2:layer1/prim_utils.c **** 
   3:layer1/prim_utils.c **** /* (C) 2010 by Sylvain Munaut <tnt@246tNt.com>
   4:layer1/prim_utils.c ****  *
   5:layer1/prim_utils.c ****  * All Rights Reserved
   6:layer1/prim_utils.c ****  *
   7:layer1/prim_utils.c ****  * This program is free software; you can redistribute it and/or modify
   8:layer1/prim_utils.c ****  * it under the terms of the GNU General Public License as published by
   9:layer1/prim_utils.c ****  * the Free Software Foundation; either version 2 of the License, or
  10:layer1/prim_utils.c ****  * (at your option) any later version.
  11:layer1/prim_utils.c ****  *
  12:layer1/prim_utils.c ****  * This program is distributed in the hope that it will be useful,
  13:layer1/prim_utils.c ****  * but WITHOUT ANY WARRANTY; without even the implied warranty of
  14:layer1/prim_utils.c ****  * MERCHANTABILITY or FITNESS FOR A PARTICULAR PURPOSE.  See the
  15:layer1/prim_utils.c ****  * GNU General Public License for more details.
  16:layer1/prim_utils.c ****  *
  17:layer1/prim_utils.c ****  * You should have received a copy of the GNU General Public License along
  18:layer1/prim_utils.c ****  * with this program; if not, write to the Free Software Foundation, Inc.,
  19:layer1/prim_utils.c ****  * 51 Franklin Street, Fifth Floor, Boston, MA 02110-1301 USA.
  20:layer1/prim_utils.c ****  *
  21:layer1/prim_utils.c ****  */
  22:layer1/prim_utils.c **** 
  23:layer1/prim_utils.c **** #include <stdint.h>
  24:layer1/prim_utils.c **** 
  25:layer1/prim_utils.c **** #include <osmocom/core/msgb.h>
  26:layer1/prim_utils.c **** #include <layer1/sync.h>
  27:layer1/prim_utils.c **** 
  28:layer1/prim_utils.c **** 
  29:layer1/prim_utils.c **** static const uint8_t ubUui[23] = {
  30:layer1/prim_utils.c **** 	/* dummy lapdm header */
  31:layer1/prim_utils.c **** 	0x01, 0x03, 0x01,
  32:layer1/prim_utils.c **** 
  33:layer1/prim_utils.c **** 	/* fill bytes */
  34:layer1/prim_utils.c **** 	0x2b, 0x2b, 0x2b, 0x2b, 0x2b, 0x2b, 0x2b, 0x2b,
  35:layer1/prim_utils.c **** 	0x2b, 0x2b, 0x2b, 0x2b, 0x2b, 0x2b, 0x2b, 0x2b,
  36:layer1/prim_utils.c **** 	0x2b, 0x2b, 0x2b, 0x2b
  37:layer1/prim_utils.c **** };
  38:layer1/prim_utils.c **** 
  39:layer1/prim_utils.c **** static uint8_t ubMeas[23] = {
  40:layer1/prim_utils.c **** 	/* L1 SAACH pseudo-header */
  41:layer1/prim_utils.c **** 	0x0f, 0x00,
  42:layer1/prim_utils.c **** 
  43:layer1/prim_utils.c **** 	/* lapdm header */
  44:layer1/prim_utils.c **** 	0x01, 0x03, 0x49,
  45:layer1/prim_utils.c **** 
  46:layer1/prim_utils.c **** 	/* Measurement report */
  47:layer1/prim_utils.c **** 	0x06, 0x15, 0x36, 0x36, 0x01, 0xC0, 0x00, 0x00,
  48:layer1/prim_utils.c **** 	0x00, 0x00, 0x00, 0x00, 0x00, 0x00, 0x00, 0x00,
  49:layer1/prim_utils.c **** 	0x00, 0x00
  50:layer1/prim_utils.c **** };
  51:layer1/prim_utils.c **** 
  52:layer1/prim_utils.c **** 
  53:layer1/prim_utils.c **** const uint8_t *pu_get_idle_frame(void)
  54:layer1/prim_utils.c **** {
  18              		.loc 1 54 0
  19              		.cfi_startproc
  20              		@ args = 0, pretend = 0, frame = 0
  21              		@ frame_needed = 0, uses_anonymous_args = 0
  22              		@ link register save eliminated.
  55:layer1/prim_utils.c **** 	return ubUui;
  56:layer1/prim_utils.c **** }
  23              		.loc 1 56 0
  24 0000 00009FE5 		ldr	r0, .L2
  25 0004 1EFF2FE1 		bx	lr
  26              	.L3:
  27              		.align	2
  28              	.L2:
  29 0008 00000000 		.word	.LANCHOR0
  30              		.cfi_endproc
  31              	.LFE39:
  33              		.section	.text.pu_update_rx_level,"ax",%progbits
  34              		.align	2
  35              		.global	pu_update_rx_level
  37              	pu_update_rx_level:
  38              	.LFB40:
  57:layer1/prim_utils.c **** 
  58:layer1/prim_utils.c **** void pu_update_rx_level(uint8_t rx_level)
  59:layer1/prim_utils.c **** {
  39              		.loc 1 59 0
  40              		.cfi_startproc
  41              		@ args = 0, pretend = 0, frame = 0
  42              		@ frame_needed = 0, uses_anonymous_args = 0
  43              		@ link register save eliminated.
  44              	.LVL0:
  60:layer1/prim_utils.c **** 	ubMeas[7] = ubMeas[8] = rx_level;
  45              		.loc 1 60 0
  46 0000 0C309FE5 		ldr	r3, .L5
  59:layer1/prim_utils.c **** {
  47              		.loc 1 59 0
  48 0004 FF0000E2 		and	r0, r0, #255
  49              	.LVL1:
  50              		.loc 1 60 0
  51 0008 0800C3E5 		strb	r0, [r3, #8]
  52 000c 0700C3E5 		strb	r0, [r3, #7]
  61:layer1/prim_utils.c **** }
  53              		.loc 1 61 0
  54 0010 1EFF2FE1 		bx	lr
  55              	.L6:
  56              		.align	2
  57              	.L5:
  58 0014 00000000 		.word	.LANCHOR1
  59              		.cfi_endproc
  60              	.LFE40:
  62              		.section	.text.pu_get_meas_frame,"ax",%progbits
  63              		.align	2
  64              		.global	pu_get_meas_frame
  66              	pu_get_meas_frame:
  67              	.LFB41:
  62:layer1/prim_utils.c **** 
  63:layer1/prim_utils.c **** const uint8_t *pu_get_meas_frame(void)
  64:layer1/prim_utils.c **** {
  68              		.loc 1 64 0
  69              		.cfi_startproc
  70              		@ args = 0, pretend = 0, frame = 0
  71              		@ frame_needed = 0, uses_anonymous_args = 0
  72              		@ link register save eliminated.
  65:layer1/prim_utils.c **** 	if (l1s.tx_meas) {
  73              		.loc 1 65 0
  74 0000 20309FE5 		ldr	r3, .L10
  75 0004 682A93E5 		ldr	r2, [r3, #2664]
  76 0008 000052E3 		cmp	r2, #0
  66:layer1/prim_utils.c **** 		return l1s.tx_meas->l3h;
  67:layer1/prim_utils.c **** 	} else {
  68:layer1/prim_utils.c **** 		/* Update L1 SAACH pseudo-header */
  69:layer1/prim_utils.c **** 		ubMeas[0] = l1s.tx_power;
  77              		.loc 1 69 0
  78 000c 18009F05 		ldreq	r0, .L10+4
  79 0010 492AD305 		ldreqb	r2, [r3, #2633]	@ zero_extendqisi2
  70:layer1/prim_utils.c **** 		ubMeas[1] = l1s.ta;
  80              		.loc 1 70 0
  81 0014 483AD305 		ldreqb	r3, [r3, #2632]	@ zero_extendqisi2
  66:layer1/prim_utils.c **** 		return l1s.tx_meas->l3h;
  82              		.loc 1 66 0
  83 0018 18009215 		ldrne	r0, [r2, #24]
  69:layer1/prim_utils.c **** 		ubMeas[0] = l1s.tx_power;
  84              		.loc 1 69 0
  85 001c 0020C005 		streqb	r2, [r0, #0]
  86              		.loc 1 70 0
  87 0020 0130C005 		streqb	r3, [r0, #1]
  71:layer1/prim_utils.c **** 
  72:layer1/prim_utils.c **** 		return ubMeas;
  73:layer1/prim_utils.c **** 	}
  74:layer1/prim_utils.c **** }
  88              		.loc 1 74 0
  89 0024 1EFF2FE1 		bx	lr
  90              	.L11:
  91              		.align	2
  92              	.L10:
  93 0028 00000000 		.word	l1s
  94 002c 00000000 		.word	.LANCHOR1
  95              		.cfi_endproc
  96              	.LFE41:
  98              		.section	.rodata
  99              		.align	2
 100              		.set	.LANCHOR0,. + 0
 103              	ubUui:
 104 0000 01       		.byte	1
 105 0001 03       		.byte	3
 106 0002 01       		.byte	1
 107 0003 2B       		.byte	43
 108 0004 2B       		.byte	43
 109 0005 2B       		.byte	43
 110 0006 2B       		.byte	43
 111 0007 2B       		.byte	43
 112 0008 2B       		.byte	43
 113 0009 2B       		.byte	43
 114 000a 2B       		.byte	43
 115 000b 2B       		.byte	43
 116 000c 2B       		.byte	43
 117 000d 2B       		.byte	43
 118 000e 2B       		.byte	43
 119 000f 2B       		.byte	43
 120 0010 2B       		.byte	43
 121 0011 2B       		.byte	43
 122 0012 2B       		.byte	43
 123 0013 2B       		.byte	43
 124 0014 2B       		.byte	43
 125 0015 2B       		.byte	43
 126 0016 2B       		.byte	43
 127 0017 00       		.data
 128              		.align	2
 129              		.set	.LANCHOR1,. + 0
 132              	ubMeas:
 133 0000 0F       		.byte	15
 134 0001 00       		.byte	0
 135 0002 01       		.byte	1
 136 0003 03       		.byte	3
 137 0004 49       		.byte	73
 138 0005 06       		.byte	6
 139 0006 15       		.byte	21
 140 0007 36       		.byte	54
 141 0008 36       		.byte	54
 142 0009 01       		.byte	1
 143 000a C0       		.byte	-64
 144 000b 00       		.byte	0
 145 000c 00       		.byte	0
 146 000d 00       		.byte	0
 147 000e 00       		.byte	0
 148 000f 00       		.byte	0
 149 0010 00       		.byte	0
 150 0011 00       		.byte	0
 151 0012 00       		.byte	0
 152 0013 00       		.byte	0
 153 0014 00       		.byte	0
 154 0015 00       		.byte	0
 155 0016 00       		.byte	0
 156 0017 00       		.text
 157              	.Letext0:
DEFINED SYMBOLS
                            *ABS*:0000000000000000 prim_utils.c
     /tmp/ccApK1UB.s:12     .text.pu_get_idle_frame:0000000000000000 $a
     /tmp/ccApK1UB.s:15     .text.pu_get_idle_frame:0000000000000000 pu_get_idle_frame
     /tmp/ccApK1UB.s:29     .text.pu_get_idle_frame:0000000000000008 $d
     /tmp/ccApK1UB.s:34     .text.pu_update_rx_level:0000000000000000 $a
     /tmp/ccApK1UB.s:37     .text.pu_update_rx_level:0000000000000000 pu_update_rx_level
     /tmp/ccApK1UB.s:58     .text.pu_update_rx_level:0000000000000014 $d
     /tmp/ccApK1UB.s:63     .text.pu_get_meas_frame:0000000000000000 $a
     /tmp/ccApK1UB.s:66     .text.pu_get_meas_frame:0000000000000000 pu_get_meas_frame
     /tmp/ccApK1UB.s:93     .text.pu_get_meas_frame:0000000000000028 $d
     /tmp/ccApK1UB.s:99     .rodata:0000000000000000 $d
     /tmp/ccApK1UB.s:103    .rodata:0000000000000000 ubUui
     /tmp/ccApK1UB.s:128    .data:0000000000000000 $d
     /tmp/ccApK1UB.s:132    .data:0000000000000000 ubMeas
                     .debug_frame:0000000000000010 $d

UNDEFINED SYMBOLS
l1s
