   1              		.file	"dma.c"
   9              	.Ltext0:
  10              		.cfi_sections	.debug_frame
  11              		.section	.text.dma_init,"ax",%progbits
  12              		.align	2
  13              		.global	dma_init
  15              	dma_init:
  16              	.LFB0:
  17              		.file 1 "calypso/dma.c"
   1:calypso/dma.c **** /* Driver for Calypso DMA controller */
   2:calypso/dma.c **** 
   3:calypso/dma.c **** /* (C) 2010 by Harald Welte <laforge@gnumonks.org>
   4:calypso/dma.c ****  *
   5:calypso/dma.c ****  * All Rights Reserved
   6:calypso/dma.c ****  *
   7:calypso/dma.c ****  * This program is free software; you can redistribute it and/or modify
   8:calypso/dma.c ****  * it under the terms of the GNU General Public License as published by
   9:calypso/dma.c ****  * the Free Software Foundation; either version 2 of the License, or
  10:calypso/dma.c ****  * (at your option) any later version.
  11:calypso/dma.c ****  *
  12:calypso/dma.c ****  * This program is distributed in the hope that it will be useful,
  13:calypso/dma.c ****  * but WITHOUT ANY WARRANTY; without even the implied warranty of
  14:calypso/dma.c ****  * MERCHANTABILITY or FITNESS FOR A PARTICULAR PURPOSE.  See the
  15:calypso/dma.c ****  * GNU General Public License for more details.
  16:calypso/dma.c ****  *
  17:calypso/dma.c ****  * You should have received a copy of the GNU General Public License along
  18:calypso/dma.c ****  * with this program; if not, write to the Free Software Foundation, Inc.,
  19:calypso/dma.c ****  * 51 Franklin Street, Fifth Floor, Boston, MA 02110-1301 USA.
  20:calypso/dma.c ****  *
  21:calypso/dma.c ****  */
  22:calypso/dma.c **** 
  23:calypso/dma.c **** #include <memory.h>
  24:calypso/dma.c **** 
  25:calypso/dma.c **** #define BASE_ADDR_DMA 0xfffffc00
  26:calypso/dma.c **** 
  27:calypso/dma.c **** enum dma_reg {
  28:calypso/dma.c **** 	CONTROLLER_CONF		= 0x00,
  29:calypso/dma.c **** 	ALLOC_CONFIG		= 0x02,
  30:calypso/dma.c **** };
  31:calypso/dma.c **** #define DMA_REG(m)		(BASE_ADDR_DMA + (m))
  32:calypso/dma.c **** 
  33:calypso/dma.c **** #define DMA_RAD(x)		DMA_REG((x)*0x10 + 0x0)
  34:calypso/dma.c **** #define DMA_RDPATH(x)		DMA_REG((x)*0x10 + 0x2)
  35:calypso/dma.c **** #define DMA_AAD(x)		DMA_REG((x)*0x10 + 0x4)
  36:calypso/dma.c **** #define DMA_ALGTH(x)		DMA_REG((x)*0x10 + 0x6)
  37:calypso/dma.c **** #define DMA_CTRL(x)		DMA_REG((x)*0x10 + 0x8)
  38:calypso/dma.c **** #define DMA_CUR_OFF_API(x)	DMA_REG((x)*0x10 + 0xa)
  39:calypso/dma.c **** 
  40:calypso/dma.c **** void dma_init(void)
  41:calypso/dma.c **** {
  18              		.loc 1 41 0
  19              		.cfi_startproc
  20              		@ args = 0, pretend = 0, frame = 0
  21              		@ frame_needed = 0, uses_anonymous_args = 0
  22              		@ link register save eliminated.
  42:calypso/dma.c **** 	/* DMA 1 (RIF Tx), 2 (RIF Rx) allocated to DSP, all others to ARM */
  43:calypso/dma.c **** 	writew(0x000c, DMA_REG(ALLOC_CONFIG));
  23              		.loc 1 43 0
  24 0000 033CE0E3 		mvn	r3, #768
  25 0004 0C20A0E3 		mov	r2, #12	@ movhi
  26 0008 BD2F43E1 		strh	r2, [r3, #-253]	@ movhi
  44:calypso/dma.c **** }
  27              		.loc 1 44 0
  28 000c 1EFF2FE1 		bx	lr
  29              		.cfi_endproc
  30              	.LFE0:
  32              		.text
  33              	.Letext0:
DEFINED SYMBOLS
                            *ABS*:0000000000000000 dma.c
     /tmp/ccM8HwYy.s:12     .text.dma_init:0000000000000000 $a
     /tmp/ccM8HwYy.s:15     .text.dma_init:0000000000000000 dma_init
                     .debug_frame:0000000000000010 $d

NO UNDEFINED SYMBOLS
